2023-11-18 13:29:06,181 Namespace(out_dir='out', frequent=10, eval_interval=1, gpu=True, num_workers=0)
2023-11-18 13:29:06,486 => load 200 samples
2023-11-18 13:29:06,487 => load 200 samples
2023-11-18 13:29:06,766 Epoch: [0][0/200]	Time 0.278s (0.278s)	Speed 115.0 samples/s	Data 0.018s (0.018s)	Loss 2.54372 (2.54372)
2023-11-18 13:29:06,846 Epoch: [0][10/200]	Time 0.008s (0.033s)	Speed 3999.8 samples/s	Data 0.003s (0.004s)	Loss 2.02645 (2.23443)
2023-11-18 13:29:06,924 Epoch: [0][20/200]	Time 0.007s (0.021s)	Speed 4571.3 samples/s	Data 0.003s (0.004s)	Loss 1.77320 (2.06575)
2023-11-18 13:29:07,004 Epoch: [0][30/200]	Time 0.008s (0.017s)	Speed 4000.1 samples/s	Data 0.003s (0.003s)	Loss 1.53776 (1.92695)
2023-11-18 13:29:07,090 Epoch: [0][40/200]	Time 0.008s (0.015s)	Speed 4000.1 samples/s	Data 0.003s (0.004s)	Loss 1.34464 (1.80681)
2023-11-18 13:29:07,167 Epoch: [0][50/200]	Time 0.007s (0.013s)	Speed 4571.4 samples/s	Data 0.002s (0.003s)	Loss 1.16898 (1.69915)
2023-11-18 13:29:07,245 Epoch: [0][60/200]	Time 0.008s (0.012s)	Speed 4000.2 samples/s	Data 0.003s (0.003s)	Loss 1.02486 (1.59921)
2023-11-18 13:29:07,322 Epoch: [0][70/200]	Time 0.007s (0.012s)	Speed 4571.3 samples/s	Data 0.002s (0.003s)	Loss 0.87459 (1.50884)
2023-11-18 13:29:07,397 Epoch: [0][80/200]	Time 0.007s (0.011s)	Speed 4571.9 samples/s	Data 0.002s (0.003s)	Loss 0.78398 (1.42481)
2023-11-18 13:29:07,477 Epoch: [0][90/200]	Time 0.007s (0.011s)	Speed 4571.6 samples/s	Data 0.002s (0.003s)	Loss 0.68777 (1.34764)
2023-11-18 13:29:07,556 Epoch: [0][100/200]	Time 0.008s (0.011s)	Speed 4000.1 samples/s	Data 0.003s (0.003s)	Loss 0.57710 (1.27581)
2023-11-18 13:29:07,635 Epoch: [0][110/200]	Time 0.008s (0.010s)	Speed 4001.0 samples/s	Data 0.003s (0.003s)	Loss 0.49569 (1.20918)
2023-11-18 13:29:07,712 Epoch: [0][120/200]	Time 0.007s (0.010s)	Speed 4571.3 samples/s	Data 0.003s (0.003s)	Loss 0.42095 (1.14828)
2023-11-18 13:29:07,789 Epoch: [0][130/200]	Time 0.007s (0.010s)	Speed 4570.8 samples/s	Data 0.003s (0.003s)	Loss 0.42358 (1.09230)
2023-11-18 13:29:07,866 Epoch: [0][140/200]	Time 0.008s (0.010s)	Speed 4000.1 samples/s	Data 0.003s (0.003s)	Loss 0.37808 (1.04267)
2023-11-18 13:29:07,942 Epoch: [0][150/200]	Time 0.007s (0.010s)	Speed 4571.6 samples/s	Data 0.003s (0.003s)	Loss 0.36342 (0.99686)
2023-11-18 13:29:08,020 Epoch: [0][160/200]	Time 0.007s (0.010s)	Speed 4571.4 samples/s	Data 0.003s (0.003s)	Loss 0.33713 (0.95572)
2023-11-18 13:29:08,096 Epoch: [0][170/200]	Time 0.007s (0.009s)	Speed 4571.4 samples/s	Data 0.003s (0.003s)	Loss 0.32679 (0.91825)
2023-11-18 13:29:08,172 Epoch: [0][180/200]	Time 0.008s (0.009s)	Speed 3999.8 samples/s	Data 0.003s (0.003s)	Loss 0.30053 (0.88447)
2023-11-18 13:29:08,252 Epoch: [0][190/200]	Time 0.008s (0.009s)	Speed 3999.9 samples/s	Data 0.003s (0.003s)	Loss 0.26613 (0.85274)
2023-11-18 13:29:09,632 Test: [0/200]	Time 1.312 (1.312)	Loss 0.6668 (0.6668)
2023-11-18 13:29:09,663 Test: [10/200]	Time 0.003 (0.122)	Loss 0.2170 (0.5702)
2023-11-18 13:29:09,694 Test: [20/200]	Time 0.003 (0.065)	Loss 0.4096 (0.5855)
2023-11-18 13:29:09,724 Test: [30/200]	Time 0.003 (0.045)	Loss 0.8771 (0.6041)
2023-11-18 13:29:09,756 Test: [40/200]	Time 0.004 (0.035)	Loss 0.6073 (0.6292)
2023-11-18 13:29:09,786 Test: [50/200]	Time 0.002 (0.029)	Loss 0.7373 (0.6330)
2023-11-18 13:29:09,817 Test: [60/200]	Time 0.003 (0.025)	Loss 0.7184 (0.6334)
2023-11-18 13:29:09,848 Test: [70/200]	Time 0.003 (0.022)	Loss 0.6245 (0.6329)
2023-11-18 13:29:09,879 Test: [80/200]	Time 0.003 (0.019)	Loss 0.7865 (0.6243)
2023-11-18 13:29:09,909 Test: [90/200]	Time 0.003 (0.017)	Loss 0.7970 (0.6294)
2023-11-18 13:29:09,940 Test: [100/200]	Time 0.003 (0.016)	Loss 0.8417 (0.6290)
2023-11-18 13:29:09,971 Test: [110/200]	Time 0.003 (0.015)	Loss 0.7505 (0.6297)
2023-11-18 13:29:10,002 Test: [120/200]	Time 0.003 (0.014)	Loss 0.7878 (0.6245)
2023-11-18 13:29:10,032 Test: [130/200]	Time 0.003 (0.013)	Loss 0.5895 (0.6310)
2023-11-18 13:29:10,066 Test: [140/200]	Time 0.004 (0.012)	Loss 0.5559 (0.6290)
2023-11-18 13:29:10,095 Test: [150/200]	Time 0.003 (0.012)	Loss 0.6865 (0.6264)
2023-11-18 13:29:10,127 Test: [160/200]	Time 0.002 (0.011)	Loss 0.6310 (0.6262)
2023-11-18 13:29:10,157 Test: [170/200]	Time 0.003 (0.011)	Loss 0.4766 (0.6226)
2023-11-18 13:29:10,188 Test: [180/200]	Time 0.003 (0.010)	Loss 0.4830 (0.6188)
2023-11-18 13:29:10,218 Test: [190/200]	Time 0.003 (0.010)	Loss 0.5286 (0.6204)
2023-11-18 13:29:10,869 Mean IoU score: 0.095
2023-11-18 13:29:10,872 => saving checkpoint to out
2023-11-18 13:29:10,899 Epoch: [1][0/200]	Time 0.009s (0.009s)	Speed 3554.9 samples/s	Data 0.004s (0.004s)	Loss 0.26551 (0.26551)
2023-11-18 13:29:10,983 Epoch: [1][10/200]	Time 0.008s (0.008s)	Speed 3999.9 samples/s	Data 0.003s (0.004s)	Loss 0.27064 (0.27662)
2023-11-18 13:29:11,061 Epoch: [1][20/200]	Time 0.007s (0.008s)	Speed 4571.4 samples/s	Data 0.002s (0.003s)	Loss 0.33246 (0.27268)
2023-11-18 13:29:11,140 Epoch: [1][30/200]	Time 0.008s (0.008s)	Speed 3999.9 samples/s	Data 0.003s (0.003s)	Loss 0.21495 (0.26841)
2023-11-18 13:29:11,219 Epoch: [1][40/200]	Time 0.008s (0.008s)	Speed 3999.9 samples/s	Data 0.003s (0.003s)	Loss 0.23562 (0.26118)
2023-11-18 13:29:11,298 Epoch: [1][50/200]	Time 0.007s (0.008s)	Speed 4571.4 samples/s	Data 0.003s (0.003s)	Loss 0.20971 (0.25648)
2023-11-18 13:29:11,373 Epoch: [1][60/200]	Time 0.007s (0.008s)	Speed 4571.4 samples/s	Data 0.003s (0.003s)	Loss 0.22864 (0.25209)
2023-11-18 13:29:11,448 Epoch: [1][70/200]	Time 0.008s (0.008s)	Speed 4000.1 samples/s	Data 0.003s (0.003s)	Loss 0.21872 (0.24716)
2023-11-18 13:29:11,523 Epoch: [1][80/200]	Time 0.007s (0.008s)	Speed 4570.7 samples/s	Data 0.002s (0.003s)	Loss 0.17642 (0.24148)
2023-11-18 13:29:11,597 Epoch: [1][90/200]	Time 0.007s (0.008s)	Speed 4571.3 samples/s	Data 0.003s (0.003s)	Loss 0.19899 (0.23669)
2023-11-18 13:29:11,674 Epoch: [1][100/200]	Time 0.007s (0.008s)	Speed 4571.3 samples/s	Data 0.003s (0.003s)	Loss 0.19158 (0.23426)
2023-11-18 13:29:11,751 Epoch: [1][110/200]	Time 0.008s (0.008s)	Speed 3999.9 samples/s	Data 0.003s (0.003s)	Loss 0.18612 (0.23107)
2023-11-18 13:29:11,827 Epoch: [1][120/200]	Time 0.008s (0.008s)	Speed 3999.9 samples/s	Data 0.003s (0.003s)	Loss 0.17448 (0.22749)
2023-11-18 13:29:11,904 Epoch: [1][130/200]	Time 0.007s (0.008s)	Speed 4571.6 samples/s	Data 0.003s (0.003s)	Loss 0.17442 (0.22406)
2023-11-18 13:29:11,981 Epoch: [1][140/200]	Time 0.007s (0.008s)	Speed 4571.4 samples/s	Data 0.003s (0.003s)	Loss 0.21703 (0.22111)
2023-11-18 13:29:12,057 Epoch: [1][150/200]	Time 0.007s (0.008s)	Speed 4571.6 samples/s	Data 0.003s (0.003s)	Loss 0.15964 (0.21815)
2023-11-18 13:29:12,135 Epoch: [1][160/200]	Time 0.008s (0.008s)	Speed 4000.2 samples/s	Data 0.004s (0.003s)	Loss 0.18148 (0.21580)
2023-11-18 13:29:12,212 Epoch: [1][170/200]	Time 0.007s (0.008s)	Speed 4571.3 samples/s	Data 0.003s (0.003s)	Loss 0.16656 (0.21356)
2023-11-18 13:29:12,292 Epoch: [1][180/200]	Time 0.007s (0.008s)	Speed 4571.8 samples/s	Data 0.003s (0.003s)	Loss 0.18970 (0.21159)
2023-11-18 13:29:12,368 Epoch: [1][190/200]	Time 0.007s (0.008s)	Speed 4571.4 samples/s	Data 0.003s (0.003s)	Loss 0.17107 (0.20983)
2023-11-18 13:29:13,727 Test: [0/200]	Time 1.288 (1.288)	Loss 0.4835 (0.4835)
2023-11-18 13:29:13,755 Test: [10/200]	Time 0.003 (0.120)	Loss 0.1402 (0.4039)
2023-11-18 13:29:13,785 Test: [20/200]	Time 0.003 (0.064)	Loss 0.3065 (0.4097)
2023-11-18 13:29:13,815 Test: [30/200]	Time 0.003 (0.044)	Loss 0.5991 (0.4223)
2023-11-18 13:29:13,846 Test: [40/200]	Time 0.003 (0.034)	Loss 0.3948 (0.4395)
2023-11-18 13:29:13,877 Test: [50/200]	Time 0.003 (0.028)	Loss 0.5481 (0.4403)
2023-11-18 13:29:13,908 Test: [60/200]	Time 0.003 (0.024)	Loss 0.5031 (0.4414)
2023-11-18 13:29:13,939 Test: [70/200]	Time 0.003 (0.021)	Loss 0.4395 (0.4414)
2023-11-18 13:29:13,971 Test: [80/200]	Time 0.002 (0.019)	Loss 0.5822 (0.4355)
2023-11-18 13:29:14,001 Test: [90/200]	Time 0.003 (0.017)	Loss 0.6003 (0.4395)
2023-11-18 13:29:14,033 Test: [100/200]	Time 0.003 (0.016)	Loss 0.6511 (0.4388)
2023-11-18 13:29:14,063 Test: [110/200]	Time 0.003 (0.015)	Loss 0.5377 (0.4393)
2023-11-18 13:29:14,096 Test: [120/200]	Time 0.003 (0.014)	Loss 0.5292 (0.4345)
2023-11-18 13:29:14,127 Test: [130/200]	Time 0.003 (0.013)	Loss 0.3966 (0.4396)
2023-11-18 13:29:14,159 Test: [140/200]	Time 0.003 (0.012)	Loss 0.4582 (0.4387)
2023-11-18 13:29:14,191 Test: [150/200]	Time 0.003 (0.012)	Loss 0.4513 (0.4356)
2023-11-18 13:29:14,223 Test: [160/200]	Time 0.003 (0.011)	Loss 0.4708 (0.4352)
2023-11-18 13:29:14,254 Test: [170/200]	Time 0.003 (0.011)	Loss 0.3160 (0.4318)
2023-11-18 13:29:14,286 Test: [180/200]	Time 0.003 (0.010)	Loss 0.3137 (0.4288)
2023-11-18 13:29:14,316 Test: [190/200]	Time 0.003 (0.010)	Loss 0.3160 (0.4302)
2023-11-18 13:29:14,964 Mean IoU score: 0.158
2023-11-18 13:29:14,966 => saving checkpoint to out
2023-11-18 13:29:14,997 Epoch: [2][0/200]	Time 0.011s (0.011s)	Speed 2907.3 samples/s	Data 0.004s (0.004s)	Loss 0.15489 (0.15489)
2023-11-18 13:29:15,101 Epoch: [2][10/200]	Time 0.009s (0.010s)	Speed 3555.9 samples/s	Data 0.003s (0.003s)	Loss 0.17723 (0.17058)
2023-11-18 13:29:15,204 Epoch: [2][20/200]	Time 0.010s (0.010s)	Speed 3200.0 samples/s	Data 0.003s (0.003s)	Loss 0.18100 (0.16711)
2023-11-18 13:29:15,288 Epoch: [2][30/200]	Time 0.008s (0.010s)	Speed 4000.1 samples/s	Data 0.003s (0.003s)	Loss 0.15114 (0.16151)
2023-11-18 13:29:15,365 Epoch: [2][40/200]	Time 0.008s (0.009s)	Speed 3999.6 samples/s	Data 0.003s (0.003s)	Loss 0.15124 (0.16105)
2023-11-18 13:29:15,441 Epoch: [2][50/200]	Time 0.008s (0.009s)	Speed 4000.4 samples/s	Data 0.003s (0.003s)	Loss 0.14730 (0.16052)
2023-11-18 13:29:15,516 Epoch: [2][60/200]	Time 0.007s (0.009s)	Speed 4571.4 samples/s	Data 0.002s (0.003s)	Loss 0.15138 (0.15958)
2023-11-18 13:29:15,593 Epoch: [2][70/200]	Time 0.007s (0.009s)	Speed 4571.6 samples/s	Data 0.003s (0.003s)	Loss 0.16010 (0.15738)
2023-11-18 13:29:15,674 Epoch: [2][80/200]	Time 0.008s (0.008s)	Speed 3999.9 samples/s	Data 0.003s (0.003s)	Loss 0.13562 (0.15616)
2023-11-18 13:29:15,753 Epoch: [2][90/200]	Time 0.007s (0.008s)	Speed 4571.4 samples/s	Data 0.003s (0.003s)	Loss 0.13897 (0.15501)
2023-11-18 13:29:15,833 Epoch: [2][100/200]	Time 0.008s (0.008s)	Speed 4000.2 samples/s	Data 0.003s (0.003s)	Loss 0.15719 (0.15346)
2023-11-18 13:29:15,918 Epoch: [2][110/200]	Time 0.008s (0.008s)	Speed 4001.1 samples/s	Data 0.003s (0.003s)	Loss 0.13385 (0.15367)
2023-11-18 13:29:15,997 Epoch: [2][120/200]	Time 0.007s (0.008s)	Speed 4571.1 samples/s	Data 0.003s (0.003s)	Loss 0.17103 (0.15244)
2023-11-18 13:29:16,076 Epoch: [2][130/200]	Time 0.007s (0.008s)	Speed 4571.3 samples/s	Data 0.003s (0.003s)	Loss 0.15501 (0.15177)
2023-11-18 13:29:16,153 Epoch: [2][140/200]	Time 0.007s (0.008s)	Speed 4571.6 samples/s	Data 0.002s (0.003s)	Loss 0.14481 (0.15074)
2023-11-18 13:29:16,230 Epoch: [2][150/200]	Time 0.007s (0.008s)	Speed 4570.8 samples/s	Data 0.003s (0.003s)	Loss 0.11474 (0.15009)
2023-11-18 13:29:16,309 Epoch: [2][160/200]	Time 0.007s (0.008s)	Speed 4571.1 samples/s	Data 0.003s (0.003s)	Loss 0.11742 (0.14880)
2023-11-18 13:29:16,386 Epoch: [2][170/200]	Time 0.007s (0.008s)	Speed 4360.8 samples/s	Data 0.003s (0.003s)	Loss 0.14237 (0.14797)
2023-11-18 13:29:16,463 Epoch: [2][180/200]	Time 0.007s (0.008s)	Speed 4571.1 samples/s	Data 0.003s (0.003s)	Loss 0.13893 (0.14669)
2023-11-18 13:29:16,542 Epoch: [2][190/200]	Time 0.008s (0.008s)	Speed 4000.3 samples/s	Data 0.003s (0.003s)	Loss 0.12825 (0.14566)
2023-11-18 13:29:17,990 Test: [0/200]	Time 1.371 (1.371)	Loss 0.4176 (0.4176)
2023-11-18 13:29:18,020 Test: [10/200]	Time 0.002 (0.127)	Loss 0.0994 (0.3210)
2023-11-18 13:29:18,054 Test: [20/200]	Time 0.003 (0.068)	Loss 0.2234 (0.3267)
2023-11-18 13:29:18,084 Test: [30/200]	Time 0.003 (0.047)	Loss 0.5115 (0.3366)
2023-11-18 13:29:18,118 Test: [40/200]	Time 0.004 (0.037)	Loss 0.3241 (0.3497)
2023-11-18 13:29:18,150 Test: [50/200]	Time 0.003 (0.030)	Loss 0.4442 (0.3500)
2023-11-18 13:29:18,186 Test: [60/200]	Time 0.004 (0.026)	Loss 0.4273 (0.3529)
2023-11-18 13:29:18,216 Test: [70/200]	Time 0.003 (0.022)	Loss 0.3477 (0.3510)
2023-11-18 13:29:18,248 Test: [80/200]	Time 0.003 (0.020)	Loss 0.4234 (0.3454)
2023-11-18 13:29:18,280 Test: [90/200]	Time 0.004 (0.018)	Loss 0.4600 (0.3492)
2023-11-18 13:29:18,311 Test: [100/200]	Time 0.004 (0.017)	Loss 0.5141 (0.3496)
2023-11-18 13:29:18,342 Test: [110/200]	Time 0.003 (0.016)	Loss 0.4068 (0.3502)
2023-11-18 13:29:18,374 Test: [120/200]	Time 0.003 (0.015)	Loss 0.4200 (0.3468)
2023-11-18 13:29:18,404 Test: [130/200]	Time 0.003 (0.014)	Loss 0.3186 (0.3499)
2023-11-18 13:29:18,438 Test: [140/200]	Time 0.003 (0.013)	Loss 0.3025 (0.3485)
2023-11-18 13:29:18,470 Test: [150/200]	Time 0.003 (0.012)	Loss 0.3542 (0.3459)
2023-11-18 13:29:18,503 Test: [160/200]	Time 0.003 (0.012)	Loss 0.3619 (0.3455)
2023-11-18 13:29:18,536 Test: [170/200]	Time 0.003 (0.011)	Loss 0.2790 (0.3423)
2023-11-18 13:29:18,570 Test: [180/200]	Time 0.004 (0.011)	Loss 0.2787 (0.3397)
2023-11-18 13:29:18,602 Test: [190/200]	Time 0.004 (0.010)	Loss 0.2701 (0.3404)
2023-11-18 13:29:19,254 Mean IoU score: 0.289
2023-11-18 13:29:19,256 => saving checkpoint to out
2023-11-18 13:29:19,289 Epoch: [3][0/200]	Time 0.012s (0.012s)	Speed 2666.9 samples/s	Data 0.004s (0.004s)	Loss 0.12515 (0.12515)
2023-11-18 13:29:19,392 Epoch: [3][10/200]	Time 0.009s (0.010s)	Speed 3555.4 samples/s	Data 0.003s (0.003s)	Loss 0.11877 (0.12665)
2023-11-18 13:29:19,484 Epoch: [3][20/200]	Time 0.009s (0.010s)	Speed 3583.0 samples/s	Data 0.003s (0.003s)	Loss 0.17625 (0.12443)
2023-11-18 13:29:19,569 Epoch: [3][30/200]	Time 0.008s (0.009s)	Speed 4000.1 samples/s	Data 0.002s (0.003s)	Loss 0.09967 (0.12523)
2023-11-18 13:29:19,652 Epoch: [3][40/200]	Time 0.007s (0.009s)	Speed 4571.1 samples/s	Data 0.003s (0.003s)	Loss 0.12900 (0.12431)
2023-11-18 13:29:19,729 Epoch: [3][50/200]	Time 0.007s (0.009s)	Speed 4560.3 samples/s	Data 0.003s (0.003s)	Loss 0.10285 (0.12365)
2023-11-18 13:29:19,807 Epoch: [3][60/200]	Time 0.008s (0.009s)	Speed 4000.2 samples/s	Data 0.003s (0.003s)	Loss 0.11058 (0.12211)
2023-11-18 13:29:19,886 Epoch: [3][70/200]	Time 0.008s (0.009s)	Speed 4000.1 samples/s	Data 0.003s (0.003s)	Loss 0.11832 (0.12218)
2023-11-18 13:29:19,963 Epoch: [3][80/200]	Time 0.007s (0.008s)	Speed 4571.6 samples/s	Data 0.003s (0.003s)	Loss 0.09237 (0.12142)
2023-11-18 13:29:20,042 Epoch: [3][90/200]	Time 0.008s (0.008s)	Speed 4001.0 samples/s	Data 0.003s (0.003s)	Loss 0.11243 (0.12109)
2023-11-18 13:29:20,120 Epoch: [3][100/200]	Time 0.007s (0.008s)	Speed 4571.3 samples/s	Data 0.003s (0.003s)	Loss 0.11282 (0.12077)
2023-11-18 13:29:20,199 Epoch: [3][110/200]	Time 0.007s (0.008s)	Speed 4571.4 samples/s	Data 0.003s (0.003s)	Loss 0.10472 (0.12045)
2023-11-18 13:29:20,280 Epoch: [3][120/200]	Time 0.008s (0.008s)	Speed 4000.2 samples/s	Data 0.003s (0.003s)	Loss 0.12369 (0.12011)
2023-11-18 13:29:20,357 Epoch: [3][130/200]	Time 0.008s (0.008s)	Speed 3999.9 samples/s	Data 0.003s (0.003s)	Loss 0.12962 (0.11987)
2023-11-18 13:29:20,434 Epoch: [3][140/200]	Time 0.008s (0.008s)	Speed 3999.8 samples/s	Data 0.003s (0.003s)	Loss 0.11815 (0.11934)
2023-11-18 13:29:20,512 Epoch: [3][150/200]	Time 0.008s (0.008s)	Speed 3999.9 samples/s	Data 0.003s (0.003s)	Loss 0.09245 (0.11935)
2023-11-18 13:29:20,591 Epoch: [3][160/200]	Time 0.008s (0.008s)	Speed 4000.1 samples/s	Data 0.003s (0.003s)	Loss 0.11095 (0.11938)
2023-11-18 13:29:20,666 Epoch: [3][170/200]	Time 0.007s (0.008s)	Speed 4571.4 samples/s	Data 0.003s (0.003s)	Loss 0.12740 (0.11911)
2023-11-18 13:29:20,743 Epoch: [3][180/200]	Time 0.007s (0.008s)	Speed 4571.8 samples/s	Data 0.003s (0.003s)	Loss 0.13428 (0.11872)
2023-11-18 13:29:20,820 Epoch: [3][190/200]	Time 0.008s (0.008s)	Speed 4000.1 samples/s	Data 0.003s (0.003s)	Loss 0.08813 (0.11819)
2023-11-18 13:29:22,170 Test: [0/200]	Time 1.281 (1.281)	Loss 0.3624 (0.3624)
2023-11-18 13:29:22,199 Test: [10/200]	Time 0.003 (0.119)	Loss 0.0815 (0.2895)
2023-11-18 13:29:22,228 Test: [20/200]	Time 0.003 (0.064)	Loss 0.1851 (0.3014)
2023-11-18 13:29:22,258 Test: [30/200]	Time 0.003 (0.044)	Loss 0.5032 (0.3135)
2023-11-18 13:29:22,289 Test: [40/200]	Time 0.004 (0.034)	Loss 0.3404 (0.3294)
2023-11-18 13:29:22,318 Test: [50/200]	Time 0.003 (0.028)	Loss 0.4432 (0.3285)
2023-11-18 13:29:22,347 Test: [60/200]	Time 0.003 (0.024)	Loss 0.3746 (0.3313)
2023-11-18 13:29:22,379 Test: [70/200]	Time 0.003 (0.021)	Loss 0.3484 (0.3318)
2023-11-18 13:29:22,409 Test: [80/200]	Time 0.003 (0.019)	Loss 0.4082 (0.3256)
2023-11-18 13:29:22,440 Test: [90/200]	Time 0.003 (0.017)	Loss 0.4101 (0.3286)
2023-11-18 13:29:22,473 Test: [100/200]	Time 0.003 (0.016)	Loss 0.4514 (0.3287)
2023-11-18 13:29:22,503 Test: [110/200]	Time 0.003 (0.015)	Loss 0.4074 (0.3295)
2023-11-18 13:29:22,534 Test: [120/200]	Time 0.003 (0.014)	Loss 0.3879 (0.3265)
2023-11-18 13:29:22,566 Test: [130/200]	Time 0.003 (0.013)	Loss 0.3026 (0.3300)
2023-11-18 13:29:22,598 Test: [140/200]	Time 0.003 (0.012)	Loss 0.2810 (0.3288)
2023-11-18 13:29:22,630 Test: [150/200]	Time 0.003 (0.012)	Loss 0.3466 (0.3262)
2023-11-18 13:29:22,666 Test: [160/200]	Time 0.003 (0.011)	Loss 0.3370 (0.3258)
2023-11-18 13:29:22,699 Test: [170/200]	Time 0.003 (0.011)	Loss 0.2647 (0.3231)
2023-11-18 13:29:22,732 Test: [180/200]	Time 0.003 (0.010)	Loss 0.2442 (0.3209)
2023-11-18 13:29:22,769 Test: [190/200]	Time 0.004 (0.010)	Loss 0.2752 (0.3222)
2023-11-18 13:29:23,451 Mean IoU score: 0.391
2023-11-18 13:29:23,453 => saving checkpoint to out
2023-11-18 13:29:23,482 Epoch: [4][0/200]	Time 0.011s (0.011s)	Speed 2909.0 samples/s	Data 0.003s (0.003s)	Loss 0.11544 (0.11544)
2023-11-18 13:29:23,591 Epoch: [4][10/200]	Time 0.011s (0.011s)	Speed 2909.0 samples/s	Data 0.004s (0.003s)	Loss 0.10024 (0.10861)
2023-11-18 13:29:23,689 Epoch: [4][20/200]	Time 0.010s (0.010s)	Speed 3199.9 samples/s	Data 0.003s (0.003s)	Loss 0.09369 (0.10388)
2023-11-18 13:29:23,782 Epoch: [4][30/200]	Time 0.008s (0.010s)	Speed 4000.2 samples/s	Data 0.003s (0.003s)	Loss 0.09923 (0.10449)
2023-11-18 13:29:23,866 Epoch: [4][40/200]	Time 0.007s (0.010s)	Speed 4571.1 samples/s	Data 0.003s (0.003s)	Loss 0.10599 (0.10514)
2023-11-18 13:29:23,947 Epoch: [4][50/200]	Time 0.008s (0.009s)	Speed 3999.9 samples/s	Data 0.003s (0.003s)	Loss 0.09708 (0.10477)
2023-11-18 13:29:24,026 Epoch: [4][60/200]	Time 0.008s (0.009s)	Speed 4000.5 samples/s	Data 0.003s (0.003s)	Loss 0.07831 (0.10300)
2023-11-18 13:29:24,102 Epoch: [4][70/200]	Time 0.007s (0.009s)	Speed 4571.6 samples/s	Data 0.002s (0.003s)	Loss 0.11048 (0.10395)
2023-11-18 13:29:24,177 Epoch: [4][80/200]	Time 0.007s (0.009s)	Speed 4571.1 samples/s	Data 0.003s (0.003s)	Loss 0.10015 (0.10375)
2023-11-18 13:29:24,253 Epoch: [4][90/200]	Time 0.007s (0.009s)	Speed 4571.3 samples/s	Data 0.003s (0.003s)	Loss 0.09637 (0.10302)
2023-11-18 13:29:24,329 Epoch: [4][100/200]	Time 0.007s (0.008s)	Speed 4571.4 samples/s	Data 0.003s (0.003s)	Loss 0.11187 (0.10285)
2023-11-18 13:29:24,403 Epoch: [4][110/200]	Time 0.007s (0.008s)	Speed 4571.4 samples/s	Data 0.003s (0.003s)	Loss 0.10945 (0.10307)
2023-11-18 13:29:24,479 Epoch: [4][120/200]	Time 0.008s (0.008s)	Speed 3999.9 samples/s	Data 0.003s (0.003s)	Loss 0.09988 (0.10279)
2023-11-18 13:29:24,556 Epoch: [4][130/200]	Time 0.007s (0.008s)	Speed 4571.4 samples/s	Data 0.003s (0.003s)	Loss 0.09842 (0.10274)
2023-11-18 13:29:24,632 Epoch: [4][140/200]	Time 0.007s (0.008s)	Speed 4571.3 samples/s	Data 0.003s (0.003s)	Loss 0.09971 (0.10320)
2023-11-18 13:29:24,711 Epoch: [4][150/200]	Time 0.008s (0.008s)	Speed 4259.1 samples/s	Data 0.003s (0.003s)	Loss 0.08574 (0.10302)
2023-11-18 13:29:24,787 Epoch: [4][160/200]	Time 0.007s (0.008s)	Speed 4571.6 samples/s	Data 0.003s (0.003s)	Loss 0.09336 (0.10217)
2023-11-18 13:29:24,865 Epoch: [4][170/200]	Time 0.007s (0.008s)	Speed 4571.4 samples/s	Data 0.003s (0.003s)	Loss 0.09096 (0.10189)
2023-11-18 13:29:24,941 Epoch: [4][180/200]	Time 0.007s (0.008s)	Speed 4570.0 samples/s	Data 0.002s (0.003s)	Loss 0.12059 (0.10178)
2023-11-18 13:29:25,017 Epoch: [4][190/200]	Time 0.008s (0.008s)	Speed 3999.9 samples/s	Data 0.003s (0.003s)	Loss 0.10800 (0.10147)
2023-11-18 13:29:26,470 Test: [0/200]	Time 1.381 (1.381)	Loss 0.3461 (0.3461)
2023-11-18 13:29:26,500 Test: [10/200]	Time 0.003 (0.128)	Loss 0.0898 (0.2844)
2023-11-18 13:29:26,531 Test: [20/200]	Time 0.004 (0.069)	Loss 0.1820 (0.2862)
2023-11-18 13:29:26,565 Test: [30/200]	Time 0.004 (0.048)	Loss 0.4094 (0.2937)
2023-11-18 13:29:26,597 Test: [40/200]	Time 0.003 (0.037)	Loss 0.2733 (0.3086)
2023-11-18 13:29:26,626 Test: [50/200]	Time 0.002 (0.030)	Loss 0.3954 (0.3096)
2023-11-18 13:29:26,660 Test: [60/200]	Time 0.003 (0.026)	Loss 0.3693 (0.3111)
2023-11-18 13:29:26,690 Test: [70/200]	Time 0.003 (0.023)	Loss 0.3398 (0.3124)
2023-11-18 13:29:26,724 Test: [80/200]	Time 0.004 (0.020)	Loss 0.3721 (0.3064)
2023-11-18 13:29:26,755 Test: [90/200]	Time 0.003 (0.018)	Loss 0.3743 (0.3102)
2023-11-18 13:29:26,788 Test: [100/200]	Time 0.003 (0.017)	Loss 0.4422 (0.3093)
2023-11-18 13:29:26,819 Test: [110/200]	Time 0.003 (0.016)	Loss 0.4025 (0.3107)
2023-11-18 13:29:26,853 Test: [120/200]	Time 0.004 (0.015)	Loss 0.3448 (0.3070)
2023-11-18 13:29:26,885 Test: [130/200]	Time 0.003 (0.014)	Loss 0.3025 (0.3103)
2023-11-18 13:29:26,918 Test: [140/200]	Time 0.004 (0.013)	Loss 0.2462 (0.3092)
2023-11-18 13:29:26,948 Test: [150/200]	Time 0.003 (0.012)	Loss 0.3035 (0.3064)
2023-11-18 13:29:26,983 Test: [160/200]	Time 0.004 (0.012)	Loss 0.3222 (0.3063)
2023-11-18 13:29:27,014 Test: [170/200]	Time 0.002 (0.011)	Loss 0.2293 (0.3035)
2023-11-18 13:29:27,044 Test: [180/200]	Time 0.003 (0.011)	Loss 0.2211 (0.3011)
2023-11-18 13:29:27,075 Test: [190/200]	Time 0.003 (0.010)	Loss 0.2274 (0.3029)
2023-11-18 13:29:27,751 Mean IoU score: 0.422
2023-11-18 13:29:27,753 => saving checkpoint to out
2023-11-18 13:29:27,784 Epoch: [5][0/200]	Time 0.012s (0.012s)	Speed 2666.3 samples/s	Data 0.004s (0.004s)	Loss 0.07770 (0.07770)
2023-11-18 13:29:27,897 Epoch: [5][10/200]	Time 0.010s (0.011s)	Speed 3094.1 samples/s	Data 0.003s (0.003s)	Loss 0.07615 (0.09317)
2023-11-18 13:29:28,008 Epoch: [5][20/200]	Time 0.010s (0.011s)	Speed 3199.3 samples/s	Data 0.003s (0.004s)	Loss 0.09534 (0.09549)
2023-11-18 13:29:28,090 Epoch: [5][30/200]	Time 0.007s (0.010s)	Speed 4571.4 samples/s	Data 0.003s (0.003s)	Loss 0.11085 (0.09387)
2023-11-18 13:29:28,170 Epoch: [5][40/200]	Time 0.008s (0.010s)	Speed 3999.9 samples/s	Data 0.003s (0.003s)	Loss 0.09596 (0.09392)
2023-11-18 13:29:28,251 Epoch: [5][50/200]	Time 0.008s (0.009s)	Speed 4000.1 samples/s	Data 0.003s (0.003s)	Loss 0.09824 (0.09428)
2023-11-18 13:29:28,327 Epoch: [5][60/200]	Time 0.007s (0.009s)	Speed 4571.4 samples/s	Data 0.002s (0.003s)	Loss 0.07403 (0.09340)
2023-11-18 13:29:28,405 Epoch: [5][70/200]	Time 0.008s (0.009s)	Speed 4000.4 samples/s	Data 0.003s (0.003s)	Loss 0.08198 (0.09338)
2023-11-18 13:29:28,489 Epoch: [5][80/200]	Time 0.008s (0.009s)	Speed 3843.1 samples/s	Data 0.003s (0.003s)	Loss 0.08260 (0.09264)
2023-11-18 13:29:28,571 Epoch: [5][90/200]	Time 0.008s (0.009s)	Speed 4000.1 samples/s	Data 0.003s (0.003s)	Loss 0.07677 (0.09269)
2023-11-18 13:29:28,655 Epoch: [5][100/200]	Time 0.008s (0.009s)	Speed 4000.1 samples/s	Data 0.003s (0.003s)	Loss 0.10191 (0.09237)
2023-11-18 13:29:28,743 Epoch: [5][110/200]	Time 0.009s (0.009s)	Speed 3555.8 samples/s	Data 0.004s (0.003s)	Loss 0.09416 (0.09257)
2023-11-18 13:29:28,832 Epoch: [5][120/200]	Time 0.009s (0.009s)	Speed 3555.6 samples/s	Data 0.003s (0.003s)	Loss 0.09050 (0.09204)
2023-11-18 13:29:28,915 Epoch: [5][130/200]	Time 0.008s (0.009s)	Speed 3999.8 samples/s	Data 0.003s (0.003s)	Loss 0.10867 (0.09229)
2023-11-18 13:29:28,993 Epoch: [5][140/200]	Time 0.007s (0.009s)	Speed 4571.6 samples/s	Data 0.003s (0.003s)	Loss 0.10350 (0.09257)
2023-11-18 13:29:29,068 Epoch: [5][150/200]	Time 0.007s (0.009s)	Speed 4571.4 samples/s	Data 0.003s (0.003s)	Loss 0.10141 (0.09234)
2023-11-18 13:29:29,145 Epoch: [5][160/200]	Time 0.007s (0.009s)	Speed 4571.4 samples/s	Data 0.003s (0.003s)	Loss 0.09506 (0.09200)
2023-11-18 13:29:29,225 Epoch: [5][170/200]	Time 0.008s (0.008s)	Speed 3999.8 samples/s	Data 0.003s (0.003s)	Loss 0.09132 (0.09201)
2023-11-18 13:29:29,304 Epoch: [5][180/200]	Time 0.007s (0.008s)	Speed 4571.3 samples/s	Data 0.003s (0.003s)	Loss 0.08949 (0.09213)
2023-11-18 13:29:29,380 Epoch: [5][190/200]	Time 0.008s (0.008s)	Speed 4000.1 samples/s	Data 0.003s (0.003s)	Loss 0.07631 (0.09220)
2023-11-18 13:29:30,768 Test: [0/200]	Time 1.313 (1.313)	Loss 0.3555 (0.3555)
2023-11-18 13:29:30,802 Test: [10/200]	Time 0.003 (0.122)	Loss 0.0890 (0.2854)
2023-11-18 13:29:30,839 Test: [20/200]	Time 0.004 (0.066)	Loss 0.1952 (0.2869)
2023-11-18 13:29:30,873 Test: [30/200]	Time 0.003 (0.046)	Loss 0.4473 (0.2988)
2023-11-18 13:29:30,906 Test: [40/200]	Time 0.003 (0.035)	Loss 0.2642 (0.3112)
2023-11-18 13:29:30,940 Test: [50/200]	Time 0.003 (0.029)	Loss 0.4032 (0.3093)
2023-11-18 13:29:30,972 Test: [60/200]	Time 0.003 (0.025)	Loss 0.3839 (0.3154)
2023-11-18 13:29:31,007 Test: [70/200]	Time 0.004 (0.022)	Loss 0.3544 (0.3151)
2023-11-18 13:29:31,041 Test: [80/200]	Time 0.004 (0.020)	Loss 0.4101 (0.3109)
2023-11-18 13:29:31,075 Test: [90/200]	Time 0.003 (0.018)	Loss 0.4232 (0.3148)
2023-11-18 13:29:31,109 Test: [100/200]	Time 0.003 (0.016)	Loss 0.4695 (0.3142)
2023-11-18 13:29:31,141 Test: [110/200]	Time 0.003 (0.015)	Loss 0.3893 (0.3135)
2023-11-18 13:29:31,176 Test: [120/200]	Time 0.003 (0.014)	Loss 0.3482 (0.3094)
2023-11-18 13:29:31,209 Test: [130/200]	Time 0.003 (0.013)	Loss 0.2737 (0.3119)
2023-11-18 13:29:31,242 Test: [140/200]	Time 0.003 (0.013)	Loss 0.3027 (0.3109)
2023-11-18 13:29:31,275 Test: [150/200]	Time 0.004 (0.012)	Loss 0.2840 (0.3083)
2023-11-18 13:29:31,306 Test: [160/200]	Time 0.004 (0.011)	Loss 0.3214 (0.3082)
2023-11-18 13:29:31,337 Test: [170/200]	Time 0.003 (0.011)	Loss 0.2281 (0.3055)
2023-11-18 13:29:31,370 Test: [180/200]	Time 0.004 (0.011)	Loss 0.2332 (0.3027)
2023-11-18 13:29:31,402 Test: [190/200]	Time 0.004 (0.010)	Loss 0.2292 (0.3032)
2023-11-18 13:29:32,076 Mean IoU score: 0.361
2023-11-18 13:29:32,079 => saving checkpoint to out
2023-11-18 13:29:32,104 Epoch: [6][0/200]	Time 0.012s (0.012s)	Speed 2666.4 samples/s	Data 0.004s (0.004s)	Loss 0.08523 (0.08523)
2023-11-18 13:29:32,217 Epoch: [6][10/200]	Time 0.011s (0.011s)	Speed 2909.0 samples/s	Data 0.003s (0.003s)	Loss 0.10228 (0.08449)
2023-11-18 13:29:32,313 Epoch: [6][20/200]	Time 0.009s (0.011s)	Speed 3555.4 samples/s	Data 0.003s (0.003s)	Loss 0.07370 (0.08539)
2023-11-18 13:29:32,407 Epoch: [6][30/200]	Time 0.009s (0.010s)	Speed 3555.6 samples/s	Data 0.002s (0.003s)	Loss 0.07398 (0.08502)
2023-11-18 13:29:32,490 Epoch: [6][40/200]	Time 0.008s (0.010s)	Speed 4000.2 samples/s	Data 0.004s (0.003s)	Loss 0.08235 (0.08456)
2023-11-18 13:29:32,572 Epoch: [6][50/200]	Time 0.008s (0.009s)	Speed 4000.2 samples/s	Data 0.003s (0.003s)	Loss 0.07950 (0.08475)
2023-11-18 13:29:32,653 Epoch: [6][60/200]	Time 0.008s (0.009s)	Speed 3999.9 samples/s	Data 0.003s (0.003s)	Loss 0.06982 (0.08359)
2023-11-18 13:29:32,736 Epoch: [6][70/200]	Time 0.008s (0.009s)	Speed 3999.9 samples/s	Data 0.003s (0.003s)	Loss 0.07363 (0.08260)
2023-11-18 13:29:32,816 Epoch: [6][80/200]	Time 0.007s (0.009s)	Speed 4571.1 samples/s	Data 0.003s (0.003s)	Loss 0.07941 (0.08226)
2023-11-18 13:29:32,893 Epoch: [6][90/200]	Time 0.008s (0.009s)	Speed 3999.9 samples/s	Data 0.003s (0.003s)	Loss 0.08168 (0.08210)
2023-11-18 13:29:32,971 Epoch: [6][100/200]	Time 0.007s (0.009s)	Speed 4571.4 samples/s	Data 0.003s (0.003s)	Loss 0.08566 (0.08216)
2023-11-18 13:29:33,047 Epoch: [6][110/200]	Time 0.007s (0.009s)	Speed 4571.4 samples/s	Data 0.003s (0.003s)	Loss 0.07043 (0.08190)
2023-11-18 13:29:33,124 Epoch: [6][120/200]	Time 0.007s (0.009s)	Speed 4571.4 samples/s	Data 0.003s (0.003s)	Loss 0.09287 (0.08189)
2023-11-18 13:29:33,200 Epoch: [6][130/200]	Time 0.007s (0.008s)	Speed 4571.6 samples/s	Data 0.003s (0.003s)	Loss 0.06017 (0.08130)
2023-11-18 13:29:33,277 Epoch: [6][140/200]	Time 0.008s (0.008s)	Speed 4000.3 samples/s	Data 0.003s (0.003s)	Loss 0.07799 (0.08108)
2023-11-18 13:29:33,353 Epoch: [6][150/200]	Time 0.008s (0.008s)	Speed 3997.9 samples/s	Data 0.003s (0.003s)	Loss 0.08178 (0.08112)
2023-11-18 13:29:33,429 Epoch: [6][160/200]	Time 0.008s (0.008s)	Speed 3999.8 samples/s	Data 0.003s (0.003s)	Loss 0.09235 (0.08134)
2023-11-18 13:29:33,506 Epoch: [6][170/200]	Time 0.007s (0.008s)	Speed 4571.4 samples/s	Data 0.003s (0.003s)	Loss 0.08118 (0.08113)
2023-11-18 13:29:33,583 Epoch: [6][180/200]	Time 0.007s (0.008s)	Speed 4571.6 samples/s	Data 0.003s (0.003s)	Loss 0.05951 (0.08135)
2023-11-18 13:29:33,660 Epoch: [6][190/200]	Time 0.007s (0.008s)	Speed 4571.3 samples/s	Data 0.003s (0.003s)	Loss 0.08175 (0.08128)
2023-11-18 13:29:35,005 Test: [0/200]	Time 1.275 (1.275)	Loss 0.2918 (0.2918)
2023-11-18 13:29:35,059 Test: [10/200]	Time 0.005 (0.121)	Loss 0.0574 (0.2341)
2023-11-18 13:29:35,105 Test: [20/200]	Time 0.003 (0.065)	Loss 0.1499 (0.2394)
2023-11-18 13:29:35,136 Test: [30/200]	Time 0.003 (0.045)	Loss 0.3597 (0.2475)
2023-11-18 13:29:35,169 Test: [40/200]	Time 0.003 (0.035)	Loss 0.2230 (0.2585)
2023-11-18 13:29:35,201 Test: [50/200]	Time 0.002 (0.029)	Loss 0.3192 (0.2572)
2023-11-18 13:29:35,234 Test: [60/200]	Time 0.003 (0.025)	Loss 0.3100 (0.2587)
2023-11-18 13:29:35,265 Test: [70/200]	Time 0.003 (0.022)	Loss 0.2876 (0.2589)
2023-11-18 13:29:35,297 Test: [80/200]	Time 0.003 (0.019)	Loss 0.3280 (0.2534)
2023-11-18 13:29:35,331 Test: [90/200]	Time 0.003 (0.018)	Loss 0.2974 (0.2566)
2023-11-18 13:29:35,362 Test: [100/200]	Time 0.004 (0.016)	Loss 0.3627 (0.2562)
2023-11-18 13:29:35,392 Test: [110/200]	Time 0.003 (0.015)	Loss 0.3485 (0.2564)
2023-11-18 13:29:35,423 Test: [120/200]	Time 0.003 (0.014)	Loss 0.2812 (0.2534)
2023-11-18 13:29:35,455 Test: [130/200]	Time 0.003 (0.013)	Loss 0.2361 (0.2557)
2023-11-18 13:29:35,488 Test: [140/200]	Time 0.004 (0.012)	Loss 0.2036 (0.2547)
2023-11-18 13:29:35,518 Test: [150/200]	Time 0.003 (0.012)	Loss 0.2500 (0.2525)
2023-11-18 13:29:35,550 Test: [160/200]	Time 0.003 (0.011)	Loss 0.2618 (0.2524)
2023-11-18 13:29:35,581 Test: [170/200]	Time 0.003 (0.011)	Loss 0.2135 (0.2502)
2023-11-18 13:29:35,614 Test: [180/200]	Time 0.004 (0.010)	Loss 0.1936 (0.2481)
2023-11-18 13:29:35,645 Test: [190/200]	Time 0.003 (0.010)	Loss 0.2010 (0.2489)
2023-11-18 13:29:36,300 Mean IoU score: 0.505
2023-11-18 13:29:36,303 => saving checkpoint to out
2023-11-18 13:29:36,334 Epoch: [7][0/200]	Time 0.012s (0.012s)	Speed 2666.0 samples/s	Data 0.004s (0.004s)	Loss 0.08272 (0.08272)
2023-11-18 13:29:36,437 Epoch: [7][10/200]	Time 0.010s (0.010s)	Speed 3200.1 samples/s	Data 0.003s (0.003s)	Loss 0.07210 (0.07827)
2023-11-18 13:29:36,540 Epoch: [7][20/200]	Time 0.010s (0.010s)	Speed 3199.9 samples/s	Data 0.003s (0.003s)	Loss 0.09276 (0.07954)
2023-11-18 13:29:36,639 Epoch: [7][30/200]	Time 0.007s (0.010s)	Speed 4571.1 samples/s	Data 0.003s (0.003s)	Loss 0.08353 (0.07849)
2023-11-18 13:29:36,716 Epoch: [7][40/200]	Time 0.007s (0.010s)	Speed 4571.6 samples/s	Data 0.003s (0.003s)	Loss 0.06357 (0.07805)
2023-11-18 13:29:36,795 Epoch: [7][50/200]	Time 0.008s (0.009s)	Speed 4000.1 samples/s	Data 0.003s (0.003s)	Loss 0.07548 (0.07691)
2023-11-18 13:29:36,872 Epoch: [7][60/200]	Time 0.007s (0.009s)	Speed 4571.0 samples/s	Data 0.003s (0.003s)	Loss 0.07119 (0.07670)
2023-11-18 13:29:36,949 Epoch: [7][70/200]	Time 0.008s (0.009s)	Speed 3999.9 samples/s	Data 0.003s (0.003s)	Loss 0.06441 (0.07559)
2023-11-18 13:29:37,026 Epoch: [7][80/200]	Time 0.007s (0.009s)	Speed 4571.6 samples/s	Data 0.003s (0.003s)	Loss 0.06136 (0.07514)
2023-11-18 13:29:37,105 Epoch: [7][90/200]	Time 0.008s (0.009s)	Speed 4000.2 samples/s	Data 0.003s (0.003s)	Loss 0.08139 (0.07446)
2023-11-18 13:29:37,183 Epoch: [7][100/200]	Time 0.008s (0.009s)	Speed 3999.7 samples/s	Data 0.003s (0.003s)	Loss 0.09259 (0.07476)
2023-11-18 13:29:37,261 Epoch: [7][110/200]	Time 0.007s (0.008s)	Speed 4571.4 samples/s	Data 0.003s (0.003s)	Loss 0.05795 (0.07455)
2023-11-18 13:29:37,340 Epoch: [7][120/200]	Time 0.007s (0.008s)	Speed 4571.4 samples/s	Data 0.003s (0.003s)	Loss 0.07368 (0.07500)
2023-11-18 13:29:37,419 Epoch: [7][130/200]	Time 0.009s (0.008s)	Speed 3555.4 samples/s	Data 0.003s (0.003s)	Loss 0.06893 (0.07507)
2023-11-18 13:29:37,497 Epoch: [7][140/200]	Time 0.007s (0.008s)	Speed 4571.4 samples/s	Data 0.002s (0.003s)	Loss 0.08582 (0.07462)
2023-11-18 13:29:37,572 Epoch: [7][150/200]	Time 0.008s (0.008s)	Speed 4000.1 samples/s	Data 0.003s (0.003s)	Loss 0.06360 (0.07433)
2023-11-18 13:29:37,649 Epoch: [7][160/200]	Time 0.007s (0.008s)	Speed 4571.4 samples/s	Data 0.002s (0.003s)	Loss 0.08889 (0.07429)
2023-11-18 13:29:37,725 Epoch: [7][170/200]	Time 0.008s (0.008s)	Speed 4000.1 samples/s	Data 0.003s (0.003s)	Loss 0.07900 (0.07455)
2023-11-18 13:29:37,801 Epoch: [7][180/200]	Time 0.008s (0.008s)	Speed 4000.1 samples/s	Data 0.003s (0.003s)	Loss 0.06560 (0.07460)
2023-11-18 13:29:37,877 Epoch: [7][190/200]	Time 0.007s (0.008s)	Speed 4571.1 samples/s	Data 0.003s (0.003s)	Loss 0.07009 (0.07482)
2023-11-18 13:29:39,223 Test: [0/200]	Time 1.277 (1.277)	Loss 0.3063 (0.3063)
2023-11-18 13:29:39,279 Test: [10/200]	Time 0.003 (0.121)	Loss 0.0509 (0.2171)
2023-11-18 13:29:39,310 Test: [20/200]	Time 0.003 (0.065)	Loss 0.1418 (0.2149)
2023-11-18 13:29:39,348 Test: [30/200]	Time 0.004 (0.045)	Loss 0.3424 (0.2228)
2023-11-18 13:29:39,385 Test: [40/200]	Time 0.003 (0.035)	Loss 0.2086 (0.2331)
2023-11-18 13:29:39,422 Test: [50/200]	Time 0.003 (0.029)	Loss 0.2980 (0.2317)
2023-11-18 13:29:39,459 Test: [60/200]	Time 0.004 (0.025)	Loss 0.2726 (0.2343)
2023-11-18 13:29:39,497 Test: [70/200]	Time 0.004 (0.022)	Loss 0.2573 (0.2346)
2023-11-18 13:29:39,532 Test: [80/200]	Time 0.003 (0.020)	Loss 0.3156 (0.2305)
2023-11-18 13:29:39,567 Test: [90/200]	Time 0.003 (0.018)	Loss 0.2830 (0.2336)
2023-11-18 13:29:39,604 Test: [100/200]	Time 0.005 (0.016)	Loss 0.3972 (0.2337)
2023-11-18 13:29:39,635 Test: [110/200]	Time 0.003 (0.015)	Loss 0.2988 (0.2344)
2023-11-18 13:29:39,669 Test: [120/200]	Time 0.004 (0.014)	Loss 0.2468 (0.2317)
2023-11-18 13:29:39,701 Test: [130/200]	Time 0.002 (0.013)	Loss 0.2219 (0.2334)
2023-11-18 13:29:39,736 Test: [140/200]	Time 0.003 (0.013)	Loss 0.2007 (0.2330)
2023-11-18 13:29:39,773 Test: [150/200]	Time 0.003 (0.012)	Loss 0.2254 (0.2306)
2023-11-18 13:29:39,808 Test: [160/200]	Time 0.004 (0.012)	Loss 0.2373 (0.2301)
2023-11-18 13:29:39,843 Test: [170/200]	Time 0.004 (0.011)	Loss 0.1910 (0.2283)
2023-11-18 13:29:39,877 Test: [180/200]	Time 0.003 (0.011)	Loss 0.1760 (0.2262)
2023-11-18 13:29:39,912 Test: [190/200]	Time 0.004 (0.010)	Loss 0.1658 (0.2265)
2023-11-18 13:29:40,554 Mean IoU score: 0.540
2023-11-18 13:29:40,556 => saving checkpoint to out
2023-11-18 13:29:40,589 Epoch: [8][0/200]	Time 0.012s (0.012s)	Speed 2666.6 samples/s	Data 0.004s (0.004s)	Loss 0.06646 (0.06646)
2023-11-18 13:29:40,695 Epoch: [8][10/200]	Time 0.010s (0.011s)	Speed 3199.9 samples/s	Data 0.002s (0.003s)	Loss 0.06584 (0.06697)
2023-11-18 13:29:40,802 Epoch: [8][20/200]	Time 0.010s (0.011s)	Speed 3200.0 samples/s	Data 0.003s (0.003s)	Loss 0.06611 (0.07023)
2023-11-18 13:29:40,888 Epoch: [8][30/200]	Time 0.008s (0.010s)	Speed 3999.8 samples/s	Data 0.003s (0.003s)	Loss 0.07051 (0.07013)
2023-11-18 13:29:40,967 Epoch: [8][40/200]	Time 0.007s (0.010s)	Speed 4571.3 samples/s	Data 0.003s (0.003s)	Loss 0.05789 (0.06965)
2023-11-18 13:29:41,046 Epoch: [8][50/200]	Time 0.008s (0.009s)	Speed 3999.9 samples/s	Data 0.003s (0.003s)	Loss 0.07686 (0.07023)
2023-11-18 13:29:41,123 Epoch: [8][60/200]	Time 0.007s (0.009s)	Speed 4571.3 samples/s	Data 0.003s (0.003s)	Loss 0.08024 (0.07027)
2023-11-18 13:29:41,200 Epoch: [8][70/200]	Time 0.007s (0.009s)	Speed 4571.4 samples/s	Data 0.003s (0.003s)	Loss 0.07460 (0.07000)
2023-11-18 13:29:41,277 Epoch: [8][80/200]	Time 0.007s (0.009s)	Speed 4570.7 samples/s	Data 0.003s (0.003s)	Loss 0.05065 (0.06983)
2023-11-18 13:29:41,354 Epoch: [8][90/200]	Time 0.007s (0.009s)	Speed 4571.6 samples/s	Data 0.003s (0.003s)	Loss 0.05680 (0.06913)
2023-11-18 13:29:41,430 Epoch: [8][100/200]	Time 0.007s (0.008s)	Speed 4571.6 samples/s	Data 0.003s (0.003s)	Loss 0.06952 (0.06905)
2023-11-18 13:29:41,507 Epoch: [8][110/200]	Time 0.007s (0.008s)	Speed 4571.1 samples/s	Data 0.003s (0.003s)	Loss 0.08108 (0.06924)
2023-11-18 13:29:41,585 Epoch: [8][120/200]	Time 0.008s (0.008s)	Speed 4000.2 samples/s	Data 0.003s (0.003s)	Loss 0.07040 (0.06962)
2023-11-18 13:29:41,663 Epoch: [8][130/200]	Time 0.007s (0.008s)	Speed 4571.6 samples/s	Data 0.003s (0.003s)	Loss 0.05080 (0.06971)
2023-11-18 13:29:41,741 Epoch: [8][140/200]	Time 0.008s (0.008s)	Speed 3999.8 samples/s	Data 0.003s (0.003s)	Loss 0.07729 (0.06995)
2023-11-18 13:29:41,818 Epoch: [8][150/200]	Time 0.008s (0.008s)	Speed 3999.9 samples/s	Data 0.003s (0.003s)	Loss 0.06007 (0.06964)
2023-11-18 13:29:41,896 Epoch: [8][160/200]	Time 0.008s (0.008s)	Speed 4000.1 samples/s	Data 0.003s (0.003s)	Loss 0.07282 (0.06973)
2023-11-18 13:29:41,974 Epoch: [8][170/200]	Time 0.007s (0.008s)	Speed 4571.4 samples/s	Data 0.002s (0.003s)	Loss 0.07157 (0.06964)
2023-11-18 13:29:42,050 Epoch: [8][180/200]	Time 0.007s (0.008s)	Speed 4571.4 samples/s	Data 0.003s (0.003s)	Loss 0.07823 (0.06963)
2023-11-18 13:29:42,129 Epoch: [8][190/200]	Time 0.007s (0.008s)	Speed 4571.4 samples/s	Data 0.003s (0.003s)	Loss 0.07925 (0.06941)
2023-11-18 13:29:43,469 Test: [0/200]	Time 1.268 (1.268)	Loss 0.2966 (0.2966)
2023-11-18 13:29:43,499 Test: [10/200]	Time 0.003 (0.118)	Loss 0.0701 (0.2284)
2023-11-18 13:29:43,533 Test: [20/200]	Time 0.003 (0.063)	Loss 0.1371 (0.2326)
2023-11-18 13:29:43,564 Test: [30/200]	Time 0.004 (0.044)	Loss 0.3322 (0.2368)
2023-11-18 13:29:43,600 Test: [40/200]	Time 0.004 (0.034)	Loss 0.2123 (0.2495)
2023-11-18 13:29:43,632 Test: [50/200]	Time 0.003 (0.028)	Loss 0.3269 (0.2484)
2023-11-18 13:29:43,666 Test: [60/200]	Time 0.003 (0.024)	Loss 0.2982 (0.2491)
2023-11-18 13:29:43,700 Test: [70/200]	Time 0.004 (0.021)	Loss 0.2802 (0.2493)
2023-11-18 13:29:43,732 Test: [80/200]	Time 0.003 (0.019)	Loss 0.3272 (0.2452)
2023-11-18 13:29:43,767 Test: [90/200]	Time 0.003 (0.017)	Loss 0.3058 (0.2484)
2023-11-18 13:29:43,799 Test: [100/200]	Time 0.003 (0.016)	Loss 0.3642 (0.2482)
2023-11-18 13:29:43,830 Test: [110/200]	Time 0.003 (0.015)	Loss 0.3123 (0.2486)
2023-11-18 13:29:43,861 Test: [120/200]	Time 0.003 (0.014)	Loss 0.2732 (0.2457)
2023-11-18 13:29:43,894 Test: [130/200]	Time 0.003 (0.013)	Loss 0.2274 (0.2485)
2023-11-18 13:29:43,925 Test: [140/200]	Time 0.003 (0.012)	Loss 0.2181 (0.2478)
2023-11-18 13:29:43,959 Test: [150/200]	Time 0.004 (0.012)	Loss 0.2575 (0.2461)
2023-11-18 13:29:43,989 Test: [160/200]	Time 0.003 (0.011)	Loss 0.2654 (0.2457)
2023-11-18 13:29:44,022 Test: [170/200]	Time 0.003 (0.011)	Loss 0.2120 (0.2442)
2023-11-18 13:29:44,055 Test: [180/200]	Time 0.003 (0.010)	Loss 0.1835 (0.2422)
2023-11-18 13:29:44,090 Test: [190/200]	Time 0.004 (0.010)	Loss 0.1863 (0.2427)
2023-11-18 13:29:44,734 Mean IoU score: 0.495
2023-11-18 13:29:44,737 => saving checkpoint to out
2023-11-18 13:29:44,764 Epoch: [9][0/200]	Time 0.011s (0.011s)	Speed 2909.0 samples/s	Data 0.004s (0.004s)	Loss 0.07070 (0.07070)
2023-11-18 13:29:44,867 Epoch: [9][10/200]	Time 0.010s (0.010s)	Speed 3199.9 samples/s	Data 0.003s (0.003s)	Loss 0.06599 (0.06645)
2023-11-18 13:29:44,970 Epoch: [9][20/200]	Time 0.010s (0.010s)	Speed 3200.0 samples/s	Data 0.003s (0.003s)	Loss 0.09521 (0.06807)
2023-11-18 13:29:45,060 Epoch: [9][30/200]	Time 0.008s (0.010s)	Speed 4000.2 samples/s	Data 0.003s (0.003s)	Loss 0.06485 (0.06812)
2023-11-18 13:29:45,137 Epoch: [9][40/200]	Time 0.008s (0.009s)	Speed 4000.1 samples/s	Data 0.003s (0.003s)	Loss 0.06845 (0.06825)
2023-11-18 13:29:45,214 Epoch: [9][50/200]	Time 0.007s (0.009s)	Speed 4571.9 samples/s	Data 0.003s (0.003s)	Loss 0.04731 (0.06721)
2023-11-18 13:29:45,291 Epoch: [9][60/200]	Time 0.008s (0.009s)	Speed 4000.1 samples/s	Data 0.003s (0.003s)	Loss 0.06894 (0.06631)
2023-11-18 13:29:45,365 Epoch: [9][70/200]	Time 0.007s (0.009s)	Speed 4571.3 samples/s	Data 0.002s (0.003s)	Loss 0.05659 (0.06613)
2023-11-18 13:29:45,441 Epoch: [9][80/200]	Time 0.007s (0.008s)	Speed 4571.3 samples/s	Data 0.002s (0.003s)	Loss 0.05164 (0.06637)
2023-11-18 13:29:45,517 Epoch: [9][90/200]	Time 0.007s (0.008s)	Speed 4571.4 samples/s	Data 0.003s (0.003s)	Loss 0.06944 (0.06591)
2023-11-18 13:29:45,594 Epoch: [9][100/200]	Time 0.008s (0.008s)	Speed 4000.1 samples/s	Data 0.003s (0.003s)	Loss 0.09081 (0.06616)
2023-11-18 13:29:45,671 Epoch: [9][110/200]	Time 0.007s (0.008s)	Speed 4571.6 samples/s	Data 0.003s (0.003s)	Loss 0.07290 (0.06607)
2023-11-18 13:29:45,748 Epoch: [9][120/200]	Time 0.007s (0.008s)	Speed 4571.3 samples/s	Data 0.003s (0.003s)	Loss 0.06329 (0.06565)
2023-11-18 13:29:45,824 Epoch: [9][130/200]	Time 0.007s (0.008s)	Speed 4571.3 samples/s	Data 0.003s (0.003s)	Loss 0.04982 (0.06583)
2023-11-18 13:29:45,901 Epoch: [9][140/200]	Time 0.007s (0.008s)	Speed 4572.1 samples/s	Data 0.003s (0.003s)	Loss 0.07440 (0.06592)
2023-11-18 13:29:45,977 Epoch: [9][150/200]	Time 0.007s (0.008s)	Speed 4571.4 samples/s	Data 0.003s (0.003s)	Loss 0.05473 (0.06575)
2023-11-18 13:29:46,054 Epoch: [9][160/200]	Time 0.007s (0.008s)	Speed 4571.6 samples/s	Data 0.003s (0.003s)	Loss 0.06498 (0.06575)
2023-11-18 13:29:46,131 Epoch: [9][170/200]	Time 0.007s (0.008s)	Speed 4571.4 samples/s	Data 0.003s (0.003s)	Loss 0.06547 (0.06546)
2023-11-18 13:29:46,210 Epoch: [9][180/200]	Time 0.008s (0.008s)	Speed 3999.9 samples/s	Data 0.003s (0.003s)	Loss 0.05605 (0.06541)
2023-11-18 13:29:46,288 Epoch: [9][190/200]	Time 0.007s (0.008s)	Speed 4571.4 samples/s	Data 0.003s (0.003s)	Loss 0.04796 (0.06517)
2023-11-18 13:29:47,627 Test: [0/200]	Time 1.272 (1.272)	Loss 0.3327 (0.3327)
2023-11-18 13:29:47,668 Test: [10/200]	Time 0.003 (0.119)	Loss 0.0531 (0.2419)
2023-11-18 13:29:47,696 Test: [20/200]	Time 0.002 (0.064)	Loss 0.1235 (0.2458)
2023-11-18 13:29:47,728 Test: [30/200]	Time 0.003 (0.044)	Loss 0.3836 (0.2550)
2023-11-18 13:29:47,763 Test: [40/200]	Time 0.004 (0.034)	Loss 0.2314 (0.2680)
2023-11-18 13:29:47,799 Test: [50/200]	Time 0.003 (0.028)	Loss 0.3797 (0.2669)
2023-11-18 13:29:47,833 Test: [60/200]	Time 0.003 (0.024)	Loss 0.3003 (0.2705)
2023-11-18 13:29:47,868 Test: [70/200]	Time 0.003 (0.021)	Loss 0.3151 (0.2704)
2023-11-18 13:29:47,904 Test: [80/200]	Time 0.003 (0.019)	Loss 0.3170 (0.2646)
2023-11-18 13:29:47,942 Test: [90/200]	Time 0.004 (0.017)	Loss 0.3258 (0.2683)
2023-11-18 13:29:47,975 Test: [100/200]	Time 0.003 (0.016)	Loss 0.4170 (0.2683)
2023-11-18 13:29:48,010 Test: [110/200]	Time 0.003 (0.015)	Loss 0.3038 (0.2692)
2023-11-18 13:29:48,044 Test: [120/200]	Time 0.003 (0.014)	Loss 0.2837 (0.2663)
2023-11-18 13:29:48,081 Test: [130/200]	Time 0.004 (0.013)	Loss 0.2827 (0.2693)
2023-11-18 13:29:48,115 Test: [140/200]	Time 0.003 (0.012)	Loss 0.2198 (0.2680)
2023-11-18 13:29:48,146 Test: [150/200]	Time 0.003 (0.012)	Loss 0.2489 (0.2654)
2023-11-18 13:29:48,177 Test: [160/200]	Time 0.004 (0.011)	Loss 0.2736 (0.2650)
2023-11-18 13:29:48,208 Test: [170/200]	Time 0.003 (0.011)	Loss 0.2018 (0.2629)
2023-11-18 13:29:48,243 Test: [180/200]	Time 0.003 (0.010)	Loss 0.1684 (0.2607)
2023-11-18 13:29:48,277 Test: [190/200]	Time 0.003 (0.010)	Loss 0.1846 (0.2608)
2023-11-18 13:29:48,914 Mean IoU score: 0.468
2023-11-18 13:29:48,916 => saving checkpoint to out
2023-11-18 13:29:48,942 Epoch: [10][0/200]	Time 0.012s (0.012s)	Speed 2666.6 samples/s	Data 0.004s (0.004s)	Loss 0.05345 (0.05345)
2023-11-18 13:29:49,046 Epoch: [10][10/200]	Time 0.010s (0.011s)	Speed 3200.0 samples/s	Data 0.003s (0.003s)	Loss 0.05515 (0.06056)
2023-11-18 13:29:49,148 Epoch: [10][20/200]	Time 0.010s (0.010s)	Speed 3200.0 samples/s	Data 0.003s (0.003s)	Loss 0.06462 (0.05898)
2023-11-18 13:29:49,243 Epoch: [10][30/200]	Time 0.007s (0.010s)	Speed 4571.4 samples/s	Data 0.003s (0.003s)	Loss 0.05910 (0.06001)
2023-11-18 13:29:49,320 Epoch: [10][40/200]	Time 0.007s (0.010s)	Speed 4571.6 samples/s	Data 0.003s (0.003s)	Loss 0.04865 (0.06119)
2023-11-18 13:29:49,396 Epoch: [10][50/200]	Time 0.007s (0.009s)	Speed 4571.4 samples/s	Data 0.002s (0.003s)	Loss 0.07926 (0.06170)
2023-11-18 13:29:49,475 Epoch: [10][60/200]	Time 0.008s (0.009s)	Speed 4000.2 samples/s	Data 0.003s (0.003s)	Loss 0.07920 (0.06209)
2023-11-18 13:29:49,554 Epoch: [10][70/200]	Time 0.008s (0.009s)	Speed 4000.1 samples/s	Data 0.003s (0.003s)	Loss 0.05584 (0.06174)
2023-11-18 13:29:49,633 Epoch: [10][80/200]	Time 0.008s (0.009s)	Speed 3999.8 samples/s	Data 0.003s (0.003s)	Loss 0.06496 (0.06149)
2023-11-18 13:29:49,711 Epoch: [10][90/200]	Time 0.008s (0.009s)	Speed 4262.4 samples/s	Data 0.003s (0.003s)	Loss 0.05009 (0.06115)
2023-11-18 13:29:49,789 Epoch: [10][100/200]	Time 0.008s (0.009s)	Speed 4000.1 samples/s	Data 0.003s (0.003s)	Loss 0.06254 (0.06143)
2023-11-18 13:29:49,866 Epoch: [10][110/200]	Time 0.007s (0.008s)	Speed 4571.4 samples/s	Data 0.003s (0.003s)	Loss 0.04811 (0.06137)
2023-11-18 13:29:49,942 Epoch: [10][120/200]	Time 0.007s (0.008s)	Speed 4571.6 samples/s	Data 0.003s (0.003s)	Loss 0.06431 (0.06184)
2023-11-18 13:29:50,021 Epoch: [10][130/200]	Time 0.008s (0.008s)	Speed 4000.1 samples/s	Data 0.003s (0.003s)	Loss 0.06667 (0.06191)
2023-11-18 13:29:50,101 Epoch: [10][140/200]	Time 0.008s (0.008s)	Speed 4000.1 samples/s	Data 0.003s (0.003s)	Loss 0.06199 (0.06198)
2023-11-18 13:29:50,178 Epoch: [10][150/200]	Time 0.007s (0.008s)	Speed 4571.3 samples/s	Data 0.003s (0.003s)	Loss 0.05924 (0.06177)
2023-11-18 13:29:50,255 Epoch: [10][160/200]	Time 0.007s (0.008s)	Speed 4571.1 samples/s	Data 0.003s (0.003s)	Loss 0.05767 (0.06181)
2023-11-18 13:29:50,335 Epoch: [10][170/200]	Time 0.008s (0.008s)	Speed 4000.1 samples/s	Data 0.003s (0.003s)	Loss 0.07389 (0.06211)
2023-11-18 13:29:50,411 Epoch: [10][180/200]	Time 0.007s (0.008s)	Speed 4571.4 samples/s	Data 0.003s (0.003s)	Loss 0.05860 (0.06190)
2023-11-18 13:29:50,487 Epoch: [10][190/200]	Time 0.007s (0.008s)	Speed 4571.4 samples/s	Data 0.002s (0.003s)	Loss 0.06178 (0.06182)
2023-11-18 13:29:51,824 Test: [0/200]	Time 1.267 (1.267)	Loss 0.2990 (0.2990)
2023-11-18 13:29:51,857 Test: [10/200]	Time 0.003 (0.118)	Loss 0.0750 (0.2202)
2023-11-18 13:29:51,890 Test: [20/200]	Time 0.003 (0.063)	Loss 0.1692 (0.2180)
2023-11-18 13:29:51,920 Test: [30/200]	Time 0.003 (0.044)	Loss 0.3270 (0.2244)
2023-11-18 13:29:51,955 Test: [40/200]	Time 0.003 (0.034)	Loss 0.1934 (0.2344)
2023-11-18 13:29:51,987 Test: [50/200]	Time 0.003 (0.028)	Loss 0.2575 (0.2321)
2023-11-18 13:29:52,024 Test: [60/200]	Time 0.004 (0.024)	Loss 0.2817 (0.2326)
2023-11-18 13:29:52,058 Test: [70/200]	Time 0.004 (0.021)	Loss 0.2581 (0.2336)
2023-11-18 13:29:52,091 Test: [80/200]	Time 0.003 (0.019)	Loss 0.3339 (0.2298)
2023-11-18 13:29:52,124 Test: [90/200]	Time 0.004 (0.017)	Loss 0.3166 (0.2341)
2023-11-18 13:29:52,157 Test: [100/200]	Time 0.003 (0.016)	Loss 0.3531 (0.2346)
2023-11-18 13:29:52,194 Test: [110/200]	Time 0.004 (0.015)	Loss 0.3052 (0.2351)
2023-11-18 13:29:52,228 Test: [120/200]	Time 0.004 (0.014)	Loss 0.2561 (0.2313)
2023-11-18 13:29:52,261 Test: [130/200]	Time 0.003 (0.013)	Loss 0.2086 (0.2338)
2023-11-18 13:29:52,296 Test: [140/200]	Time 0.004 (0.012)	Loss 0.2379 (0.2329)
2023-11-18 13:29:52,327 Test: [150/200]	Time 0.004 (0.012)	Loss 0.2342 (0.2312)
2023-11-18 13:29:52,359 Test: [160/200]	Time 0.004 (0.011)	Loss 0.2585 (0.2316)
2023-11-18 13:29:52,389 Test: [170/200]	Time 0.003 (0.011)	Loss 0.2167 (0.2304)
2023-11-18 13:29:52,426 Test: [180/200]	Time 0.004 (0.010)	Loss 0.1731 (0.2284)
2023-11-18 13:29:52,469 Test: [190/200]	Time 0.003 (0.010)	Loss 0.1648 (0.2287)
2023-11-18 13:29:53,107 Mean IoU score: 0.543
2023-11-18 13:29:53,110 => saving checkpoint to out
2023-11-18 13:29:53,141 Epoch: [11][0/200]	Time 0.013s (0.013s)	Speed 2461.7 samples/s	Data 0.004s (0.004s)	Loss 0.05511 (0.05511)
2023-11-18 13:29:53,247 Epoch: [11][10/200]	Time 0.010s (0.011s)	Speed 3200.1 samples/s	Data 0.003s (0.003s)	Loss 0.06098 (0.05513)
2023-11-18 13:29:53,351 Epoch: [11][20/200]	Time 0.010s (0.011s)	Speed 3199.9 samples/s	Data 0.003s (0.003s)	Loss 0.06920 (0.05507)
2023-11-18 13:29:53,444 Epoch: [11][30/200]	Time 0.008s (0.010s)	Speed 4000.1 samples/s	Data 0.003s (0.003s)	Loss 0.05286 (0.05582)
2023-11-18 13:29:53,521 Epoch: [11][40/200]	Time 0.007s (0.010s)	Speed 4571.3 samples/s	Data 0.003s (0.003s)	Loss 0.07340 (0.05722)
2023-11-18 13:29:53,600 Epoch: [11][50/200]	Time 0.007s (0.009s)	Speed 4571.3 samples/s	Data 0.003s (0.003s)	Loss 0.05821 (0.05811)
2023-11-18 13:29:53,680 Epoch: [11][60/200]	Time 0.007s (0.009s)	Speed 4571.1 samples/s	Data 0.003s (0.003s)	Loss 0.06679 (0.05873)
2023-11-18 13:29:53,759 Epoch: [11][70/200]	Time 0.007s (0.009s)	Speed 4571.3 samples/s	Data 0.003s (0.003s)	Loss 0.05936 (0.05843)
2023-11-18 13:29:53,839 Epoch: [11][80/200]	Time 0.007s (0.009s)	Speed 4571.6 samples/s	Data 0.003s (0.003s)	Loss 0.05791 (0.05837)
2023-11-18 13:29:53,918 Epoch: [11][90/200]	Time 0.007s (0.009s)	Speed 4571.3 samples/s	Data 0.002s (0.003s)	Loss 0.06043 (0.05840)
2023-11-18 13:29:53,997 Epoch: [11][100/200]	Time 0.007s (0.009s)	Speed 4571.4 samples/s	Data 0.002s (0.003s)	Loss 0.06653 (0.05848)
2023-11-18 13:29:54,075 Epoch: [11][110/200]	Time 0.007s (0.009s)	Speed 4571.1 samples/s	Data 0.003s (0.003s)	Loss 0.06731 (0.05812)
2023-11-18 13:29:54,153 Epoch: [11][120/200]	Time 0.007s (0.008s)	Speed 4571.3 samples/s	Data 0.003s (0.003s)	Loss 0.05067 (0.05808)
2023-11-18 13:29:54,232 Epoch: [11][130/200]	Time 0.007s (0.008s)	Speed 4571.6 samples/s	Data 0.003s (0.003s)	Loss 0.05239 (0.05798)
2023-11-18 13:29:54,311 Epoch: [11][140/200]	Time 0.007s (0.008s)	Speed 4571.4 samples/s	Data 0.003s (0.003s)	Loss 0.07269 (0.05844)
2023-11-18 13:29:54,385 Epoch: [11][150/200]	Time 0.007s (0.008s)	Speed 4571.4 samples/s	Data 0.003s (0.003s)	Loss 0.06975 (0.05839)
2023-11-18 13:29:54,463 Epoch: [11][160/200]	Time 0.007s (0.008s)	Speed 4571.6 samples/s	Data 0.003s (0.003s)	Loss 0.07037 (0.05849)
2023-11-18 13:29:54,541 Epoch: [11][170/200]	Time 0.007s (0.008s)	Speed 4571.1 samples/s	Data 0.002s (0.003s)	Loss 0.07224 (0.05878)
2023-11-18 13:29:54,619 Epoch: [11][180/200]	Time 0.008s (0.008s)	Speed 4000.1 samples/s	Data 0.003s (0.003s)	Loss 0.04904 (0.05879)
2023-11-18 13:29:54,698 Epoch: [11][190/200]	Time 0.008s (0.008s)	Speed 4000.2 samples/s	Data 0.003s (0.003s)	Loss 0.05339 (0.05869)
2023-11-18 13:29:56,039 Test: [0/200]	Time 1.270 (1.270)	Loss 0.2562 (0.2562)
2023-11-18 13:29:56,068 Test: [10/200]	Time 0.003 (0.118)	Loss 0.0611 (0.2045)
2023-11-18 13:29:56,098 Test: [20/200]	Time 0.003 (0.063)	Loss 0.1353 (0.2014)
2023-11-18 13:29:56,130 Test: [30/200]	Time 0.003 (0.044)	Loss 0.3254 (0.2099)
2023-11-18 13:29:56,163 Test: [40/200]	Time 0.003 (0.034)	Loss 0.1866 (0.2185)
2023-11-18 13:29:56,198 Test: [50/200]	Time 0.003 (0.028)	Loss 0.2859 (0.2174)
2023-11-18 13:29:56,234 Test: [60/200]	Time 0.003 (0.024)	Loss 0.2966 (0.2204)
2023-11-18 13:29:56,268 Test: [70/200]	Time 0.004 (0.021)	Loss 0.2226 (0.2209)
2023-11-18 13:29:56,300 Test: [80/200]	Time 0.003 (0.019)	Loss 0.2916 (0.2169)
2023-11-18 13:29:56,331 Test: [90/200]	Time 0.003 (0.017)	Loss 0.3180 (0.2207)
2023-11-18 13:29:56,365 Test: [100/200]	Time 0.003 (0.016)	Loss 0.3408 (0.2211)
2023-11-18 13:29:56,401 Test: [110/200]	Time 0.003 (0.015)	Loss 0.3070 (0.2219)
2023-11-18 13:29:56,436 Test: [120/200]	Time 0.003 (0.014)	Loss 0.2424 (0.2193)
2023-11-18 13:29:56,471 Test: [130/200]	Time 0.003 (0.013)	Loss 0.1997 (0.2214)
2023-11-18 13:29:56,506 Test: [140/200]	Time 0.004 (0.012)	Loss 0.2284 (0.2204)
2023-11-18 13:29:56,540 Test: [150/200]	Time 0.003 (0.012)	Loss 0.2473 (0.2186)
2023-11-18 13:29:56,573 Test: [160/200]	Time 0.003 (0.011)	Loss 0.2321 (0.2186)
2023-11-18 13:29:56,609 Test: [170/200]	Time 0.004 (0.011)	Loss 0.1860 (0.2167)
2023-11-18 13:29:56,642 Test: [180/200]	Time 0.003 (0.010)	Loss 0.1810 (0.2145)
2023-11-18 13:29:56,677 Test: [190/200]	Time 0.004 (0.010)	Loss 0.1586 (0.2150)
2023-11-18 13:29:57,324 Mean IoU score: 0.574
2023-11-18 13:29:57,326 => saving checkpoint to out
2023-11-18 13:29:57,356 Epoch: [12][0/200]	Time 0.011s (0.011s)	Speed 2909.2 samples/s	Data 0.004s (0.004s)	Loss 0.06577 (0.06577)
2023-11-18 13:29:57,461 Epoch: [12][10/200]	Time 0.010s (0.011s)	Speed 3067.2 samples/s	Data 0.003s (0.003s)	Loss 0.06912 (0.06417)
2023-11-18 13:29:57,564 Epoch: [12][20/200]	Time 0.009s (0.010s)	Speed 3555.5 samples/s	Data 0.002s (0.003s)	Loss 0.06765 (0.05969)
2023-11-18 13:29:57,655 Epoch: [12][30/200]	Time 0.007s (0.010s)	Speed 4571.8 samples/s	Data 0.003s (0.003s)	Loss 0.06079 (0.05859)
2023-11-18 13:29:57,733 Epoch: [12][40/200]	Time 0.007s (0.009s)	Speed 4571.4 samples/s	Data 0.003s (0.003s)	Loss 0.05602 (0.05781)
2023-11-18 13:29:57,812 Epoch: [12][50/200]	Time 0.008s (0.009s)	Speed 3999.9 samples/s	Data 0.003s (0.003s)	Loss 0.05387 (0.05726)
2023-11-18 13:29:57,890 Epoch: [12][60/200]	Time 0.008s (0.009s)	Speed 4014.9 samples/s	Data 0.003s (0.003s)	Loss 0.04848 (0.05688)
2023-11-18 13:29:57,973 Epoch: [12][70/200]	Time 0.008s (0.009s)	Speed 3999.9 samples/s	Data 0.003s (0.003s)	Loss 0.06098 (0.05645)
2023-11-18 13:29:58,050 Epoch: [12][80/200]	Time 0.007s (0.009s)	Speed 4571.6 samples/s	Data 0.003s (0.003s)	Loss 0.05708 (0.05660)
2023-11-18 13:29:58,129 Epoch: [12][90/200]	Time 0.007s (0.009s)	Speed 4571.6 samples/s	Data 0.003s (0.003s)	Loss 0.04819 (0.05651)
2023-11-18 13:29:58,209 Epoch: [12][100/200]	Time 0.008s (0.009s)	Speed 4000.1 samples/s	Data 0.003s (0.003s)	Loss 0.05560 (0.05624)
2023-11-18 13:29:58,290 Epoch: [12][110/200]	Time 0.008s (0.009s)	Speed 4000.6 samples/s	Data 0.004s (0.003s)	Loss 0.04715 (0.05640)
2023-11-18 13:29:58,366 Epoch: [12][120/200]	Time 0.007s (0.008s)	Speed 4571.6 samples/s	Data 0.003s (0.003s)	Loss 0.04783 (0.05616)
2023-11-18 13:29:58,444 Epoch: [12][130/200]	Time 0.007s (0.008s)	Speed 4571.3 samples/s	Data 0.003s (0.003s)	Loss 0.05700 (0.05629)
2023-11-18 13:29:58,524 Epoch: [12][140/200]	Time 0.009s (0.008s)	Speed 3555.6 samples/s	Data 0.004s (0.003s)	Loss 0.05797 (0.05625)
2023-11-18 13:29:58,610 Epoch: [12][150/200]	Time 0.008s (0.008s)	Speed 3999.9 samples/s	Data 0.003s (0.003s)	Loss 0.05558 (0.05645)
2023-11-18 13:29:58,694 Epoch: [12][160/200]	Time 0.009s (0.008s)	Speed 3555.4 samples/s	Data 0.004s (0.003s)	Loss 0.07006 (0.05646)
2023-11-18 13:29:58,778 Epoch: [12][170/200]	Time 0.008s (0.008s)	Speed 3999.9 samples/s	Data 0.003s (0.003s)	Loss 0.05131 (0.05659)
2023-11-18 13:29:58,862 Epoch: [12][180/200]	Time 0.009s (0.008s)	Speed 3555.6 samples/s	Data 0.004s (0.003s)	Loss 0.04514 (0.05646)
2023-11-18 13:29:58,944 Epoch: [12][190/200]	Time 0.008s (0.008s)	Speed 3999.9 samples/s	Data 0.003s (0.003s)	Loss 0.04831 (0.05623)
2023-11-18 13:30:00,398 Test: [0/200]	Time 1.381 (1.381)	Loss 0.2467 (0.2467)
2023-11-18 13:30:00,439 Test: [10/200]	Time 0.003 (0.129)	Loss 0.0643 (0.1991)
2023-11-18 13:30:00,472 Test: [20/200]	Time 0.003 (0.069)	Loss 0.1330 (0.1961)
2023-11-18 13:30:00,504 Test: [30/200]	Time 0.003 (0.048)	Loss 0.3168 (0.2045)
2023-11-18 13:30:00,533 Test: [40/200]	Time 0.003 (0.037)	Loss 0.1803 (0.2125)
2023-11-18 13:30:00,565 Test: [50/200]	Time 0.004 (0.030)	Loss 0.2652 (0.2113)
2023-11-18 13:30:00,595 Test: [60/200]	Time 0.003 (0.026)	Loss 0.2726 (0.2132)
2023-11-18 13:30:00,627 Test: [70/200]	Time 0.003 (0.023)	Loss 0.2224 (0.2135)
2023-11-18 13:30:00,656 Test: [80/200]	Time 0.002 (0.020)	Loss 0.2747 (0.2097)
2023-11-18 13:30:00,690 Test: [90/200]	Time 0.004 (0.018)	Loss 0.3363 (0.2134)
2023-11-18 13:30:00,720 Test: [100/200]	Time 0.002 (0.017)	Loss 0.3424 (0.2137)
2023-11-18 13:30:00,752 Test: [110/200]	Time 0.003 (0.016)	Loss 0.3017 (0.2142)
2023-11-18 13:30:00,782 Test: [120/200]	Time 0.003 (0.015)	Loss 0.2285 (0.2118)
2023-11-18 13:30:00,816 Test: [130/200]	Time 0.003 (0.014)	Loss 0.2075 (0.2144)
2023-11-18 13:30:00,847 Test: [140/200]	Time 0.003 (0.013)	Loss 0.2079 (0.2136)
2023-11-18 13:30:00,881 Test: [150/200]	Time 0.004 (0.012)	Loss 0.2109 (0.2115)
2023-11-18 13:30:00,915 Test: [160/200]	Time 0.004 (0.012)	Loss 0.2111 (0.2113)
2023-11-18 13:30:00,949 Test: [170/200]	Time 0.003 (0.011)	Loss 0.2006 (0.2092)
2023-11-18 13:30:00,981 Test: [180/200]	Time 0.003 (0.011)	Loss 0.1833 (0.2072)
2023-11-18 13:30:01,014 Test: [190/200]	Time 0.003 (0.010)	Loss 0.1508 (0.2071)
2023-11-18 13:30:01,662 Mean IoU score: 0.576
2023-11-18 13:30:01,664 => saving checkpoint to out
2023-11-18 13:30:01,695 Epoch: [13][0/200]	Time 0.013s (0.013s)	Speed 2461.6 samples/s	Data 0.005s (0.005s)	Loss 0.03965 (0.03965)
2023-11-18 13:30:01,798 Epoch: [13][10/200]	Time 0.010s (0.011s)	Speed 3200.1 samples/s	Data 0.003s (0.003s)	Loss 0.05173 (0.05681)
2023-11-18 13:30:01,893 Epoch: [13][20/200]	Time 0.009s (0.010s)	Speed 3555.6 samples/s	Data 0.003s (0.003s)	Loss 0.04227 (0.05391)
2023-11-18 13:30:01,986 Epoch: [13][30/200]	Time 0.009s (0.010s)	Speed 3555.5 samples/s	Data 0.003s (0.003s)	Loss 0.05248 (0.05451)
2023-11-18 13:30:02,068 Epoch: [13][40/200]	Time 0.007s (0.009s)	Speed 4571.4 samples/s	Data 0.003s (0.003s)	Loss 0.06322 (0.05480)
2023-11-18 13:30:02,148 Epoch: [13][50/200]	Time 0.008s (0.009s)	Speed 3999.9 samples/s	Data 0.003s (0.003s)	Loss 0.05445 (0.05441)
2023-11-18 13:30:02,225 Epoch: [13][60/200]	Time 0.008s (0.009s)	Speed 3999.9 samples/s	Data 0.003s (0.003s)	Loss 0.05847 (0.05435)
2023-11-18 13:30:02,303 Epoch: [13][70/200]	Time 0.007s (0.009s)	Speed 4571.4 samples/s	Data 0.002s (0.003s)	Loss 0.05846 (0.05389)
2023-11-18 13:30:02,378 Epoch: [13][80/200]	Time 0.007s (0.009s)	Speed 4571.1 samples/s	Data 0.003s (0.003s)	Loss 0.06082 (0.05414)
2023-11-18 13:30:02,454 Epoch: [13][90/200]	Time 0.007s (0.008s)	Speed 4571.4 samples/s	Data 0.003s (0.003s)	Loss 0.06873 (0.05438)
2023-11-18 13:30:02,530 Epoch: [13][100/200]	Time 0.007s (0.008s)	Speed 4571.4 samples/s	Data 0.003s (0.003s)	Loss 0.04236 (0.05448)
2023-11-18 13:30:02,606 Epoch: [13][110/200]	Time 0.007s (0.008s)	Speed 4571.6 samples/s	Data 0.003s (0.003s)	Loss 0.05881 (0.05457)
2023-11-18 13:30:02,684 Epoch: [13][120/200]	Time 0.008s (0.008s)	Speed 4000.2 samples/s	Data 0.003s (0.003s)	Loss 0.05338 (0.05447)
2023-11-18 13:30:02,761 Epoch: [13][130/200]	Time 0.007s (0.008s)	Speed 4571.6 samples/s	Data 0.003s (0.003s)	Loss 0.06772 (0.05444)
2023-11-18 13:30:02,836 Epoch: [13][140/200]	Time 0.007s (0.008s)	Speed 4571.1 samples/s	Data 0.003s (0.003s)	Loss 0.06229 (0.05443)
2023-11-18 13:30:02,913 Epoch: [13][150/200]	Time 0.008s (0.008s)	Speed 4000.1 samples/s	Data 0.003s (0.003s)	Loss 0.04491 (0.05422)
2023-11-18 13:30:02,989 Epoch: [13][160/200]	Time 0.008s (0.008s)	Speed 3999.8 samples/s	Data 0.003s (0.003s)	Loss 0.05826 (0.05420)
2023-11-18 13:30:03,066 Epoch: [13][170/200]	Time 0.008s (0.008s)	Speed 4000.1 samples/s	Data 0.003s (0.003s)	Loss 0.06555 (0.05438)
2023-11-18 13:30:03,142 Epoch: [13][180/200]	Time 0.008s (0.008s)	Speed 4000.1 samples/s	Data 0.003s (0.003s)	Loss 0.05683 (0.05426)
2023-11-18 13:30:03,218 Epoch: [13][190/200]	Time 0.008s (0.008s)	Speed 4241.8 samples/s	Data 0.003s (0.003s)	Loss 0.05046 (0.05412)
2023-11-18 13:30:04,571 Test: [0/200]	Time 1.282 (1.282)	Loss 0.2784 (0.2784)
2023-11-18 13:30:04,602 Test: [10/200]	Time 0.003 (0.119)	Loss 0.0675 (0.1992)
2023-11-18 13:30:04,634 Test: [20/200]	Time 0.003 (0.064)	Loss 0.1415 (0.1963)
2023-11-18 13:30:04,665 Test: [30/200]	Time 0.003 (0.044)	Loss 0.2938 (0.2034)
2023-11-18 13:30:04,696 Test: [40/200]	Time 0.002 (0.034)	Loss 0.1802 (0.2129)
2023-11-18 13:30:04,729 Test: [50/200]	Time 0.003 (0.028)	Loss 0.2672 (0.2112)
2023-11-18 13:30:04,761 Test: [60/200]	Time 0.003 (0.024)	Loss 0.2553 (0.2132)
2023-11-18 13:30:04,795 Test: [70/200]	Time 0.003 (0.021)	Loss 0.2445 (0.2141)
2023-11-18 13:30:04,826 Test: [80/200]	Time 0.003 (0.019)	Loss 0.2846 (0.2099)
2023-11-18 13:30:04,857 Test: [90/200]	Time 0.003 (0.017)	Loss 0.2644 (0.2131)
2023-11-18 13:30:04,888 Test: [100/200]	Time 0.003 (0.016)	Loss 0.3984 (0.2138)
2023-11-18 13:30:04,918 Test: [110/200]	Time 0.002 (0.015)	Loss 0.2657 (0.2142)
2023-11-18 13:30:04,952 Test: [120/200]	Time 0.003 (0.014)	Loss 0.2279 (0.2114)
2023-11-18 13:30:04,983 Test: [130/200]	Time 0.003 (0.013)	Loss 0.1982 (0.2130)
2023-11-18 13:30:05,019 Test: [140/200]	Time 0.003 (0.012)	Loss 0.1840 (0.2127)
2023-11-18 13:30:05,052 Test: [150/200]	Time 0.004 (0.012)	Loss 0.2118 (0.2107)
2023-11-18 13:30:05,086 Test: [160/200]	Time 0.003 (0.011)	Loss 0.2247 (0.2107)
2023-11-18 13:30:05,122 Test: [170/200]	Time 0.004 (0.011)	Loss 0.1923 (0.2089)
2023-11-18 13:30:05,157 Test: [180/200]	Time 0.004 (0.010)	Loss 0.1772 (0.2071)
2023-11-18 13:30:05,190 Test: [190/200]	Time 0.003 (0.010)	Loss 0.1333 (0.2076)
2023-11-18 13:30:05,870 Mean IoU score: 0.573
2023-11-18 13:30:05,873 => saving checkpoint to out
2023-11-18 13:30:05,898 Epoch: [14][0/200]	Time 0.012s (0.012s)	Speed 2666.7 samples/s	Data 0.004s (0.004s)	Loss 0.04376 (0.04376)
2023-11-18 13:30:05,999 Epoch: [14][10/200]	Time 0.010s (0.010s)	Speed 3200.1 samples/s	Data 0.003s (0.003s)	Loss 0.04871 (0.05073)
2023-11-18 13:30:06,096 Epoch: [14][20/200]	Time 0.009s (0.010s)	Speed 3509.5 samples/s	Data 0.003s (0.003s)	Loss 0.04461 (0.05122)
2023-11-18 13:30:06,193 Epoch: [14][30/200]	Time 0.010s (0.010s)	Speed 3199.9 samples/s	Data 0.003s (0.003s)	Loss 0.05528 (0.05051)
2023-11-18 13:30:06,277 Epoch: [14][40/200]	Time 0.007s (0.010s)	Speed 4571.4 samples/s	Data 0.003s (0.003s)	Loss 0.04456 (0.05130)
2023-11-18 13:30:06,356 Epoch: [14][50/200]	Time 0.008s (0.009s)	Speed 4000.1 samples/s	Data 0.003s (0.003s)	Loss 0.06104 (0.05241)
2023-11-18 13:30:06,432 Epoch: [14][60/200]	Time 0.007s (0.009s)	Speed 4571.4 samples/s	Data 0.003s (0.003s)	Loss 0.04406 (0.05208)
2023-11-18 13:30:06,509 Epoch: [14][70/200]	Time 0.007s (0.009s)	Speed 4571.3 samples/s	Data 0.003s (0.003s)	Loss 0.04876 (0.05258)
2023-11-18 13:30:06,591 Epoch: [14][80/200]	Time 0.008s (0.009s)	Speed 3999.7 samples/s	Data 0.003s (0.003s)	Loss 0.05706 (0.05240)
2023-11-18 13:30:06,671 Epoch: [14][90/200]	Time 0.007s (0.009s)	Speed 4422.9 samples/s	Data 0.003s (0.003s)	Loss 0.05974 (0.05306)
2023-11-18 13:30:06,750 Epoch: [14][100/200]	Time 0.007s (0.009s)	Speed 4571.4 samples/s	Data 0.003s (0.003s)	Loss 0.05854 (0.05304)
2023-11-18 13:30:06,827 Epoch: [14][110/200]	Time 0.007s (0.008s)	Speed 4567.4 samples/s	Data 0.002s (0.003s)	Loss 0.03937 (0.05328)
2023-11-18 13:30:06,906 Epoch: [14][120/200]	Time 0.007s (0.008s)	Speed 4571.3 samples/s	Data 0.003s (0.003s)	Loss 0.05274 (0.05314)
2023-11-18 13:30:06,985 Epoch: [14][130/200]	Time 0.008s (0.008s)	Speed 4000.1 samples/s	Data 0.003s (0.003s)	Loss 0.04309 (0.05281)
2023-11-18 13:30:07,064 Epoch: [14][140/200]	Time 0.008s (0.008s)	Speed 4000.1 samples/s	Data 0.003s (0.003s)	Loss 0.04054 (0.05285)
2023-11-18 13:30:07,145 Epoch: [14][150/200]	Time 0.008s (0.008s)	Speed 4051.6 samples/s	Data 0.003s (0.003s)	Loss 0.04835 (0.05269)
2023-11-18 13:30:07,223 Epoch: [14][160/200]	Time 0.007s (0.008s)	Speed 4571.4 samples/s	Data 0.003s (0.003s)	Loss 0.04203 (0.05259)
2023-11-18 13:30:07,302 Epoch: [14][170/200]	Time 0.008s (0.008s)	Speed 4000.2 samples/s	Data 0.003s (0.003s)	Loss 0.05623 (0.05269)
2023-11-18 13:30:07,377 Epoch: [14][180/200]	Time 0.007s (0.008s)	Speed 4571.4 samples/s	Data 0.003s (0.003s)	Loss 0.05333 (0.05242)
2023-11-18 13:30:07,457 Epoch: [14][190/200]	Time 0.007s (0.008s)	Speed 4571.3 samples/s	Data 0.003s (0.003s)	Loss 0.04436 (0.05232)
2023-11-18 13:30:08,883 Test: [0/200]	Time 1.355 (1.355)	Loss 0.2526 (0.2526)
2023-11-18 13:30:08,917 Test: [10/200]	Time 0.002 (0.126)	Loss 0.0468 (0.2004)
2023-11-18 13:30:08,957 Test: [20/200]	Time 0.004 (0.068)	Loss 0.1153 (0.1956)
2023-11-18 13:30:08,991 Test: [30/200]	Time 0.003 (0.047)	Loss 0.3043 (0.2055)
2023-11-18 13:30:09,023 Test: [40/200]	Time 0.003 (0.036)	Loss 0.1950 (0.2145)
2023-11-18 13:30:09,052 Test: [50/200]	Time 0.003 (0.030)	Loss 0.2952 (0.2143)
2023-11-18 13:30:09,085 Test: [60/200]	Time 0.004 (0.026)	Loss 0.2423 (0.2157)
2023-11-18 13:30:09,115 Test: [70/200]	Time 0.003 (0.022)	Loss 0.2294 (0.2162)
2023-11-18 13:30:09,149 Test: [80/200]	Time 0.003 (0.020)	Loss 0.2810 (0.2117)
2023-11-18 13:30:09,181 Test: [90/200]	Time 0.003 (0.018)	Loss 0.2758 (0.2146)
2023-11-18 13:30:09,214 Test: [100/200]	Time 0.002 (0.017)	Loss 0.3204 (0.2144)
2023-11-18 13:30:09,246 Test: [110/200]	Time 0.003 (0.015)	Loss 0.2493 (0.2144)
2023-11-18 13:30:09,279 Test: [120/200]	Time 0.003 (0.014)	Loss 0.2186 (0.2111)
2023-11-18 13:30:09,309 Test: [130/200]	Time 0.003 (0.014)	Loss 0.2137 (0.2134)
2023-11-18 13:30:09,344 Test: [140/200]	Time 0.003 (0.013)	Loss 0.1719 (0.2125)
2023-11-18 13:30:09,376 Test: [150/200]	Time 0.003 (0.012)	Loss 0.2129 (0.2106)
2023-11-18 13:30:09,411 Test: [160/200]	Time 0.003 (0.012)	Loss 0.2291 (0.2104)
2023-11-18 13:30:09,443 Test: [170/200]	Time 0.003 (0.011)	Loss 0.1857 (0.2087)
2023-11-18 13:30:09,476 Test: [180/200]	Time 0.003 (0.011)	Loss 0.1764 (0.2067)
2023-11-18 13:30:09,509 Test: [190/200]	Time 0.004 (0.010)	Loss 0.1440 (0.2069)
2023-11-18 13:30:10,177 Mean IoU score: 0.586
2023-11-18 13:30:10,180 => saving checkpoint to out
2023-11-18 13:30:10,211 Epoch: [15][0/200]	Time 0.013s (0.013s)	Speed 2461.6 samples/s	Data 0.004s (0.004s)	Loss 0.04316 (0.04316)
2023-11-18 13:30:10,315 Epoch: [15][10/200]	Time 0.010s (0.011s)	Speed 3199.9 samples/s	Data 0.003s (0.003s)	Loss 0.05335 (0.04886)
2023-11-18 13:30:10,420 Epoch: [15][20/200]	Time 0.007s (0.011s)	Speed 4571.3 samples/s	Data 0.003s (0.003s)	Loss 0.04541 (0.04876)
2023-11-18 13:30:10,498 Epoch: [15][30/200]	Time 0.008s (0.010s)	Speed 4000.1 samples/s	Data 0.003s (0.003s)	Loss 0.04773 (0.04978)
2023-11-18 13:30:10,578 Epoch: [15][40/200]	Time 0.009s (0.009s)	Speed 3555.6 samples/s	Data 0.004s (0.003s)	Loss 0.05489 (0.04921)
2023-11-18 13:30:10,658 Epoch: [15][50/200]	Time 0.007s (0.009s)	Speed 4571.4 samples/s	Data 0.003s (0.003s)	Loss 0.06210 (0.04941)
2023-11-18 13:30:10,738 Epoch: [15][60/200]	Time 0.009s (0.009s)	Speed 3555.4 samples/s	Data 0.004s (0.003s)	Loss 0.04858 (0.05010)
2023-11-18 13:30:10,815 Epoch: [15][70/200]	Time 0.007s (0.009s)	Speed 4571.6 samples/s	Data 0.002s (0.003s)	Loss 0.03795 (0.04990)
2023-11-18 13:30:10,891 Epoch: [15][80/200]	Time 0.007s (0.009s)	Speed 4571.4 samples/s	Data 0.002s (0.003s)	Loss 0.05275 (0.04949)
2023-11-18 13:30:10,969 Epoch: [15][90/200]	Time 0.008s (0.008s)	Speed 4000.1 samples/s	Data 0.003s (0.003s)	Loss 0.04694 (0.04962)
2023-11-18 13:30:11,047 Epoch: [15][100/200]	Time 0.007s (0.008s)	Speed 4571.4 samples/s	Data 0.003s (0.003s)	Loss 0.06394 (0.05000)
2023-11-18 13:30:11,125 Epoch: [15][110/200]	Time 0.008s (0.008s)	Speed 3999.9 samples/s	Data 0.003s (0.003s)	Loss 0.03828 (0.05007)
2023-11-18 13:30:11,204 Epoch: [15][120/200]	Time 0.008s (0.008s)	Speed 3999.9 samples/s	Data 0.003s (0.003s)	Loss 0.05328 (0.05031)
2023-11-18 13:30:11,283 Epoch: [15][130/200]	Time 0.008s (0.008s)	Speed 4000.1 samples/s	Data 0.003s (0.003s)	Loss 0.04325 (0.05005)
2023-11-18 13:30:11,359 Epoch: [15][140/200]	Time 0.008s (0.008s)	Speed 4000.1 samples/s	Data 0.003s (0.003s)	Loss 0.06904 (0.05011)
2023-11-18 13:30:11,434 Epoch: [15][150/200]	Time 0.007s (0.008s)	Speed 4571.6 samples/s	Data 0.003s (0.003s)	Loss 0.06176 (0.05026)
2023-11-18 13:30:11,510 Epoch: [15][160/200]	Time 0.007s (0.008s)	Speed 4571.6 samples/s	Data 0.003s (0.003s)	Loss 0.05141 (0.05036)
2023-11-18 13:30:11,595 Epoch: [15][170/200]	Time 0.007s (0.008s)	Speed 4571.3 samples/s	Data 0.003s (0.003s)	Loss 0.03806 (0.05034)
2023-11-18 13:30:11,671 Epoch: [15][180/200]	Time 0.007s (0.008s)	Speed 4571.3 samples/s	Data 0.003s (0.003s)	Loss 0.03913 (0.05010)
2023-11-18 13:30:11,750 Epoch: [15][190/200]	Time 0.007s (0.008s)	Speed 4571.4 samples/s	Data 0.003s (0.003s)	Loss 0.04040 (0.04989)
2023-11-18 13:30:13,156 Test: [0/200]	Time 1.334 (1.334)	Loss 0.2458 (0.2458)
2023-11-18 13:30:13,188 Test: [10/200]	Time 0.004 (0.124)	Loss 0.0551 (0.1970)
2023-11-18 13:30:13,218 Test: [20/200]	Time 0.003 (0.066)	Loss 0.1390 (0.1932)
2023-11-18 13:30:13,249 Test: [30/200]	Time 0.003 (0.046)	Loss 0.2883 (0.2016)
2023-11-18 13:30:13,281 Test: [40/200]	Time 0.003 (0.036)	Loss 0.1840 (0.2113)
2023-11-18 13:30:13,310 Test: [50/200]	Time 0.003 (0.029)	Loss 0.2835 (0.2094)
2023-11-18 13:30:13,341 Test: [60/200]	Time 0.004 (0.025)	Loss 0.2346 (0.2108)
2023-11-18 13:30:13,371 Test: [70/200]	Time 0.004 (0.022)	Loss 0.2452 (0.2119)
2023-11-18 13:30:13,403 Test: [80/200]	Time 0.003 (0.020)	Loss 0.2621 (0.2083)
2023-11-18 13:30:13,434 Test: [90/200]	Time 0.003 (0.018)	Loss 0.2440 (0.2117)
2023-11-18 13:30:13,466 Test: [100/200]	Time 0.003 (0.016)	Loss 0.3609 (0.2120)
2023-11-18 13:30:13,496 Test: [110/200]	Time 0.002 (0.015)	Loss 0.2753 (0.2120)
2023-11-18 13:30:13,528 Test: [120/200]	Time 0.003 (0.014)	Loss 0.2423 (0.2089)
2023-11-18 13:30:13,557 Test: [130/200]	Time 0.003 (0.013)	Loss 0.2139 (0.2112)
2023-11-18 13:30:13,592 Test: [140/200]	Time 0.004 (0.013)	Loss 0.1779 (0.2100)
2023-11-18 13:30:13,622 Test: [150/200]	Time 0.003 (0.012)	Loss 0.2095 (0.2079)
2023-11-18 13:30:13,655 Test: [160/200]	Time 0.003 (0.011)	Loss 0.2591 (0.2079)
2023-11-18 13:30:13,687 Test: [170/200]	Time 0.003 (0.011)	Loss 0.2051 (0.2065)
2023-11-18 13:30:13,719 Test: [180/200]	Time 0.003 (0.010)	Loss 0.1498 (0.2043)
2023-11-18 13:30:13,750 Test: [190/200]	Time 0.004 (0.010)	Loss 0.1471 (0.2044)
2023-11-18 13:30:14,417 Mean IoU score: 0.594
2023-11-18 13:30:14,420 => saving checkpoint to out
2023-11-18 13:30:14,451 Epoch: [16][0/200]	Time 0.012s (0.012s)	Speed 2666.7 samples/s	Data 0.003s (0.003s)	Loss 0.04307 (0.04307)
2023-11-18 13:30:14,555 Epoch: [16][10/200]	Time 0.010s (0.011s)	Speed 3200.0 samples/s	Data 0.003s (0.003s)	Loss 0.04480 (0.04828)
2023-11-18 13:30:14,653 Epoch: [16][20/200]	Time 0.009s (0.010s)	Speed 3555.6 samples/s	Data 0.003s (0.003s)	Loss 0.05345 (0.05033)
2023-11-18 13:30:14,739 Epoch: [16][30/200]	Time 0.008s (0.010s)	Speed 4000.1 samples/s	Data 0.003s (0.003s)	Loss 0.04793 (0.04993)
2023-11-18 13:30:14,825 Epoch: [16][40/200]	Time 0.008s (0.009s)	Speed 3999.9 samples/s	Data 0.003s (0.003s)	Loss 0.04463 (0.04904)
2023-11-18 13:30:14,906 Epoch: [16][50/200]	Time 0.008s (0.009s)	Speed 4000.2 samples/s	Data 0.003s (0.003s)	Loss 0.05340 (0.04873)
2023-11-18 13:30:14,982 Epoch: [16][60/200]	Time 0.008s (0.009s)	Speed 3999.9 samples/s	Data 0.003s (0.003s)	Loss 0.05904 (0.04882)
2023-11-18 13:30:15,058 Epoch: [16][70/200]	Time 0.007s (0.009s)	Speed 4571.3 samples/s	Data 0.003s (0.003s)	Loss 0.05007 (0.04896)
2023-11-18 13:30:15,137 Epoch: [16][80/200]	Time 0.008s (0.009s)	Speed 3999.9 samples/s	Data 0.003s (0.003s)	Loss 0.03493 (0.04872)
2023-11-18 13:30:15,216 Epoch: [16][90/200]	Time 0.008s (0.009s)	Speed 4000.2 samples/s	Data 0.003s (0.003s)	Loss 0.05154 (0.04933)
2023-11-18 13:30:15,295 Epoch: [16][100/200]	Time 0.008s (0.008s)	Speed 3999.9 samples/s	Data 0.003s (0.003s)	Loss 0.06336 (0.04959)
2023-11-18 13:30:15,369 Epoch: [16][110/200]	Time 0.007s (0.008s)	Speed 4571.3 samples/s	Data 0.003s (0.003s)	Loss 0.04880 (0.04957)
2023-11-18 13:30:15,446 Epoch: [16][120/200]	Time 0.008s (0.008s)	Speed 3999.9 samples/s	Data 0.003s (0.003s)	Loss 0.05906 (0.04973)
2023-11-18 13:30:15,521 Epoch: [16][130/200]	Time 0.007s (0.008s)	Speed 4571.4 samples/s	Data 0.002s (0.003s)	Loss 0.04277 (0.04932)
2023-11-18 13:30:15,597 Epoch: [16][140/200]	Time 0.007s (0.008s)	Speed 4571.3 samples/s	Data 0.003s (0.003s)	Loss 0.05442 (0.04921)
2023-11-18 13:30:15,675 Epoch: [16][150/200]	Time 0.007s (0.008s)	Speed 4571.4 samples/s	Data 0.003s (0.003s)	Loss 0.05320 (0.04910)
2023-11-18 13:30:15,751 Epoch: [16][160/200]	Time 0.008s (0.008s)	Speed 3999.9 samples/s	Data 0.003s (0.003s)	Loss 0.05154 (0.04902)
2023-11-18 13:30:15,827 Epoch: [16][170/200]	Time 0.007s (0.008s)	Speed 4571.6 samples/s	Data 0.003s (0.003s)	Loss 0.05506 (0.04914)
2023-11-18 13:30:15,903 Epoch: [16][180/200]	Time 0.007s (0.008s)	Speed 4571.3 samples/s	Data 0.003s (0.003s)	Loss 0.04738 (0.04893)
2023-11-18 13:30:15,979 Epoch: [16][190/200]	Time 0.007s (0.008s)	Speed 4571.6 samples/s	Data 0.003s (0.003s)	Loss 0.04730 (0.04898)
2023-11-18 13:30:17,422 Test: [0/200]	Time 1.375 (1.375)	Loss 0.2487 (0.2487)
2023-11-18 13:30:17,452 Test: [10/200]	Time 0.003 (0.128)	Loss 0.0579 (0.1905)
2023-11-18 13:30:17,485 Test: [20/200]	Time 0.005 (0.068)	Loss 0.1345 (0.1862)
2023-11-18 13:30:17,522 Test: [30/200]	Time 0.004 (0.048)	Loss 0.3002 (0.1983)
2023-11-18 13:30:17,553 Test: [40/200]	Time 0.003 (0.037)	Loss 0.1637 (0.2066)
2023-11-18 13:30:17,584 Test: [50/200]	Time 0.003 (0.030)	Loss 0.2775 (0.2055)
2023-11-18 13:30:17,616 Test: [60/200]	Time 0.003 (0.026)	Loss 0.2472 (0.2069)
2023-11-18 13:30:17,648 Test: [70/200]	Time 0.004 (0.023)	Loss 0.2323 (0.2081)
2023-11-18 13:30:17,680 Test: [80/200]	Time 0.003 (0.020)	Loss 0.2656 (0.2042)
2023-11-18 13:30:17,712 Test: [90/200]	Time 0.003 (0.018)	Loss 0.2728 (0.2073)
2023-11-18 13:30:17,744 Test: [100/200]	Time 0.003 (0.017)	Loss 0.3259 (0.2071)
2023-11-18 13:30:17,778 Test: [110/200]	Time 0.003 (0.016)	Loss 0.2729 (0.2074)
2023-11-18 13:30:17,811 Test: [120/200]	Time 0.003 (0.015)	Loss 0.2110 (0.2039)
2023-11-18 13:30:17,845 Test: [130/200]	Time 0.004 (0.014)	Loss 0.2018 (0.2055)
2023-11-18 13:30:17,878 Test: [140/200]	Time 0.003 (0.013)	Loss 0.1865 (0.2047)
2023-11-18 13:30:17,910 Test: [150/200]	Time 0.003 (0.012)	Loss 0.1949 (0.2022)
2023-11-18 13:30:17,942 Test: [160/200]	Time 0.003 (0.012)	Loss 0.2158 (0.2020)
2023-11-18 13:30:17,975 Test: [170/200]	Time 0.004 (0.011)	Loss 0.1780 (0.2002)
2023-11-18 13:30:18,008 Test: [180/200]	Time 0.004 (0.011)	Loss 0.1535 (0.1982)
2023-11-18 13:30:18,041 Test: [190/200]	Time 0.003 (0.010)	Loss 0.1315 (0.1985)
2023-11-18 13:30:18,723 Mean IoU score: 0.603
2023-11-18 13:30:18,725 => saving checkpoint to out
2023-11-18 13:30:18,756 Epoch: [17][0/200]	Time 0.011s (0.011s)	Speed 2909.0 samples/s	Data 0.004s (0.004s)	Loss 0.05501 (0.05501)
2023-11-18 13:30:18,854 Epoch: [17][10/200]	Time 0.009s (0.010s)	Speed 3555.5 samples/s	Data 0.003s (0.003s)	Loss 0.04455 (0.04463)
2023-11-18 13:30:18,961 Epoch: [17][20/200]	Time 0.012s (0.010s)	Speed 2666.7 samples/s	Data 0.003s (0.003s)	Loss 0.05204 (0.04616)
2023-11-18 13:30:19,061 Epoch: [17][30/200]	Time 0.008s (0.010s)	Speed 4000.1 samples/s	Data 0.003s (0.003s)	Loss 0.04568 (0.04613)
2023-11-18 13:30:19,137 Epoch: [17][40/200]	Time 0.007s (0.010s)	Speed 4571.3 samples/s	Data 0.003s (0.003s)	Loss 0.04740 (0.04682)
2023-11-18 13:30:19,217 Epoch: [17][50/200]	Time 0.008s (0.009s)	Speed 4000.1 samples/s	Data 0.003s (0.003s)	Loss 0.05669 (0.04721)
2023-11-18 13:30:19,298 Epoch: [17][60/200]	Time 0.008s (0.009s)	Speed 3999.8 samples/s	Data 0.003s (0.003s)	Loss 0.05538 (0.04711)
2023-11-18 13:30:19,380 Epoch: [17][70/200]	Time 0.009s (0.009s)	Speed 3555.6 samples/s	Data 0.004s (0.003s)	Loss 0.04325 (0.04729)
2023-11-18 13:30:19,463 Epoch: [17][80/200]	Time 0.008s (0.009s)	Speed 3999.7 samples/s	Data 0.003s (0.003s)	Loss 0.05804 (0.04715)
2023-11-18 13:30:19,546 Epoch: [17][90/200]	Time 0.008s (0.009s)	Speed 4000.1 samples/s	Data 0.003s (0.003s)	Loss 0.04918 (0.04719)
2023-11-18 13:30:19,629 Epoch: [17][100/200]	Time 0.008s (0.009s)	Speed 3999.8 samples/s	Data 0.003s (0.003s)	Loss 0.03958 (0.04694)
2023-11-18 13:30:19,712 Epoch: [17][110/200]	Time 0.008s (0.009s)	Speed 3999.9 samples/s	Data 0.003s (0.003s)	Loss 0.03395 (0.04709)
2023-11-18 13:30:19,795 Epoch: [17][120/200]	Time 0.008s (0.009s)	Speed 4000.2 samples/s	Data 0.003s (0.003s)	Loss 0.04669 (0.04716)
2023-11-18 13:30:19,877 Epoch: [17][130/200]	Time 0.009s (0.009s)	Speed 3492.7 samples/s	Data 0.004s (0.003s)	Loss 0.05355 (0.04737)
2023-11-18 13:30:19,960 Epoch: [17][140/200]	Time 0.009s (0.009s)	Speed 3555.4 samples/s	Data 0.004s (0.003s)	Loss 0.04032 (0.04719)
2023-11-18 13:30:20,041 Epoch: [17][150/200]	Time 0.007s (0.009s)	Speed 4571.3 samples/s	Data 0.003s (0.003s)	Loss 0.03717 (0.04711)
2023-11-18 13:30:20,120 Epoch: [17][160/200]	Time 0.008s (0.009s)	Speed 4000.1 samples/s	Data 0.003s (0.003s)	Loss 0.04964 (0.04715)
2023-11-18 13:30:20,199 Epoch: [17][170/200]	Time 0.008s (0.009s)	Speed 4000.1 samples/s	Data 0.003s (0.003s)	Loss 0.04817 (0.04732)
2023-11-18 13:30:20,276 Epoch: [17][180/200]	Time 0.008s (0.008s)	Speed 3999.8 samples/s	Data 0.003s (0.003s)	Loss 0.04472 (0.04723)
2023-11-18 13:30:20,354 Epoch: [17][190/200]	Time 0.007s (0.008s)	Speed 4571.6 samples/s	Data 0.003s (0.003s)	Loss 0.05002 (0.04715)
2023-11-18 13:30:21,811 Test: [0/200]	Time 1.380 (1.380)	Loss 0.2632 (0.2632)
2023-11-18 13:30:21,840 Test: [10/200]	Time 0.003 (0.128)	Loss 0.0496 (0.2065)
2023-11-18 13:30:21,870 Test: [20/200]	Time 0.003 (0.069)	Loss 0.1351 (0.1989)
2023-11-18 13:30:21,899 Test: [30/200]	Time 0.003 (0.047)	Loss 0.2964 (0.2064)
2023-11-18 13:30:21,929 Test: [40/200]	Time 0.003 (0.037)	Loss 0.1808 (0.2131)
2023-11-18 13:30:21,959 Test: [50/200]	Time 0.003 (0.030)	Loss 0.2714 (0.2109)
2023-11-18 13:30:21,991 Test: [60/200]	Time 0.003 (0.026)	Loss 0.2436 (0.2123)
2023-11-18 13:30:22,022 Test: [70/200]	Time 0.003 (0.022)	Loss 0.2074 (0.2120)
2023-11-18 13:30:22,052 Test: [80/200]	Time 0.003 (0.020)	Loss 0.2978 (0.2084)
2023-11-18 13:30:22,084 Test: [90/200]	Time 0.004 (0.018)	Loss 0.2842 (0.2109)
2023-11-18 13:30:22,115 Test: [100/200]	Time 0.003 (0.017)	Loss 0.3499 (0.2113)
2023-11-18 13:30:22,150 Test: [110/200]	Time 0.003 (0.015)	Loss 0.2537 (0.2115)
2023-11-18 13:30:22,183 Test: [120/200]	Time 0.004 (0.014)	Loss 0.2435 (0.2087)
2023-11-18 13:30:22,217 Test: [130/200]	Time 0.003 (0.014)	Loss 0.2045 (0.2107)
2023-11-18 13:30:22,248 Test: [140/200]	Time 0.003 (0.013)	Loss 0.2040 (0.2100)
2023-11-18 13:30:22,283 Test: [150/200]	Time 0.004 (0.012)	Loss 0.2048 (0.2078)
2023-11-18 13:30:22,313 Test: [160/200]	Time 0.003 (0.012)	Loss 0.2401 (0.2076)
2023-11-18 13:30:22,345 Test: [170/200]	Time 0.003 (0.011)	Loss 0.2105 (0.2061)
2023-11-18 13:30:22,376 Test: [180/200]	Time 0.003 (0.011)	Loss 0.1880 (0.2043)
2023-11-18 13:30:22,408 Test: [190/200]	Time 0.003 (0.010)	Loss 0.1354 (0.2041)
2023-11-18 13:30:23,078 Mean IoU score: 0.600
2023-11-18 13:30:23,080 => saving checkpoint to out
2023-11-18 13:30:23,106 Epoch: [18][0/200]	Time 0.012s (0.012s)	Speed 2666.6 samples/s	Data 0.004s (0.004s)	Loss 0.05228 (0.05228)
2023-11-18 13:30:23,210 Epoch: [18][10/200]	Time 0.010s (0.011s)	Speed 3200.0 samples/s	Data 0.003s (0.003s)	Loss 0.03598 (0.04892)
2023-11-18 13:30:23,313 Epoch: [18][20/200]	Time 0.009s (0.010s)	Speed 3555.5 samples/s	Data 0.003s (0.003s)	Loss 0.05690 (0.04880)
2023-11-18 13:30:23,413 Epoch: [18][30/200]	Time 0.009s (0.010s)	Speed 3555.6 samples/s	Data 0.003s (0.003s)	Loss 0.03987 (0.04697)
2023-11-18 13:30:23,488 Epoch: [18][40/200]	Time 0.007s (0.010s)	Speed 4571.1 samples/s	Data 0.003s (0.003s)	Loss 0.05712 (0.04694)
2023-11-18 13:30:23,565 Epoch: [18][50/200]	Time 0.008s (0.009s)	Speed 4000.1 samples/s	Data 0.003s (0.003s)	Loss 0.04556 (0.04631)
2023-11-18 13:30:23,644 Epoch: [18][60/200]	Time 0.008s (0.009s)	Speed 3999.8 samples/s	Data 0.003s (0.003s)	Loss 0.03134 (0.04615)
2023-11-18 13:30:23,721 Epoch: [18][70/200]	Time 0.008s (0.009s)	Speed 4000.2 samples/s	Data 0.003s (0.003s)	Loss 0.04977 (0.04597)
2023-11-18 13:30:23,797 Epoch: [18][80/200]	Time 0.007s (0.009s)	Speed 4285.1 samples/s	Data 0.003s (0.003s)	Loss 0.04566 (0.04567)
2023-11-18 13:30:23,877 Epoch: [18][90/200]	Time 0.007s (0.009s)	Speed 4571.3 samples/s	Data 0.003s (0.003s)	Loss 0.04357 (0.04622)
2023-11-18 13:30:23,956 Epoch: [18][100/200]	Time 0.007s (0.009s)	Speed 4571.4 samples/s	Data 0.003s (0.003s)	Loss 0.05437 (0.04614)
2023-11-18 13:30:24,033 Epoch: [18][110/200]	Time 0.007s (0.008s)	Speed 4571.6 samples/s	Data 0.003s (0.003s)	Loss 0.05648 (0.04636)
2023-11-18 13:30:24,111 Epoch: [18][120/200]	Time 0.008s (0.008s)	Speed 4000.1 samples/s	Data 0.003s (0.003s)	Loss 0.04057 (0.04635)
2023-11-18 13:30:24,188 Epoch: [18][130/200]	Time 0.007s (0.008s)	Speed 4571.3 samples/s	Data 0.003s (0.003s)	Loss 0.05383 (0.04633)
2023-11-18 13:30:24,267 Epoch: [18][140/200]	Time 0.007s (0.008s)	Speed 4571.4 samples/s	Data 0.003s (0.003s)	Loss 0.04014 (0.04639)
2023-11-18 13:30:24,346 Epoch: [18][150/200]	Time 0.008s (0.008s)	Speed 4000.1 samples/s	Data 0.003s (0.003s)	Loss 0.04792 (0.04635)
2023-11-18 13:30:24,425 Epoch: [18][160/200]	Time 0.007s (0.008s)	Speed 4571.3 samples/s	Data 0.003s (0.003s)	Loss 0.03545 (0.04635)
2023-11-18 13:30:24,503 Epoch: [18][170/200]	Time 0.008s (0.008s)	Speed 3999.9 samples/s	Data 0.003s (0.003s)	Loss 0.04668 (0.04615)
2023-11-18 13:30:24,580 Epoch: [18][180/200]	Time 0.008s (0.008s)	Speed 3999.9 samples/s	Data 0.003s (0.003s)	Loss 0.05777 (0.04605)
2023-11-18 13:30:24,659 Epoch: [18][190/200]	Time 0.007s (0.008s)	Speed 4571.3 samples/s	Data 0.003s (0.003s)	Loss 0.04549 (0.04594)
2023-11-18 13:30:26,054 Test: [0/200]	Time 1.322 (1.322)	Loss 0.2850 (0.2850)
2023-11-18 13:30:26,092 Test: [10/200]	Time 0.004 (0.124)	Loss 0.0559 (0.1947)
2023-11-18 13:30:26,127 Test: [20/200]	Time 0.003 (0.066)	Loss 0.1232 (0.1876)
2023-11-18 13:30:26,163 Test: [30/200]	Time 0.003 (0.046)	Loss 0.2910 (0.1960)
2023-11-18 13:30:26,194 Test: [40/200]	Time 0.003 (0.036)	Loss 0.1822 (0.2035)
2023-11-18 13:30:26,223 Test: [50/200]	Time 0.003 (0.029)	Loss 0.2464 (0.2018)
2023-11-18 13:30:26,256 Test: [60/200]	Time 0.002 (0.025)	Loss 0.2308 (0.2034)
2023-11-18 13:30:26,286 Test: [70/200]	Time 0.003 (0.022)	Loss 0.2113 (0.2048)
2023-11-18 13:30:26,316 Test: [80/200]	Time 0.003 (0.020)	Loss 0.2852 (0.2011)
2023-11-18 13:30:26,348 Test: [90/200]	Time 0.003 (0.018)	Loss 0.2514 (0.2045)
2023-11-18 13:30:26,381 Test: [100/200]	Time 0.005 (0.016)	Loss 0.3148 (0.2039)
2023-11-18 13:30:26,417 Test: [110/200]	Time 0.003 (0.015)	Loss 0.2682 (0.2045)
2023-11-18 13:30:26,449 Test: [120/200]	Time 0.004 (0.014)	Loss 0.2176 (0.2019)
2023-11-18 13:30:26,482 Test: [130/200]	Time 0.004 (0.013)	Loss 0.1969 (0.2039)
2023-11-18 13:30:26,516 Test: [140/200]	Time 0.003 (0.013)	Loss 0.1948 (0.2034)
2023-11-18 13:30:26,550 Test: [150/200]	Time 0.003 (0.012)	Loss 0.2100 (0.2016)
2023-11-18 13:30:26,584 Test: [160/200]	Time 0.003 (0.011)	Loss 0.2006 (0.2016)
2023-11-18 13:30:26,620 Test: [170/200]	Time 0.004 (0.011)	Loss 0.1585 (0.1998)
2023-11-18 13:30:26,656 Test: [180/200]	Time 0.004 (0.011)	Loss 0.1606 (0.1978)
2023-11-18 13:30:26,690 Test: [190/200]	Time 0.004 (0.010)	Loss 0.1359 (0.1981)
2023-11-18 13:30:27,386 Mean IoU score: 0.603
2023-11-18 13:30:27,388 => saving checkpoint to out
2023-11-18 13:30:27,420 Epoch: [19][0/200]	Time 0.011s (0.011s)	Speed 2909.2 samples/s	Data 0.004s (0.004s)	Loss 0.05598 (0.05598)
2023-11-18 13:30:27,532 Epoch: [19][10/200]	Time 0.012s (0.011s)	Speed 2742.1 samples/s	Data 0.004s (0.003s)	Loss 0.05048 (0.04529)
2023-11-18 13:30:27,639 Epoch: [19][20/200]	Time 0.009s (0.011s)	Speed 3555.4 samples/s	Data 0.003s (0.003s)	Loss 0.03860 (0.04368)
2023-11-18 13:30:27,718 Epoch: [19][30/200]	Time 0.008s (0.010s)	Speed 4000.1 samples/s	Data 0.004s (0.003s)	Loss 0.04788 (0.04393)
2023-11-18 13:30:27,797 Epoch: [19][40/200]	Time 0.008s (0.009s)	Speed 4000.1 samples/s	Data 0.003s (0.003s)	Loss 0.03515 (0.04387)
2023-11-18 13:30:27,878 Epoch: [19][50/200]	Time 0.008s (0.009s)	Speed 3919.0 samples/s	Data 0.003s (0.003s)	Loss 0.04722 (0.04419)
2023-11-18 13:30:27,955 Epoch: [19][60/200]	Time 0.008s (0.009s)	Speed 4000.2 samples/s	Data 0.003s (0.003s)	Loss 0.04481 (0.04392)
2023-11-18 13:30:28,036 Epoch: [19][70/200]	Time 0.008s (0.009s)	Speed 4000.2 samples/s	Data 0.003s (0.003s)	Loss 0.04248 (0.04376)
2023-11-18 13:30:28,119 Epoch: [19][80/200]	Time 0.009s (0.009s)	Speed 3555.5 samples/s	Data 0.004s (0.003s)	Loss 0.05197 (0.04395)
2023-11-18 13:30:28,202 Epoch: [19][90/200]	Time 0.008s (0.009s)	Speed 3999.8 samples/s	Data 0.003s (0.003s)	Loss 0.04861 (0.04452)
2023-11-18 13:30:28,286 Epoch: [19][100/200]	Time 0.008s (0.009s)	Speed 4000.3 samples/s	Data 0.004s (0.003s)	Loss 0.05181 (0.04457)
2023-11-18 13:30:28,369 Epoch: [19][110/200]	Time 0.008s (0.009s)	Speed 3999.9 samples/s	Data 0.003s (0.003s)	Loss 0.04288 (0.04441)
2023-11-18 13:30:28,452 Epoch: [19][120/200]	Time 0.008s (0.009s)	Speed 3999.9 samples/s	Data 0.003s (0.003s)	Loss 0.04155 (0.04433)
2023-11-18 13:30:28,536 Epoch: [19][130/200]	Time 0.009s (0.009s)	Speed 3555.7 samples/s	Data 0.003s (0.003s)	Loss 0.04545 (0.04434)
2023-11-18 13:30:28,618 Epoch: [19][140/200]	Time 0.008s (0.009s)	Speed 4000.3 samples/s	Data 0.003s (0.003s)	Loss 0.03726 (0.04458)
2023-11-18 13:30:28,703 Epoch: [19][150/200]	Time 0.008s (0.009s)	Speed 4000.2 samples/s	Data 0.003s (0.003s)	Loss 0.04550 (0.04462)
2023-11-18 13:30:28,786 Epoch: [19][160/200]	Time 0.008s (0.009s)	Speed 4000.2 samples/s	Data 0.003s (0.003s)	Loss 0.05324 (0.04475)
2023-11-18 13:30:28,868 Epoch: [19][170/200]	Time 0.009s (0.009s)	Speed 3555.5 samples/s	Data 0.003s (0.003s)	Loss 0.03959 (0.04463)
2023-11-18 13:30:28,956 Epoch: [19][180/200]	Time 0.009s (0.009s)	Speed 3556.4 samples/s	Data 0.004s (0.003s)	Loss 0.04274 (0.04452)
2023-11-18 13:30:29,041 Epoch: [19][190/200]	Time 0.008s (0.009s)	Speed 4000.3 samples/s	Data 0.003s (0.003s)	Loss 0.05010 (0.04464)
2023-11-18 13:30:30,484 Test: [0/200]	Time 1.370 (1.370)	Loss 0.2720 (0.2720)
2023-11-18 13:30:30,520 Test: [10/200]	Time 0.004 (0.128)	Loss 0.0588 (0.2036)
2023-11-18 13:30:30,559 Test: [20/200]	Time 0.004 (0.069)	Loss 0.1184 (0.1971)
2023-11-18 13:30:30,595 Test: [30/200]	Time 0.004 (0.048)	Loss 0.3065 (0.2098)
2023-11-18 13:30:30,632 Test: [40/200]	Time 0.004 (0.037)	Loss 0.1823 (0.2201)
2023-11-18 13:30:30,667 Test: [50/200]	Time 0.003 (0.030)	Loss 0.2986 (0.2195)
2023-11-18 13:30:30,704 Test: [60/200]	Time 0.004 (0.026)	Loss 0.2907 (0.2232)
2023-11-18 13:30:30,738 Test: [70/200]	Time 0.004 (0.023)	Loss 0.2378 (0.2236)
2023-11-18 13:30:30,773 Test: [80/200]	Time 0.003 (0.020)	Loss 0.2987 (0.2191)
2023-11-18 13:30:30,807 Test: [90/200]	Time 0.004 (0.019)	Loss 0.2761 (0.2220)
2023-11-18 13:30:30,841 Test: [100/200]	Time 0.003 (0.017)	Loss 0.3700 (0.2222)
2023-11-18 13:30:30,872 Test: [110/200]	Time 0.003 (0.016)	Loss 0.2880 (0.2222)
2023-11-18 13:30:30,905 Test: [120/200]	Time 0.003 (0.015)	Loss 0.2427 (0.2188)
2023-11-18 13:30:30,936 Test: [130/200]	Time 0.003 (0.014)	Loss 0.2176 (0.2216)
2023-11-18 13:30:30,969 Test: [140/200]	Time 0.003 (0.013)	Loss 0.2037 (0.2206)
2023-11-18 13:30:31,001 Test: [150/200]	Time 0.003 (0.012)	Loss 0.2325 (0.2190)
2023-11-18 13:30:31,033 Test: [160/200]	Time 0.003 (0.012)	Loss 0.2271 (0.2184)
2023-11-18 13:30:31,065 Test: [170/200]	Time 0.003 (0.011)	Loss 0.1912 (0.2163)
2023-11-18 13:30:31,098 Test: [180/200]	Time 0.003 (0.011)	Loss 0.1738 (0.2140)
2023-11-18 13:30:31,129 Test: [190/200]	Time 0.003 (0.011)	Loss 0.1487 (0.2141)
2023-11-18 13:30:31,782 Mean IoU score: 0.585
2023-11-18 13:30:31,785 => saving checkpoint to out
2023-11-18 13:30:31,798 saving final model state to out\final_state.pth.tar
