2023-11-18 13:34:29,935 Namespace(out_dir='out', frequent=10, eval_interval=1, gpu=True, num_workers=0)
2023-11-18 13:34:30,228 => load 200 samples
2023-11-18 13:34:30,229 => load 200 samples
2023-11-18 13:34:30,511 Epoch: [0][0/200]	Time 0.281s (0.281s)	Speed 114.0 samples/s	Data 0.017s (0.017s)	Loss 2.54372 (2.54372)
2023-11-18 13:34:30,597 Epoch: [0][10/200]	Time 0.008s (0.033s)	Speed 3999.7 samples/s	Data 0.003s (0.005s)	Loss 2.02617 (2.23444)
2023-11-18 13:34:30,679 Epoch: [0][20/200]	Time 0.008s (0.021s)	Speed 4000.2 samples/s	Data 0.003s (0.004s)	Loss 1.77420 (2.06600)
2023-11-18 13:34:30,756 Epoch: [0][30/200]	Time 0.008s (0.017s)	Speed 3999.8 samples/s	Data 0.003s (0.004s)	Loss 1.53932 (1.92727)
2023-11-18 13:34:30,844 Epoch: [0][40/200]	Time 0.008s (0.015s)	Speed 3999.9 samples/s	Data 0.003s (0.004s)	Loss 1.34423 (1.80699)
2023-11-18 13:34:30,926 Epoch: [0][50/200]	Time 0.009s (0.014s)	Speed 3555.3 samples/s	Data 0.004s (0.004s)	Loss 1.16343 (1.69855)
2023-11-18 13:34:31,010 Epoch: [0][60/200]	Time 0.009s (0.013s)	Speed 3555.2 samples/s	Data 0.004s (0.004s)	Loss 1.02297 (1.59812)
2023-11-18 13:34:31,088 Epoch: [0][70/200]	Time 0.007s (0.012s)	Speed 4572.5 samples/s	Data 0.003s (0.004s)	Loss 0.87356 (1.50783)
2023-11-18 13:34:31,167 Epoch: [0][80/200]	Time 0.007s (0.012s)	Speed 4571.8 samples/s	Data 0.003s (0.004s)	Loss 0.78473 (1.42412)
2023-11-18 13:34:31,246 Epoch: [0][90/200]	Time 0.007s (0.011s)	Speed 4570.4 samples/s	Data 0.003s (0.003s)	Loss 0.69109 (1.34710)
2023-11-18 13:34:31,323 Epoch: [0][100/200]	Time 0.007s (0.011s)	Speed 4908.5 samples/s	Data 0.003s (0.003s)	Loss 0.57688 (1.27556)
2023-11-18 13:34:31,402 Epoch: [0][110/200]	Time 0.007s (0.011s)	Speed 4571.4 samples/s	Data 0.002s (0.003s)	Loss 0.49715 (1.20914)
2023-11-18 13:34:31,482 Epoch: [0][120/200]	Time 0.009s (0.010s)	Speed 3555.4 samples/s	Data 0.003s (0.003s)	Loss 0.42412 (1.14824)
2023-11-18 13:34:31,562 Epoch: [0][130/200]	Time 0.007s (0.010s)	Speed 4570.8 samples/s	Data 0.003s (0.003s)	Loss 0.42047 (1.09220)
2023-11-18 13:34:31,644 Epoch: [0][140/200]	Time 0.008s (0.010s)	Speed 4000.2 samples/s	Data 0.003s (0.003s)	Loss 0.37323 (1.04250)
2023-11-18 13:34:31,726 Epoch: [0][150/200]	Time 0.008s (0.010s)	Speed 3999.9 samples/s	Data 0.003s (0.003s)	Loss 0.36186 (0.99665)
2023-11-18 13:34:31,810 Epoch: [0][160/200]	Time 0.008s (0.010s)	Speed 3999.9 samples/s	Data 0.003s (0.003s)	Loss 0.33777 (0.95546)
2023-11-18 13:34:31,894 Epoch: [0][170/200]	Time 0.009s (0.010s)	Speed 3555.5 samples/s	Data 0.004s (0.003s)	Loss 0.32537 (0.91797)
2023-11-18 13:34:31,978 Epoch: [0][180/200]	Time 0.008s (0.010s)	Speed 3833.0 samples/s	Data 0.003s (0.003s)	Loss 0.29767 (0.88418)
2023-11-18 13:34:32,061 Epoch: [0][190/200]	Time 0.008s (0.010s)	Speed 4000.2 samples/s	Data 0.003s (0.003s)	Loss 0.26594 (0.85247)
2023-11-18 13:34:33,438 Test: [0/200]	Time 1.301 (1.301)	Loss 0.6806 (0.6806)
2023-11-18 13:34:33,469 Test: [10/200]	Time 0.003 (0.121)	Loss 0.2200 (0.5772)
2023-11-18 13:34:33,501 Test: [20/200]	Time 0.003 (0.065)	Loss 0.4155 (0.5931)
2023-11-18 13:34:33,531 Test: [30/200]	Time 0.003 (0.045)	Loss 0.8677 (0.6097)
2023-11-18 13:34:33,560 Test: [40/200]	Time 0.003 (0.035)	Loss 0.6063 (0.6364)
2023-11-18 13:34:33,591 Test: [50/200]	Time 0.003 (0.029)	Loss 0.7528 (0.6422)
2023-11-18 13:34:33,620 Test: [60/200]	Time 0.003 (0.024)	Loss 0.7152 (0.6417)
2023-11-18 13:34:33,650 Test: [70/200]	Time 0.003 (0.021)	Loss 0.6376 (0.6424)
2023-11-18 13:34:33,681 Test: [80/200]	Time 0.003 (0.019)	Loss 0.8061 (0.6340)
2023-11-18 13:34:33,710 Test: [90/200]	Time 0.003 (0.017)	Loss 0.8163 (0.6406)
2023-11-18 13:34:33,740 Test: [100/200]	Time 0.003 (0.016)	Loss 0.8161 (0.6393)
2023-11-18 13:34:33,770 Test: [110/200]	Time 0.003 (0.015)	Loss 0.7724 (0.6408)
2023-11-18 13:34:33,801 Test: [120/200]	Time 0.003 (0.014)	Loss 0.7745 (0.6351)
2023-11-18 13:34:33,835 Test: [130/200]	Time 0.003 (0.013)	Loss 0.6130 (0.6427)
2023-11-18 13:34:33,864 Test: [140/200]	Time 0.003 (0.012)	Loss 0.6210 (0.6409)
2023-11-18 13:34:33,893 Test: [150/200]	Time 0.003 (0.012)	Loss 0.6745 (0.6386)
2023-11-18 13:34:33,922 Test: [160/200]	Time 0.002 (0.011)	Loss 0.6493 (0.6388)
2023-11-18 13:34:33,952 Test: [170/200]	Time 0.003 (0.011)	Loss 0.4834 (0.6354)
2023-11-18 13:34:33,982 Test: [180/200]	Time 0.003 (0.010)	Loss 0.5140 (0.6314)
2023-11-18 13:34:34,011 Test: [190/200]	Time 0.003 (0.010)	Loss 0.5276 (0.6332)
2023-11-18 13:34:34,638 Mean IoU score: 0.091
2023-11-18 13:34:34,641 => saving checkpoint to out
2023-11-18 13:34:34,669 Epoch: [1][0/200]	Time 0.009s (0.009s)	Speed 3555.5 samples/s	Data 0.004s (0.004s)	Loss 0.26324 (0.26324)
2023-11-18 13:34:34,749 Epoch: [1][10/200]	Time 0.007s (0.008s)	Speed 4571.1 samples/s	Data 0.003s (0.003s)	Loss 0.26811 (0.27609)
2023-11-18 13:34:34,830 Epoch: [1][20/200]	Time 0.008s (0.008s)	Speed 3859.9 samples/s	Data 0.003s (0.003s)	Loss 0.33127 (0.27141)
2023-11-18 13:34:34,910 Epoch: [1][30/200]	Time 0.007s (0.008s)	Speed 4571.6 samples/s	Data 0.002s (0.003s)	Loss 0.21231 (0.26737)
2023-11-18 13:34:34,987 Epoch: [1][40/200]	Time 0.007s (0.008s)	Speed 4571.4 samples/s	Data 0.003s (0.003s)	Loss 0.23395 (0.26029)
2023-11-18 13:34:35,063 Epoch: [1][50/200]	Time 0.008s (0.008s)	Speed 4000.2 samples/s	Data 0.003s (0.003s)	Loss 0.20820 (0.25579)
2023-11-18 13:34:35,139 Epoch: [1][60/200]	Time 0.007s (0.008s)	Speed 4571.3 samples/s	Data 0.003s (0.003s)	Loss 0.22560 (0.25149)
2023-11-18 13:34:35,217 Epoch: [1][70/200]	Time 0.007s (0.008s)	Speed 4571.3 samples/s	Data 0.003s (0.003s)	Loss 0.21650 (0.24666)
2023-11-18 13:34:35,295 Epoch: [1][80/200]	Time 0.008s (0.008s)	Speed 4228.9 samples/s	Data 0.003s (0.003s)	Loss 0.17693 (0.24109)
2023-11-18 13:34:35,371 Epoch: [1][90/200]	Time 0.008s (0.008s)	Speed 4000.2 samples/s	Data 0.003s (0.003s)	Loss 0.19759 (0.23609)
2023-11-18 13:34:35,447 Epoch: [1][100/200]	Time 0.007s (0.008s)	Speed 4571.4 samples/s	Data 0.003s (0.003s)	Loss 0.19204 (0.23359)
2023-11-18 13:34:35,520 Epoch: [1][110/200]	Time 0.007s (0.008s)	Speed 4571.9 samples/s	Data 0.003s (0.003s)	Loss 0.18431 (0.23044)
2023-11-18 13:34:35,594 Epoch: [1][120/200]	Time 0.007s (0.008s)	Speed 4571.4 samples/s	Data 0.003s (0.003s)	Loss 0.17036 (0.22675)
2023-11-18 13:34:35,671 Epoch: [1][130/200]	Time 0.007s (0.008s)	Speed 4571.6 samples/s	Data 0.003s (0.003s)	Loss 0.17465 (0.22335)
2023-11-18 13:34:35,748 Epoch: [1][140/200]	Time 0.007s (0.008s)	Speed 4571.4 samples/s	Data 0.003s (0.003s)	Loss 0.22291 (0.22075)
2023-11-18 13:34:35,824 Epoch: [1][150/200]	Time 0.008s (0.008s)	Speed 3999.8 samples/s	Data 0.003s (0.003s)	Loss 0.15669 (0.21795)
2023-11-18 13:34:35,902 Epoch: [1][160/200]	Time 0.008s (0.008s)	Speed 3999.6 samples/s	Data 0.003s (0.003s)	Loss 0.18262 (0.21556)
2023-11-18 13:34:35,979 Epoch: [1][170/200]	Time 0.008s (0.008s)	Speed 4000.1 samples/s	Data 0.003s (0.003s)	Loss 0.16699 (0.21329)
2023-11-18 13:34:36,055 Epoch: [1][180/200]	Time 0.007s (0.008s)	Speed 4571.4 samples/s	Data 0.003s (0.003s)	Loss 0.19176 (0.21137)
2023-11-18 13:34:36,135 Epoch: [1][190/200]	Time 0.008s (0.008s)	Speed 4000.1 samples/s	Data 0.003s (0.003s)	Loss 0.17058 (0.20967)
2023-11-18 13:34:37,498 Test: [0/200]	Time 1.290 (1.290)	Loss 0.4524 (0.4524)
2023-11-18 13:34:37,533 Test: [10/200]	Time 0.004 (0.120)	Loss 0.1314 (0.3715)
2023-11-18 13:34:37,570 Test: [20/200]	Time 0.003 (0.065)	Loss 0.2821 (0.3813)
2023-11-18 13:34:37,601 Test: [30/200]	Time 0.003 (0.045)	Loss 0.5382 (0.3906)
2023-11-18 13:34:37,632 Test: [40/200]	Time 0.004 (0.035)	Loss 0.3706 (0.4088)
2023-11-18 13:34:37,661 Test: [50/200]	Time 0.003 (0.028)	Loss 0.4875 (0.4092)
2023-11-18 13:34:37,693 Test: [60/200]	Time 0.003 (0.024)	Loss 0.4683 (0.4102)
2023-11-18 13:34:37,723 Test: [70/200]	Time 0.003 (0.021)	Loss 0.4062 (0.4102)
2023-11-18 13:34:37,755 Test: [80/200]	Time 0.003 (0.019)	Loss 0.5393 (0.4046)
2023-11-18 13:34:37,784 Test: [90/200]	Time 0.003 (0.017)	Loss 0.5277 (0.4090)
2023-11-18 13:34:37,814 Test: [100/200]	Time 0.003 (0.016)	Loss 0.5609 (0.4087)
2023-11-18 13:34:37,843 Test: [110/200]	Time 0.003 (0.015)	Loss 0.5126 (0.4097)
2023-11-18 13:34:37,874 Test: [120/200]	Time 0.003 (0.014)	Loss 0.5015 (0.4062)
2023-11-18 13:34:37,904 Test: [130/200]	Time 0.003 (0.013)	Loss 0.3352 (0.4099)
2023-11-18 13:34:37,935 Test: [140/200]	Time 0.003 (0.012)	Loss 0.3917 (0.4086)
2023-11-18 13:34:37,967 Test: [150/200]	Time 0.003 (0.012)	Loss 0.4264 (0.4064)
2023-11-18 13:34:37,999 Test: [160/200]	Time 0.003 (0.011)	Loss 0.4371 (0.4061)
2023-11-18 13:34:38,031 Test: [170/200]	Time 0.003 (0.011)	Loss 0.3263 (0.4033)
2023-11-18 13:34:38,063 Test: [180/200]	Time 0.004 (0.010)	Loss 0.2969 (0.4006)
2023-11-18 13:34:38,096 Test: [190/200]	Time 0.004 (0.010)	Loss 0.3204 (0.4018)
2023-11-18 13:34:38,724 Mean IoU score: 0.162
2023-11-18 13:34:38,726 => saving checkpoint to out
2023-11-18 13:34:38,757 Epoch: [2][0/200]	Time 0.011s (0.011s)	Speed 2872.1 samples/s	Data 0.004s (0.004s)	Loss 0.15371 (0.15371)
2023-11-18 13:34:38,864 Epoch: [2][10/200]	Time 0.010s (0.011s)	Speed 3199.9 samples/s	Data 0.003s (0.003s)	Loss 0.17542 (0.16999)
2023-11-18 13:34:38,961 Epoch: [2][20/200]	Time 0.008s (0.010s)	Speed 4000.8 samples/s	Data 0.003s (0.003s)	Loss 0.18012 (0.16589)
2023-11-18 13:34:39,042 Epoch: [2][30/200]	Time 0.008s (0.010s)	Speed 4000.4 samples/s	Data 0.003s (0.003s)	Loss 0.14801 (0.16102)
2023-11-18 13:34:39,122 Epoch: [2][40/200]	Time 0.007s (0.009s)	Speed 4571.6 samples/s	Data 0.003s (0.003s)	Loss 0.14485 (0.16059)
2023-11-18 13:34:39,200 Epoch: [2][50/200]	Time 0.008s (0.009s)	Speed 3999.8 samples/s	Data 0.004s (0.003s)	Loss 0.14490 (0.16003)
2023-11-18 13:34:39,277 Epoch: [2][60/200]	Time 0.008s (0.009s)	Speed 3999.8 samples/s	Data 0.003s (0.003s)	Loss 0.15069 (0.15927)
2023-11-18 13:34:39,353 Epoch: [2][70/200]	Time 0.008s (0.009s)	Speed 3999.9 samples/s	Data 0.004s (0.003s)	Loss 0.16076 (0.15712)
2023-11-18 13:34:39,432 Epoch: [2][80/200]	Time 0.008s (0.008s)	Speed 4000.2 samples/s	Data 0.003s (0.003s)	Loss 0.13271 (0.15591)
2023-11-18 13:34:39,510 Epoch: [2][90/200]	Time 0.007s (0.008s)	Speed 4311.7 samples/s	Data 0.002s (0.003s)	Loss 0.13934 (0.15472)
2023-11-18 13:34:39,591 Epoch: [2][100/200]	Time 0.008s (0.008s)	Speed 4000.1 samples/s	Data 0.003s (0.003s)	Loss 0.15640 (0.15331)
2023-11-18 13:34:39,670 Epoch: [2][110/200]	Time 0.008s (0.008s)	Speed 4000.1 samples/s	Data 0.003s (0.003s)	Loss 0.13018 (0.15346)
2023-11-18 13:34:39,749 Epoch: [2][120/200]	Time 0.008s (0.008s)	Speed 4000.1 samples/s	Data 0.003s (0.003s)	Loss 0.16483 (0.15230)
2023-11-18 13:34:39,826 Epoch: [2][130/200]	Time 0.008s (0.008s)	Speed 4000.1 samples/s	Data 0.003s (0.003s)	Loss 0.16022 (0.15166)
2023-11-18 13:34:39,904 Epoch: [2][140/200]	Time 0.007s (0.008s)	Speed 4571.3 samples/s	Data 0.002s (0.003s)	Loss 0.14246 (0.15063)
2023-11-18 13:34:39,982 Epoch: [2][150/200]	Time 0.008s (0.008s)	Speed 3999.9 samples/s	Data 0.003s (0.003s)	Loss 0.12003 (0.15011)
2023-11-18 13:34:40,060 Epoch: [2][160/200]	Time 0.008s (0.008s)	Speed 4000.1 samples/s	Data 0.003s (0.003s)	Loss 0.11454 (0.14887)
2023-11-18 13:34:40,138 Epoch: [2][170/200]	Time 0.007s (0.008s)	Speed 4571.9 samples/s	Data 0.003s (0.003s)	Loss 0.14002 (0.14797)
2023-11-18 13:34:40,218 Epoch: [2][180/200]	Time 0.007s (0.008s)	Speed 4571.3 samples/s	Data 0.003s (0.003s)	Loss 0.14497 (0.14673)
2023-11-18 13:34:40,297 Epoch: [2][190/200]	Time 0.007s (0.008s)	Speed 4571.6 samples/s	Data 0.003s (0.003s)	Loss 0.13167 (0.14584)
2023-11-18 13:34:41,723 Test: [0/200]	Time 1.355 (1.355)	Loss 0.3747 (0.3747)
2023-11-18 13:34:41,753 Test: [10/200]	Time 0.003 (0.126)	Loss 0.1009 (0.3136)
2023-11-18 13:34:41,784 Test: [20/200]	Time 0.003 (0.067)	Loss 0.2106 (0.3221)
2023-11-18 13:34:41,814 Test: [30/200]	Time 0.003 (0.047)	Loss 0.4655 (0.3310)
2023-11-18 13:34:41,845 Test: [40/200]	Time 0.003 (0.036)	Loss 0.3097 (0.3475)
2023-11-18 13:34:41,875 Test: [50/200]	Time 0.003 (0.030)	Loss 0.4108 (0.3475)
2023-11-18 13:34:41,904 Test: [60/200]	Time 0.003 (0.025)	Loss 0.4178 (0.3501)
2023-11-18 13:34:41,937 Test: [70/200]	Time 0.003 (0.022)	Loss 0.3647 (0.3494)
2023-11-18 13:34:41,969 Test: [80/200]	Time 0.003 (0.020)	Loss 0.4336 (0.3443)
2023-11-18 13:34:42,001 Test: [90/200]	Time 0.003 (0.018)	Loss 0.4448 (0.3476)
2023-11-18 13:34:42,032 Test: [100/200]	Time 0.003 (0.016)	Loss 0.4936 (0.3483)
2023-11-18 13:34:42,063 Test: [110/200]	Time 0.003 (0.015)	Loss 0.4516 (0.3493)
2023-11-18 13:34:42,093 Test: [120/200]	Time 0.003 (0.014)	Loss 0.4354 (0.3456)
2023-11-18 13:34:42,125 Test: [130/200]	Time 0.004 (0.013)	Loss 0.3306 (0.3489)
2023-11-18 13:34:42,158 Test: [140/200]	Time 0.003 (0.013)	Loss 0.2805 (0.3472)
2023-11-18 13:34:42,191 Test: [150/200]	Time 0.004 (0.012)	Loss 0.3654 (0.3451)
2023-11-18 13:34:42,232 Test: [160/200]	Time 0.004 (0.012)	Loss 0.3592 (0.3445)
2023-11-18 13:34:42,270 Test: [170/200]	Time 0.003 (0.011)	Loss 0.2797 (0.3416)
2023-11-18 13:34:42,301 Test: [180/200]	Time 0.003 (0.011)	Loss 0.2779 (0.3393)
2023-11-18 13:34:42,331 Test: [190/200]	Time 0.003 (0.010)	Loss 0.2842 (0.3403)
2023-11-18 13:34:42,964 Mean IoU score: 0.313
2023-11-18 13:34:42,966 => saving checkpoint to out
2023-11-18 13:34:42,996 Epoch: [3][0/200]	Time 0.011s (0.011s)	Speed 2909.0 samples/s	Data 0.005s (0.005s)	Loss 0.12880 (0.12880)
2023-11-18 13:34:43,095 Epoch: [3][10/200]	Time 0.010s (0.010s)	Speed 3200.0 samples/s	Data 0.003s (0.003s)	Loss 0.12073 (0.13070)
2023-11-18 13:34:43,187 Epoch: [3][20/200]	Time 0.009s (0.010s)	Speed 3553.2 samples/s	Data 0.003s (0.003s)	Loss 0.18234 (0.12707)
2023-11-18 13:34:43,278 Epoch: [3][30/200]	Time 0.009s (0.009s)	Speed 3555.4 samples/s	Data 0.003s (0.003s)	Loss 0.10028 (0.12695)
2023-11-18 13:34:43,363 Epoch: [3][40/200]	Time 0.008s (0.009s)	Speed 4000.1 samples/s	Data 0.003s (0.003s)	Loss 0.12231 (0.12544)
2023-11-18 13:34:43,445 Epoch: [3][50/200]	Time 0.008s (0.009s)	Speed 4000.8 samples/s	Data 0.003s (0.003s)	Loss 0.10448 (0.12445)
2023-11-18 13:34:43,524 Epoch: [3][60/200]	Time 0.008s (0.009s)	Speed 3999.9 samples/s	Data 0.003s (0.003s)	Loss 0.10761 (0.12274)
2023-11-18 13:34:43,600 Epoch: [3][70/200]	Time 0.007s (0.009s)	Speed 4566.6 samples/s	Data 0.003s (0.003s)	Loss 0.11810 (0.12269)
2023-11-18 13:34:43,679 Epoch: [3][80/200]	Time 0.008s (0.009s)	Speed 3999.9 samples/s	Data 0.003s (0.003s)	Loss 0.09118 (0.12186)
2023-11-18 13:34:43,759 Epoch: [3][90/200]	Time 0.008s (0.009s)	Speed 3999.8 samples/s	Data 0.003s (0.003s)	Loss 0.11381 (0.12160)
2023-11-18 13:34:43,841 Epoch: [3][100/200]	Time 0.008s (0.008s)	Speed 4000.1 samples/s	Data 0.003s (0.003s)	Loss 0.11567 (0.12155)
2023-11-18 13:34:43,919 Epoch: [3][110/200]	Time 0.007s (0.008s)	Speed 4571.3 samples/s	Data 0.003s (0.003s)	Loss 0.10330 (0.12135)
2023-11-18 13:34:43,999 Epoch: [3][120/200]	Time 0.008s (0.008s)	Speed 4000.1 samples/s	Data 0.003s (0.003s)	Loss 0.12516 (0.12116)
2023-11-18 13:34:44,078 Epoch: [3][130/200]	Time 0.008s (0.008s)	Speed 4000.1 samples/s	Data 0.003s (0.003s)	Loss 0.12642 (0.12075)
2023-11-18 13:34:44,157 Epoch: [3][140/200]	Time 0.007s (0.008s)	Speed 4571.4 samples/s	Data 0.003s (0.003s)	Loss 0.11954 (0.12017)
2023-11-18 13:34:44,235 Epoch: [3][150/200]	Time 0.007s (0.008s)	Speed 4571.4 samples/s	Data 0.003s (0.003s)	Loss 0.09621 (0.12027)
2023-11-18 13:34:44,314 Epoch: [3][160/200]	Time 0.008s (0.008s)	Speed 4000.2 samples/s	Data 0.003s (0.003s)	Loss 0.11083 (0.12023)
2023-11-18 13:34:44,394 Epoch: [3][170/200]	Time 0.007s (0.008s)	Speed 4571.6 samples/s	Data 0.003s (0.003s)	Loss 0.12888 (0.11995)
2023-11-18 13:34:44,470 Epoch: [3][180/200]	Time 0.007s (0.008s)	Speed 4571.6 samples/s	Data 0.003s (0.003s)	Loss 0.13542 (0.11962)
2023-11-18 13:34:44,548 Epoch: [3][190/200]	Time 0.008s (0.008s)	Speed 4000.3 samples/s	Data 0.003s (0.003s)	Loss 0.09220 (0.11917)
2023-11-18 13:34:45,917 Test: [0/200]	Time 1.297 (1.297)	Loss 0.3698 (0.3698)
2023-11-18 13:34:45,953 Test: [10/200]	Time 0.004 (0.121)	Loss 0.0900 (0.3015)
2023-11-18 13:34:45,986 Test: [20/200]	Time 0.004 (0.065)	Loss 0.2026 (0.3080)
2023-11-18 13:34:46,023 Test: [30/200]	Time 0.003 (0.045)	Loss 0.4641 (0.3192)
2023-11-18 13:34:46,053 Test: [40/200]	Time 0.003 (0.035)	Loss 0.3146 (0.3346)
2023-11-18 13:34:46,083 Test: [50/200]	Time 0.003 (0.029)	Loss 0.4530 (0.3354)
2023-11-18 13:34:46,114 Test: [60/200]	Time 0.003 (0.024)	Loss 0.3983 (0.3380)
2023-11-18 13:34:46,145 Test: [70/200]	Time 0.004 (0.021)	Loss 0.3785 (0.3388)
2023-11-18 13:34:46,177 Test: [80/200]	Time 0.003 (0.019)	Loss 0.4330 (0.3334)
2023-11-18 13:34:46,214 Test: [90/200]	Time 0.004 (0.018)	Loss 0.4421 (0.3371)
2023-11-18 13:34:46,248 Test: [100/200]	Time 0.003 (0.016)	Loss 0.4852 (0.3371)
2023-11-18 13:34:46,285 Test: [110/200]	Time 0.004 (0.015)	Loss 0.4161 (0.3378)
2023-11-18 13:34:46,320 Test: [120/200]	Time 0.004 (0.014)	Loss 0.4037 (0.3343)
2023-11-18 13:34:46,355 Test: [130/200]	Time 0.003 (0.013)	Loss 0.3019 (0.3371)
2023-11-18 13:34:46,386 Test: [140/200]	Time 0.004 (0.013)	Loss 0.3204 (0.3356)
2023-11-18 13:34:46,417 Test: [150/200]	Time 0.004 (0.012)	Loss 0.3326 (0.3335)
2023-11-18 13:34:46,448 Test: [160/200]	Time 0.003 (0.011)	Loss 0.3605 (0.3325)
2023-11-18 13:34:46,480 Test: [170/200]	Time 0.004 (0.011)	Loss 0.2633 (0.3299)
2023-11-18 13:34:46,513 Test: [180/200]	Time 0.004 (0.010)	Loss 0.2359 (0.3268)
2023-11-18 13:34:46,547 Test: [190/200]	Time 0.003 (0.010)	Loss 0.2730 (0.3277)
2023-11-18 13:34:47,182 Mean IoU score: 0.404
2023-11-18 13:34:47,185 => saving checkpoint to out
2023-11-18 13:34:47,217 Epoch: [4][0/200]	Time 0.013s (0.013s)	Speed 2461.5 samples/s	Data 0.004s (0.004s)	Loss 0.11480 (0.11480)
2023-11-18 13:34:47,322 Epoch: [4][10/200]	Time 0.010s (0.011s)	Speed 3199.9 samples/s	Data 0.003s (0.003s)	Loss 0.10077 (0.11083)
2023-11-18 13:34:47,425 Epoch: [4][20/200]	Time 0.010s (0.011s)	Speed 3200.0 samples/s	Data 0.003s (0.003s)	Loss 0.09711 (0.10589)
2023-11-18 13:34:47,526 Epoch: [4][30/200]	Time 0.011s (0.010s)	Speed 2909.1 samples/s	Data 0.003s (0.003s)	Loss 0.10178 (0.10610)
2023-11-18 13:34:47,604 Epoch: [4][40/200]	Time 0.007s (0.010s)	Speed 4571.6 samples/s	Data 0.002s (0.003s)	Loss 0.10558 (0.10671)
2023-11-18 13:34:47,681 Epoch: [4][50/200]	Time 0.007s (0.009s)	Speed 4387.3 samples/s	Data 0.002s (0.003s)	Loss 0.10079 (0.10614)
2023-11-18 13:34:47,760 Epoch: [4][60/200]	Time 0.007s (0.009s)	Speed 4571.3 samples/s	Data 0.003s (0.003s)	Loss 0.07771 (0.10424)
2023-11-18 13:34:47,840 Epoch: [4][70/200]	Time 0.008s (0.009s)	Speed 4000.1 samples/s	Data 0.003s (0.003s)	Loss 0.11062 (0.10528)
2023-11-18 13:34:47,917 Epoch: [4][80/200]	Time 0.007s (0.009s)	Speed 4571.6 samples/s	Data 0.003s (0.003s)	Loss 0.10508 (0.10493)
2023-11-18 13:34:47,994 Epoch: [4][90/200]	Time 0.008s (0.009s)	Speed 3999.3 samples/s	Data 0.003s (0.003s)	Loss 0.09730 (0.10421)
2023-11-18 13:34:48,071 Epoch: [4][100/200]	Time 0.007s (0.009s)	Speed 4571.4 samples/s	Data 0.003s (0.003s)	Loss 0.11231 (0.10418)
2023-11-18 13:34:48,150 Epoch: [4][110/200]	Time 0.009s (0.009s)	Speed 3555.5 samples/s	Data 0.003s (0.003s)	Loss 0.11499 (0.10457)
2023-11-18 13:34:48,227 Epoch: [4][120/200]	Time 0.007s (0.008s)	Speed 4571.6 samples/s	Data 0.003s (0.003s)	Loss 0.09628 (0.10443)
2023-11-18 13:34:48,307 Epoch: [4][130/200]	Time 0.008s (0.008s)	Speed 4000.1 samples/s	Data 0.003s (0.003s)	Loss 0.10467 (0.10442)
2023-11-18 13:34:48,390 Epoch: [4][140/200]	Time 0.009s (0.008s)	Speed 3555.5 samples/s	Data 0.004s (0.003s)	Loss 0.10229 (0.10479)
2023-11-18 13:34:48,465 Epoch: [4][150/200]	Time 0.007s (0.008s)	Speed 4571.9 samples/s	Data 0.003s (0.003s)	Loss 0.08484 (0.10445)
2023-11-18 13:34:48,542 Epoch: [4][160/200]	Time 0.008s (0.008s)	Speed 3999.9 samples/s	Data 0.003s (0.003s)	Loss 0.09649 (0.10362)
2023-11-18 13:34:48,618 Epoch: [4][170/200]	Time 0.008s (0.008s)	Speed 4000.2 samples/s	Data 0.003s (0.003s)	Loss 0.09127 (0.10324)
2023-11-18 13:34:48,694 Epoch: [4][180/200]	Time 0.007s (0.008s)	Speed 4571.3 samples/s	Data 0.003s (0.003s)	Loss 0.12194 (0.10305)
2023-11-18 13:34:48,770 Epoch: [4][190/200]	Time 0.008s (0.008s)	Speed 4000.2 samples/s	Data 0.003s (0.003s)	Loss 0.10706 (0.10262)
2023-11-18 13:34:50,142 Test: [0/200]	Time 1.303 (1.303)	Loss 0.3925 (0.3925)
2023-11-18 13:34:50,195 Test: [10/200]	Time 0.006 (0.123)	Loss 0.0901 (0.3079)
2023-11-18 13:34:50,238 Test: [20/200]	Time 0.003 (0.067)	Loss 0.2171 (0.3160)
2023-11-18 13:34:50,269 Test: [30/200]	Time 0.003 (0.046)	Loss 0.4724 (0.3261)
2023-11-18 13:34:50,301 Test: [40/200]	Time 0.003 (0.036)	Loss 0.3015 (0.3427)
2023-11-18 13:34:50,334 Test: [50/200]	Time 0.003 (0.029)	Loss 0.4575 (0.3440)
2023-11-18 13:34:50,365 Test: [60/200]	Time 0.003 (0.025)	Loss 0.4334 (0.3455)
2023-11-18 13:34:50,395 Test: [70/200]	Time 0.003 (0.022)	Loss 0.3479 (0.3450)
2023-11-18 13:34:50,424 Test: [80/200]	Time 0.003 (0.020)	Loss 0.4294 (0.3401)
2023-11-18 13:34:50,453 Test: [90/200]	Time 0.003 (0.018)	Loss 0.3678 (0.3446)
2023-11-18 13:34:50,485 Test: [100/200]	Time 0.003 (0.016)	Loss 0.4896 (0.3440)
2023-11-18 13:34:50,518 Test: [110/200]	Time 0.003 (0.015)	Loss 0.4557 (0.3448)
2023-11-18 13:34:50,549 Test: [120/200]	Time 0.003 (0.014)	Loss 0.3981 (0.3412)
2023-11-18 13:34:50,582 Test: [130/200]	Time 0.003 (0.013)	Loss 0.3284 (0.3446)
2023-11-18 13:34:50,617 Test: [140/200]	Time 0.003 (0.013)	Loss 0.2730 (0.3426)
2023-11-18 13:34:50,651 Test: [150/200]	Time 0.003 (0.012)	Loss 0.3621 (0.3399)
2023-11-18 13:34:50,685 Test: [160/200]	Time 0.004 (0.011)	Loss 0.3817 (0.3396)
2023-11-18 13:34:50,719 Test: [170/200]	Time 0.004 (0.011)	Loss 0.2546 (0.3369)
2023-11-18 13:34:50,754 Test: [180/200]	Time 0.004 (0.011)	Loss 0.2364 (0.3347)
2023-11-18 13:34:50,789 Test: [190/200]	Time 0.004 (0.010)	Loss 0.2773 (0.3363)
2023-11-18 13:34:51,481 Mean IoU score: 0.355
2023-11-18 13:34:51,483 => saving checkpoint to out
2023-11-18 13:34:51,511 Epoch: [5][0/200]	Time 0.013s (0.013s)	Speed 2461.5 samples/s	Data 0.006s (0.006s)	Loss 0.07912 (0.07912)
2023-11-18 13:34:51,618 Epoch: [5][10/200]	Time 0.010s (0.011s)	Speed 3200.0 samples/s	Data 0.003s (0.003s)	Loss 0.07786 (0.09282)
2023-11-18 13:34:51,723 Epoch: [5][20/200]	Time 0.010s (0.011s)	Speed 3199.9 samples/s	Data 0.003s (0.003s)	Loss 0.09832 (0.09608)
2023-11-18 13:34:51,805 Epoch: [5][30/200]	Time 0.008s (0.010s)	Speed 3999.7 samples/s	Data 0.003s (0.003s)	Loss 0.11423 (0.09488)
2023-11-18 13:34:51,884 Epoch: [5][40/200]	Time 0.008s (0.009s)	Speed 3999.9 samples/s	Data 0.003s (0.003s)	Loss 0.09523 (0.09458)
2023-11-18 13:34:51,963 Epoch: [5][50/200]	Time 0.008s (0.009s)	Speed 3999.9 samples/s	Data 0.003s (0.003s)	Loss 0.09869 (0.09469)
2023-11-18 13:34:52,041 Epoch: [5][60/200]	Time 0.008s (0.009s)	Speed 4000.2 samples/s	Data 0.003s (0.003s)	Loss 0.07889 (0.09391)
2023-11-18 13:34:52,118 Epoch: [5][70/200]	Time 0.008s (0.009s)	Speed 4000.1 samples/s	Data 0.003s (0.003s)	Loss 0.08755 (0.09405)
2023-11-18 13:34:52,195 Epoch: [5][80/200]	Time 0.008s (0.009s)	Speed 4000.1 samples/s	Data 0.003s (0.003s)	Loss 0.08330 (0.09344)
2023-11-18 13:34:52,271 Epoch: [5][90/200]	Time 0.007s (0.008s)	Speed 4571.4 samples/s	Data 0.003s (0.003s)	Loss 0.07735 (0.09335)
2023-11-18 13:34:52,352 Epoch: [5][100/200]	Time 0.009s (0.008s)	Speed 3555.5 samples/s	Data 0.004s (0.003s)	Loss 0.10480 (0.09285)
2023-11-18 13:34:52,430 Epoch: [5][110/200]	Time 0.007s (0.008s)	Speed 4571.4 samples/s	Data 0.003s (0.003s)	Loss 0.09959 (0.09314)
2023-11-18 13:34:52,506 Epoch: [5][120/200]	Time 0.007s (0.008s)	Speed 4571.4 samples/s	Data 0.002s (0.003s)	Loss 0.08827 (0.09257)
2023-11-18 13:34:52,582 Epoch: [5][130/200]	Time 0.007s (0.008s)	Speed 4571.6 samples/s	Data 0.003s (0.003s)	Loss 0.10584 (0.09270)
2023-11-18 13:34:52,660 Epoch: [5][140/200]	Time 0.007s (0.008s)	Speed 4571.4 samples/s	Data 0.003s (0.003s)	Loss 0.09933 (0.09270)
2023-11-18 13:34:52,739 Epoch: [5][150/200]	Time 0.008s (0.008s)	Speed 3999.8 samples/s	Data 0.003s (0.003s)	Loss 0.09772 (0.09234)
2023-11-18 13:34:52,817 Epoch: [5][160/200]	Time 0.008s (0.008s)	Speed 4000.2 samples/s	Data 0.003s (0.003s)	Loss 0.08905 (0.09173)
2023-11-18 13:34:52,893 Epoch: [5][170/200]	Time 0.007s (0.008s)	Speed 4571.3 samples/s	Data 0.003s (0.003s)	Loss 0.08670 (0.09149)
2023-11-18 13:34:52,971 Epoch: [5][180/200]	Time 0.007s (0.008s)	Speed 4571.4 samples/s	Data 0.003s (0.003s)	Loss 0.09204 (0.09154)
2023-11-18 13:34:53,047 Epoch: [5][190/200]	Time 0.007s (0.008s)	Speed 4571.3 samples/s	Data 0.003s (0.003s)	Loss 0.07444 (0.09154)
2023-11-18 13:34:54,417 Test: [0/200]	Time 1.299 (1.299)	Loss 0.3207 (0.3207)
2023-11-18 13:34:54,449 Test: [10/200]	Time 0.003 (0.121)	Loss 0.0727 (0.2571)
2023-11-18 13:34:54,484 Test: [20/200]	Time 0.004 (0.065)	Loss 0.1605 (0.2557)
2023-11-18 13:34:54,518 Test: [30/200]	Time 0.003 (0.045)	Loss 0.4291 (0.2667)
2023-11-18 13:34:54,552 Test: [40/200]	Time 0.003 (0.035)	Loss 0.2391 (0.2793)
2023-11-18 13:34:54,586 Test: [50/200]	Time 0.003 (0.029)	Loss 0.3954 (0.2797)
2023-11-18 13:34:54,620 Test: [60/200]	Time 0.003 (0.025)	Loss 0.3441 (0.2829)
2023-11-18 13:34:54,653 Test: [70/200]	Time 0.003 (0.022)	Loss 0.3272 (0.2815)
2023-11-18 13:34:54,687 Test: [80/200]	Time 0.003 (0.019)	Loss 0.3769 (0.2766)
2023-11-18 13:34:54,722 Test: [90/200]	Time 0.003 (0.018)	Loss 0.3930 (0.2800)
2023-11-18 13:34:54,755 Test: [100/200]	Time 0.003 (0.016)	Loss 0.4508 (0.2798)
2023-11-18 13:34:54,789 Test: [110/200]	Time 0.003 (0.015)	Loss 0.3629 (0.2800)
2023-11-18 13:34:54,825 Test: [120/200]	Time 0.003 (0.014)	Loss 0.3233 (0.2767)
2023-11-18 13:34:54,859 Test: [130/200]	Time 0.003 (0.013)	Loss 0.2365 (0.2789)
2023-11-18 13:34:54,892 Test: [140/200]	Time 0.003 (0.013)	Loss 0.2683 (0.2782)
2023-11-18 13:34:54,925 Test: [150/200]	Time 0.003 (0.012)	Loss 0.2755 (0.2765)
2023-11-18 13:34:54,957 Test: [160/200]	Time 0.003 (0.011)	Loss 0.3086 (0.2762)
2023-11-18 13:34:54,992 Test: [170/200]	Time 0.004 (0.011)	Loss 0.1985 (0.2734)
2023-11-18 13:34:55,027 Test: [180/200]	Time 0.004 (0.011)	Loss 0.2003 (0.2709)
2023-11-18 13:34:55,062 Test: [190/200]	Time 0.003 (0.010)	Loss 0.2086 (0.2714)
2023-11-18 13:34:55,696 Mean IoU score: 0.435
2023-11-18 13:34:55,698 => saving checkpoint to out
2023-11-18 13:34:55,730 Epoch: [6][0/200]	Time 0.012s (0.012s)	Speed 2666.5 samples/s	Data 0.004s (0.004s)	Loss 0.08373 (0.08373)
2023-11-18 13:34:55,838 Epoch: [6][10/200]	Time 0.010s (0.011s)	Speed 3200.0 samples/s	Data 0.002s (0.003s)	Loss 0.10006 (0.08430)
2023-11-18 13:34:55,939 Epoch: [6][20/200]	Time 0.007s (0.011s)	Speed 4571.4 samples/s	Data 0.003s (0.003s)	Loss 0.07398 (0.08599)
2023-11-18 13:34:56,020 Epoch: [6][30/200]	Time 0.007s (0.010s)	Speed 4571.4 samples/s	Data 0.003s (0.003s)	Loss 0.07533 (0.08550)
2023-11-18 13:34:56,101 Epoch: [6][40/200]	Time 0.008s (0.009s)	Speed 4000.1 samples/s	Data 0.003s (0.003s)	Loss 0.08194 (0.08476)
2023-11-18 13:34:56,181 Epoch: [6][50/200]	Time 0.007s (0.009s)	Speed 4571.3 samples/s	Data 0.003s (0.003s)	Loss 0.08121 (0.08510)
2023-11-18 13:34:56,261 Epoch: [6][60/200]	Time 0.008s (0.009s)	Speed 4000.1 samples/s	Data 0.003s (0.003s)	Loss 0.07001 (0.08411)
2023-11-18 13:34:56,338 Epoch: [6][70/200]	Time 0.007s (0.009s)	Speed 4571.3 samples/s	Data 0.003s (0.003s)	Loss 0.07341 (0.08312)
2023-11-18 13:34:56,427 Epoch: [6][80/200]	Time 0.007s (0.009s)	Speed 4571.6 samples/s	Data 0.003s (0.003s)	Loss 0.07773 (0.08264)
2023-11-18 13:34:56,502 Epoch: [6][90/200]	Time 0.007s (0.009s)	Speed 4571.3 samples/s	Data 0.003s (0.003s)	Loss 0.08161 (0.08241)
2023-11-18 13:34:56,582 Epoch: [6][100/200]	Time 0.007s (0.009s)	Speed 4571.6 samples/s	Data 0.002s (0.003s)	Loss 0.08397 (0.08229)
2023-11-18 13:34:56,661 Epoch: [6][110/200]	Time 0.008s (0.008s)	Speed 3999.9 samples/s	Data 0.003s (0.003s)	Loss 0.06590 (0.08186)
2023-11-18 13:34:56,742 Epoch: [6][120/200]	Time 0.008s (0.008s)	Speed 4000.1 samples/s	Data 0.003s (0.003s)	Loss 0.08953 (0.08173)
2023-11-18 13:34:56,819 Epoch: [6][130/200]	Time 0.007s (0.008s)	Speed 4571.6 samples/s	Data 0.003s (0.003s)	Loss 0.05972 (0.08112)
2023-11-18 13:34:56,897 Epoch: [6][140/200]	Time 0.007s (0.008s)	Speed 4571.4 samples/s	Data 0.003s (0.003s)	Loss 0.07660 (0.08089)
2023-11-18 13:34:56,976 Epoch: [6][150/200]	Time 0.008s (0.008s)	Speed 4000.1 samples/s	Data 0.003s (0.003s)	Loss 0.07950 (0.08093)
2023-11-18 13:34:57,055 Epoch: [6][160/200]	Time 0.007s (0.008s)	Speed 4571.4 samples/s	Data 0.002s (0.003s)	Loss 0.08959 (0.08115)
2023-11-18 13:34:57,133 Epoch: [6][170/200]	Time 0.007s (0.008s)	Speed 4571.6 samples/s	Data 0.003s (0.003s)	Loss 0.07866 (0.08090)
2023-11-18 13:34:57,208 Epoch: [6][180/200]	Time 0.007s (0.008s)	Speed 4571.4 samples/s	Data 0.003s (0.003s)	Loss 0.05863 (0.08111)
2023-11-18 13:34:57,291 Epoch: [6][190/200]	Time 0.007s (0.008s)	Speed 4571.4 samples/s	Data 0.003s (0.003s)	Loss 0.08347 (0.08112)
2023-11-18 13:34:58,672 Test: [0/200]	Time 1.311 (1.311)	Loss 0.3048 (0.3048)
2023-11-18 13:34:58,709 Test: [10/200]	Time 0.003 (0.123)	Loss 0.0618 (0.2354)
2023-11-18 13:34:58,742 Test: [20/200]	Time 0.003 (0.066)	Loss 0.1582 (0.2395)
2023-11-18 13:34:58,773 Test: [30/200]	Time 0.003 (0.046)	Loss 0.3454 (0.2473)
2023-11-18 13:34:58,807 Test: [40/200]	Time 0.003 (0.035)	Loss 0.2279 (0.2581)
2023-11-18 13:34:58,842 Test: [50/200]	Time 0.003 (0.029)	Loss 0.3273 (0.2584)
2023-11-18 13:34:58,878 Test: [60/200]	Time 0.004 (0.025)	Loss 0.3028 (0.2596)
2023-11-18 13:34:58,913 Test: [70/200]	Time 0.003 (0.022)	Loss 0.2749 (0.2588)
2023-11-18 13:34:58,948 Test: [80/200]	Time 0.004 (0.020)	Loss 0.3359 (0.2549)
2023-11-18 13:34:58,980 Test: [90/200]	Time 0.003 (0.018)	Loss 0.3317 (0.2593)
2023-11-18 13:34:59,015 Test: [100/200]	Time 0.003 (0.016)	Loss 0.3853 (0.2593)
2023-11-18 13:34:59,053 Test: [110/200]	Time 0.003 (0.015)	Loss 0.3834 (0.2605)
2023-11-18 13:34:59,084 Test: [120/200]	Time 0.003 (0.014)	Loss 0.2823 (0.2568)
2023-11-18 13:34:59,115 Test: [130/200]	Time 0.003 (0.013)	Loss 0.2370 (0.2592)
2023-11-18 13:34:59,148 Test: [140/200]	Time 0.004 (0.013)	Loss 0.2322 (0.2584)
2023-11-18 13:34:59,183 Test: [150/200]	Time 0.003 (0.012)	Loss 0.2563 (0.2565)
2023-11-18 13:34:59,216 Test: [160/200]	Time 0.003 (0.012)	Loss 0.2806 (0.2561)
2023-11-18 13:34:59,250 Test: [170/200]	Time 0.004 (0.011)	Loss 0.2148 (0.2538)
2023-11-18 13:34:59,285 Test: [180/200]	Time 0.004 (0.011)	Loss 0.2029 (0.2519)
2023-11-18 13:34:59,318 Test: [190/200]	Time 0.004 (0.010)	Loss 0.2038 (0.2528)
2023-11-18 13:34:59,958 Mean IoU score: 0.472
2023-11-18 13:34:59,960 => saving checkpoint to out
2023-11-18 13:34:59,992 Epoch: [7][0/200]	Time 0.012s (0.012s)	Speed 2666.6 samples/s	Data 0.004s (0.004s)	Loss 0.08561 (0.08561)
2023-11-18 13:35:00,100 Epoch: [7][10/200]	Time 0.010s (0.011s)	Speed 3200.1 samples/s	Data 0.003s (0.003s)	Loss 0.07325 (0.07875)
2023-11-18 13:35:00,197 Epoch: [7][20/200]	Time 0.008s (0.010s)	Speed 4077.2 samples/s	Data 0.002s (0.003s)	Loss 0.09154 (0.08006)
2023-11-18 13:35:00,292 Epoch: [7][30/200]	Time 0.009s (0.010s)	Speed 3555.5 samples/s	Data 0.003s (0.003s)	Loss 0.09121 (0.07938)
2023-11-18 13:35:00,376 Epoch: [7][40/200]	Time 0.007s (0.010s)	Speed 4571.3 samples/s	Data 0.002s (0.003s)	Loss 0.06736 (0.07914)
2023-11-18 13:35:00,457 Epoch: [7][50/200]	Time 0.008s (0.009s)	Speed 4000.2 samples/s	Data 0.003s (0.003s)	Loss 0.07507 (0.07796)
2023-11-18 13:35:00,536 Epoch: [7][60/200]	Time 0.008s (0.009s)	Speed 3999.9 samples/s	Data 0.003s (0.003s)	Loss 0.07148 (0.07762)
2023-11-18 13:35:00,615 Epoch: [7][70/200]	Time 0.008s (0.009s)	Speed 4000.1 samples/s	Data 0.003s (0.003s)	Loss 0.06619 (0.07655)
2023-11-18 13:35:00,694 Epoch: [7][80/200]	Time 0.009s (0.009s)	Speed 3555.5 samples/s	Data 0.003s (0.003s)	Loss 0.06049 (0.07603)
2023-11-18 13:35:00,772 Epoch: [7][90/200]	Time 0.008s (0.009s)	Speed 3999.9 samples/s	Data 0.003s (0.003s)	Loss 0.08031 (0.07536)
2023-11-18 13:35:00,852 Epoch: [7][100/200]	Time 0.008s (0.009s)	Speed 4000.1 samples/s	Data 0.003s (0.003s)	Loss 0.09116 (0.07563)
2023-11-18 13:35:00,932 Epoch: [7][110/200]	Time 0.008s (0.009s)	Speed 3999.9 samples/s	Data 0.003s (0.003s)	Loss 0.05900 (0.07540)
2023-11-18 13:35:01,011 Epoch: [7][120/200]	Time 0.008s (0.009s)	Speed 3999.9 samples/s	Data 0.003s (0.003s)	Loss 0.07658 (0.07589)
2023-11-18 13:35:01,090 Epoch: [7][130/200]	Time 0.008s (0.008s)	Speed 4000.3 samples/s	Data 0.003s (0.003s)	Loss 0.07144 (0.07600)
2023-11-18 13:35:01,169 Epoch: [7][140/200]	Time 0.007s (0.008s)	Speed 4571.4 samples/s	Data 0.003s (0.003s)	Loss 0.08660 (0.07552)
2023-11-18 13:35:01,249 Epoch: [7][150/200]	Time 0.008s (0.008s)	Speed 3999.9 samples/s	Data 0.003s (0.003s)	Loss 0.06364 (0.07516)
2023-11-18 13:35:01,328 Epoch: [7][160/200]	Time 0.008s (0.008s)	Speed 4000.2 samples/s	Data 0.003s (0.003s)	Loss 0.08537 (0.07507)
2023-11-18 13:35:01,406 Epoch: [7][170/200]	Time 0.007s (0.008s)	Speed 4571.4 samples/s	Data 0.002s (0.003s)	Loss 0.07874 (0.07524)
2023-11-18 13:35:01,483 Epoch: [7][180/200]	Time 0.007s (0.008s)	Speed 4571.1 samples/s	Data 0.003s (0.003s)	Loss 0.06644 (0.07520)
2023-11-18 13:35:01,561 Epoch: [7][190/200]	Time 0.007s (0.008s)	Speed 4571.4 samples/s	Data 0.003s (0.003s)	Loss 0.07030 (0.07537)
2023-11-18 13:35:02,935 Test: [0/200]	Time 1.300 (1.300)	Loss 0.3180 (0.3180)
2023-11-18 13:35:02,966 Test: [10/200]	Time 0.003 (0.121)	Loss 0.0558 (0.2251)
2023-11-18 13:35:03,002 Test: [20/200]	Time 0.006 (0.065)	Loss 0.1435 (0.2239)
2023-11-18 13:35:03,049 Test: [30/200]	Time 0.003 (0.046)	Loss 0.3303 (0.2291)
2023-11-18 13:35:03,081 Test: [40/200]	Time 0.003 (0.035)	Loss 0.2051 (0.2398)
2023-11-18 13:35:03,115 Test: [50/200]	Time 0.003 (0.029)	Loss 0.3325 (0.2382)
2023-11-18 13:35:03,145 Test: [60/200]	Time 0.003 (0.025)	Loss 0.2971 (0.2402)
2023-11-18 13:35:03,181 Test: [70/200]	Time 0.004 (0.022)	Loss 0.2650 (0.2409)
2023-11-18 13:35:03,215 Test: [80/200]	Time 0.004 (0.020)	Loss 0.3293 (0.2376)
2023-11-18 13:35:03,251 Test: [90/200]	Time 0.004 (0.018)	Loss 0.2801 (0.2417)
2023-11-18 13:35:03,286 Test: [100/200]	Time 0.003 (0.016)	Loss 0.3845 (0.2422)
2023-11-18 13:35:03,322 Test: [110/200]	Time 0.003 (0.015)	Loss 0.3528 (0.2425)
2023-11-18 13:35:03,360 Test: [120/200]	Time 0.003 (0.014)	Loss 0.2531 (0.2400)
2023-11-18 13:35:03,397 Test: [130/200]	Time 0.003 (0.013)	Loss 0.2238 (0.2419)
2023-11-18 13:35:03,430 Test: [140/200]	Time 0.003 (0.013)	Loss 0.2413 (0.2414)
2023-11-18 13:35:03,464 Test: [150/200]	Time 0.003 (0.012)	Loss 0.2401 (0.2394)
2023-11-18 13:35:03,498 Test: [160/200]	Time 0.003 (0.012)	Loss 0.2596 (0.2396)
2023-11-18 13:35:03,531 Test: [170/200]	Time 0.003 (0.011)	Loss 0.1914 (0.2375)
2023-11-18 13:35:03,563 Test: [180/200]	Time 0.003 (0.011)	Loss 0.1706 (0.2356)
2023-11-18 13:35:03,599 Test: [190/200]	Time 0.004 (0.010)	Loss 0.1817 (0.2363)
2023-11-18 13:35:04,234 Mean IoU score: 0.522
2023-11-18 13:35:04,236 => saving checkpoint to out
2023-11-18 13:35:04,266 Epoch: [8][0/200]	Time 0.011s (0.011s)	Speed 2909.0 samples/s	Data 0.004s (0.004s)	Loss 0.06461 (0.06461)
2023-11-18 13:35:04,371 Epoch: [8][10/200]	Time 0.010s (0.011s)	Speed 3199.9 samples/s	Data 0.003s (0.003s)	Loss 0.06591 (0.06700)
2023-11-18 13:35:04,479 Epoch: [8][20/200]	Time 0.010s (0.011s)	Speed 3200.0 samples/s	Data 0.002s (0.003s)	Loss 0.06747 (0.07065)
2023-11-18 13:35:04,570 Epoch: [8][30/200]	Time 0.007s (0.010s)	Speed 4571.4 samples/s	Data 0.003s (0.003s)	Loss 0.07032 (0.07052)
2023-11-18 13:35:04,651 Epoch: [8][40/200]	Time 0.008s (0.010s)	Speed 3999.9 samples/s	Data 0.003s (0.003s)	Loss 0.05741 (0.06992)
2023-11-18 13:35:04,731 Epoch: [8][50/200]	Time 0.008s (0.009s)	Speed 4000.1 samples/s	Data 0.004s (0.003s)	Loss 0.07799 (0.07087)
2023-11-18 13:35:04,810 Epoch: [8][60/200]	Time 0.007s (0.009s)	Speed 4571.6 samples/s	Data 0.003s (0.003s)	Loss 0.08113 (0.07105)
2023-11-18 13:35:04,888 Epoch: [8][70/200]	Time 0.008s (0.009s)	Speed 3999.8 samples/s	Data 0.003s (0.003s)	Loss 0.07309 (0.07060)
2023-11-18 13:35:04,963 Epoch: [8][80/200]	Time 0.007s (0.009s)	Speed 4571.4 samples/s	Data 0.003s (0.003s)	Loss 0.04850 (0.07023)
2023-11-18 13:35:05,040 Epoch: [8][90/200]	Time 0.007s (0.009s)	Speed 4571.3 samples/s	Data 0.003s (0.003s)	Loss 0.05765 (0.06941)
2023-11-18 13:35:05,120 Epoch: [8][100/200]	Time 0.007s (0.009s)	Speed 4571.4 samples/s	Data 0.002s (0.003s)	Loss 0.06669 (0.06924)
2023-11-18 13:35:05,197 Epoch: [8][110/200]	Time 0.007s (0.008s)	Speed 4571.4 samples/s	Data 0.003s (0.003s)	Loss 0.08104 (0.06923)
2023-11-18 13:35:05,275 Epoch: [8][120/200]	Time 0.008s (0.008s)	Speed 3999.8 samples/s	Data 0.003s (0.003s)	Loss 0.06987 (0.06958)
2023-11-18 13:35:05,353 Epoch: [8][130/200]	Time 0.007s (0.008s)	Speed 4571.4 samples/s	Data 0.003s (0.003s)	Loss 0.05043 (0.06950)
2023-11-18 13:35:05,432 Epoch: [8][140/200]	Time 0.008s (0.008s)	Speed 4000.1 samples/s	Data 0.003s (0.003s)	Loss 0.07485 (0.06962)
2023-11-18 13:35:05,514 Epoch: [8][150/200]	Time 0.008s (0.008s)	Speed 3999.9 samples/s	Data 0.003s (0.003s)	Loss 0.05978 (0.06925)
2023-11-18 13:35:05,592 Epoch: [8][160/200]	Time 0.008s (0.008s)	Speed 3999.9 samples/s	Data 0.003s (0.003s)	Loss 0.06967 (0.06927)
2023-11-18 13:35:05,670 Epoch: [8][170/200]	Time 0.008s (0.008s)	Speed 4000.1 samples/s	Data 0.003s (0.003s)	Loss 0.06779 (0.06916)
2023-11-18 13:35:05,748 Epoch: [8][180/200]	Time 0.007s (0.008s)	Speed 4571.3 samples/s	Data 0.003s (0.003s)	Loss 0.07427 (0.06909)
2023-11-18 13:35:05,830 Epoch: [8][190/200]	Time 0.009s (0.008s)	Speed 3555.5 samples/s	Data 0.003s (0.003s)	Loss 0.07626 (0.06879)
2023-11-18 13:35:07,211 Test: [0/200]	Time 1.310 (1.310)	Loss 0.2700 (0.2700)
2023-11-18 13:35:07,255 Test: [10/200]	Time 0.002 (0.123)	Loss 0.0706 (0.2142)
2023-11-18 13:35:07,303 Test: [20/200]	Time 0.003 (0.067)	Loss 0.1383 (0.2166)
2023-11-18 13:35:07,336 Test: [30/200]	Time 0.004 (0.046)	Loss 0.3095 (0.2218)
2023-11-18 13:35:07,368 Test: [40/200]	Time 0.003 (0.036)	Loss 0.2115 (0.2326)
2023-11-18 13:35:07,399 Test: [50/200]	Time 0.003 (0.029)	Loss 0.3230 (0.2325)
2023-11-18 13:35:07,428 Test: [60/200]	Time 0.003 (0.025)	Loss 0.3078 (0.2349)
2023-11-18 13:35:07,459 Test: [70/200]	Time 0.003 (0.022)	Loss 0.2560 (0.2343)
2023-11-18 13:35:07,489 Test: [80/200]	Time 0.003 (0.020)	Loss 0.2739 (0.2304)
2023-11-18 13:35:07,520 Test: [90/200]	Time 0.003 (0.018)	Loss 0.2697 (0.2329)
2023-11-18 13:35:07,553 Test: [100/200]	Time 0.003 (0.016)	Loss 0.3462 (0.2329)
2023-11-18 13:35:07,584 Test: [110/200]	Time 0.003 (0.015)	Loss 0.3185 (0.2336)
2023-11-18 13:35:07,617 Test: [120/200]	Time 0.003 (0.014)	Loss 0.2510 (0.2301)
2023-11-18 13:35:07,649 Test: [130/200]	Time 0.004 (0.013)	Loss 0.2142 (0.2321)
2023-11-18 13:35:07,682 Test: [140/200]	Time 0.004 (0.013)	Loss 0.2055 (0.2314)
2023-11-18 13:35:07,716 Test: [150/200]	Time 0.004 (0.012)	Loss 0.2342 (0.2297)
2023-11-18 13:35:07,749 Test: [160/200]	Time 0.003 (0.011)	Loss 0.2598 (0.2294)
2023-11-18 13:35:07,781 Test: [170/200]	Time 0.003 (0.011)	Loss 0.2119 (0.2274)
2023-11-18 13:35:07,812 Test: [180/200]	Time 0.003 (0.011)	Loss 0.1658 (0.2254)
2023-11-18 13:35:07,844 Test: [190/200]	Time 0.003 (0.010)	Loss 0.1689 (0.2262)
2023-11-18 13:35:08,477 Mean IoU score: 0.518
2023-11-18 13:35:08,479 => saving checkpoint to out
2023-11-18 13:35:08,504 Epoch: [9][0/200]	Time 0.010s (0.010s)	Speed 3199.9 samples/s	Data 0.003s (0.003s)	Loss 0.06973 (0.06973)
2023-11-18 13:35:08,607 Epoch: [9][10/200]	Time 0.010s (0.010s)	Speed 3200.0 samples/s	Data 0.004s (0.003s)	Loss 0.06333 (0.06417)
2023-11-18 13:35:08,710 Epoch: [9][20/200]	Time 0.010s (0.010s)	Speed 3200.0 samples/s	Data 0.003s (0.003s)	Loss 0.09338 (0.06604)
2023-11-18 13:35:08,793 Epoch: [9][30/200]	Time 0.008s (0.010s)	Speed 3999.8 samples/s	Data 0.003s (0.003s)	Loss 0.06393 (0.06631)
2023-11-18 13:35:08,871 Epoch: [9][40/200]	Time 0.007s (0.009s)	Speed 4571.4 samples/s	Data 0.003s (0.003s)	Loss 0.06791 (0.06692)
2023-11-18 13:35:08,951 Epoch: [9][50/200]	Time 0.008s (0.009s)	Speed 3999.9 samples/s	Data 0.003s (0.003s)	Loss 0.04698 (0.06611)
2023-11-18 13:35:09,027 Epoch: [9][60/200]	Time 0.007s (0.009s)	Speed 4571.3 samples/s	Data 0.003s (0.003s)	Loss 0.06890 (0.06551)
2023-11-18 13:35:09,105 Epoch: [9][70/200]	Time 0.007s (0.009s)	Speed 4571.3 samples/s	Data 0.002s (0.003s)	Loss 0.05890 (0.06559)
2023-11-18 13:35:09,182 Epoch: [9][80/200]	Time 0.007s (0.008s)	Speed 4571.1 samples/s	Data 0.003s (0.003s)	Loss 0.05135 (0.06582)
2023-11-18 13:35:09,260 Epoch: [9][90/200]	Time 0.007s (0.008s)	Speed 4571.4 samples/s	Data 0.003s (0.003s)	Loss 0.06932 (0.06532)
2023-11-18 13:35:09,336 Epoch: [9][100/200]	Time 0.007s (0.008s)	Speed 4571.6 samples/s	Data 0.003s (0.003s)	Loss 0.09137 (0.06556)
2023-11-18 13:35:09,419 Epoch: [9][110/200]	Time 0.007s (0.008s)	Speed 4571.3 samples/s	Data 0.003s (0.003s)	Loss 0.07052 (0.06545)
2023-11-18 13:35:09,494 Epoch: [9][120/200]	Time 0.007s (0.008s)	Speed 4327.5 samples/s	Data 0.002s (0.003s)	Loss 0.05991 (0.06488)
2023-11-18 13:35:09,573 Epoch: [9][130/200]	Time 0.007s (0.008s)	Speed 4571.8 samples/s	Data 0.003s (0.003s)	Loss 0.04808 (0.06505)
2023-11-18 13:35:09,650 Epoch: [9][140/200]	Time 0.008s (0.008s)	Speed 4000.1 samples/s	Data 0.003s (0.003s)	Loss 0.07236 (0.06518)
2023-11-18 13:35:09,728 Epoch: [9][150/200]	Time 0.008s (0.008s)	Speed 3999.9 samples/s	Data 0.003s (0.003s)	Loss 0.05587 (0.06511)
2023-11-18 13:35:09,806 Epoch: [9][160/200]	Time 0.007s (0.008s)	Speed 4571.6 samples/s	Data 0.003s (0.003s)	Loss 0.06455 (0.06508)
2023-11-18 13:35:09,884 Epoch: [9][170/200]	Time 0.007s (0.008s)	Speed 4571.4 samples/s	Data 0.002s (0.003s)	Loss 0.06747 (0.06485)
2023-11-18 13:35:09,960 Epoch: [9][180/200]	Time 0.008s (0.008s)	Speed 3999.9 samples/s	Data 0.003s (0.003s)	Loss 0.05780 (0.06483)
2023-11-18 13:35:10,036 Epoch: [9][190/200]	Time 0.007s (0.008s)	Speed 4571.3 samples/s	Data 0.003s (0.003s)	Loss 0.04871 (0.06462)
2023-11-18 13:35:11,411 Test: [0/200]	Time 1.305 (1.305)	Loss 0.2642 (0.2642)
2023-11-18 13:35:11,441 Test: [10/200]	Time 0.003 (0.121)	Loss 0.0610 (0.2175)
2023-11-18 13:35:11,472 Test: [20/200]	Time 0.003 (0.065)	Loss 0.1279 (0.2136)
2023-11-18 13:35:11,505 Test: [30/200]	Time 0.003 (0.045)	Loss 0.3090 (0.2194)
2023-11-18 13:35:11,535 Test: [40/200]	Time 0.003 (0.035)	Loss 0.1988 (0.2286)
2023-11-18 13:35:11,566 Test: [50/200]	Time 0.003 (0.029)	Loss 0.3206 (0.2286)
2023-11-18 13:35:11,596 Test: [60/200]	Time 0.003 (0.024)	Loss 0.3121 (0.2314)
2023-11-18 13:35:11,627 Test: [70/200]	Time 0.003 (0.021)	Loss 0.2689 (0.2311)
2023-11-18 13:35:11,658 Test: [80/200]	Time 0.002 (0.019)	Loss 0.2903 (0.2278)
2023-11-18 13:35:11,688 Test: [90/200]	Time 0.003 (0.017)	Loss 0.2719 (0.2312)
2023-11-18 13:35:11,718 Test: [100/200]	Time 0.003 (0.016)	Loss 0.3859 (0.2315)
2023-11-18 13:35:11,749 Test: [110/200]	Time 0.003 (0.015)	Loss 0.3281 (0.2334)
2023-11-18 13:35:11,781 Test: [120/200]	Time 0.003 (0.014)	Loss 0.2493 (0.2305)
2023-11-18 13:35:11,813 Test: [130/200]	Time 0.004 (0.013)	Loss 0.2121 (0.2324)
2023-11-18 13:35:11,843 Test: [140/200]	Time 0.003 (0.012)	Loss 0.1978 (0.2314)
2023-11-18 13:35:11,872 Test: [150/200]	Time 0.003 (0.012)	Loss 0.2247 (0.2297)
2023-11-18 13:35:11,902 Test: [160/200]	Time 0.003 (0.011)	Loss 0.2378 (0.2294)
2023-11-18 13:35:11,935 Test: [170/200]	Time 0.003 (0.011)	Loss 0.1966 (0.2273)
2023-11-18 13:35:11,966 Test: [180/200]	Time 0.003 (0.010)	Loss 0.1684 (0.2251)
2023-11-18 13:35:11,998 Test: [190/200]	Time 0.003 (0.010)	Loss 0.1670 (0.2257)
2023-11-18 13:35:12,627 Mean IoU score: 0.527
2023-11-18 13:35:12,629 => saving checkpoint to out
2023-11-18 13:35:12,662 Epoch: [10][0/200]	Time 0.012s (0.012s)	Speed 2666.5 samples/s	Data 0.004s (0.004s)	Loss 0.05167 (0.05167)
2023-11-18 13:35:12,762 Epoch: [10][10/200]	Time 0.010s (0.010s)	Speed 3200.0 samples/s	Data 0.003s (0.003s)	Loss 0.05471 (0.05977)
2023-11-18 13:35:12,863 Epoch: [10][20/200]	Time 0.010s (0.010s)	Speed 3199.9 samples/s	Data 0.003s (0.003s)	Loss 0.06366 (0.05823)
2023-11-18 13:35:12,955 Epoch: [10][30/200]	Time 0.007s (0.010s)	Speed 4571.1 samples/s	Data 0.003s (0.003s)	Loss 0.06123 (0.05919)
2023-11-18 13:35:13,032 Epoch: [10][40/200]	Time 0.007s (0.009s)	Speed 4571.4 samples/s	Data 0.003s (0.003s)	Loss 0.05026 (0.06033)
2023-11-18 13:35:13,108 Epoch: [10][50/200]	Time 0.007s (0.009s)	Speed 4571.6 samples/s	Data 0.003s (0.003s)	Loss 0.07983 (0.06081)
2023-11-18 13:35:13,187 Epoch: [10][60/200]	Time 0.008s (0.009s)	Speed 4000.2 samples/s	Data 0.003s (0.003s)	Loss 0.08025 (0.06122)
2023-11-18 13:35:13,267 Epoch: [10][70/200]	Time 0.007s (0.009s)	Speed 4571.6 samples/s	Data 0.003s (0.003s)	Loss 0.05514 (0.06100)
2023-11-18 13:35:13,345 Epoch: [10][80/200]	Time 0.008s (0.009s)	Speed 4000.2 samples/s	Data 0.003s (0.003s)	Loss 0.06355 (0.06089)
2023-11-18 13:35:13,422 Epoch: [10][90/200]	Time 0.007s (0.008s)	Speed 4571.3 samples/s	Data 0.002s (0.003s)	Loss 0.05015 (0.06068)
2023-11-18 13:35:13,498 Epoch: [10][100/200]	Time 0.008s (0.008s)	Speed 3996.0 samples/s	Data 0.004s (0.003s)	Loss 0.06307 (0.06093)
2023-11-18 13:35:13,577 Epoch: [10][110/200]	Time 0.009s (0.008s)	Speed 3555.7 samples/s	Data 0.004s (0.003s)	Loss 0.04940 (0.06084)
2023-11-18 13:35:13,658 Epoch: [10][120/200]	Time 0.008s (0.008s)	Speed 3825.3 samples/s	Data 0.004s (0.003s)	Loss 0.06341 (0.06140)
2023-11-18 13:35:13,737 Epoch: [10][130/200]	Time 0.008s (0.008s)	Speed 4000.1 samples/s	Data 0.003s (0.003s)	Loss 0.06524 (0.06148)
2023-11-18 13:35:13,813 Epoch: [10][140/200]	Time 0.007s (0.008s)	Speed 4571.4 samples/s	Data 0.003s (0.003s)	Loss 0.06045 (0.06155)
2023-11-18 13:35:13,893 Epoch: [10][150/200]	Time 0.008s (0.008s)	Speed 4000.1 samples/s	Data 0.003s (0.003s)	Loss 0.05983 (0.06140)
2023-11-18 13:35:13,971 Epoch: [10][160/200]	Time 0.007s (0.008s)	Speed 4571.1 samples/s	Data 0.003s (0.003s)	Loss 0.05857 (0.06147)
2023-11-18 13:35:14,050 Epoch: [10][170/200]	Time 0.008s (0.008s)	Speed 3999.8 samples/s	Data 0.003s (0.003s)	Loss 0.07271 (0.06172)
2023-11-18 13:35:14,127 Epoch: [10][180/200]	Time 0.007s (0.008s)	Speed 4571.4 samples/s	Data 0.003s (0.003s)	Loss 0.05800 (0.06147)
2023-11-18 13:35:14,204 Epoch: [10][190/200]	Time 0.008s (0.008s)	Speed 4000.2 samples/s	Data 0.003s (0.003s)	Loss 0.06127 (0.06135)
2023-11-18 13:35:15,577 Test: [0/200]	Time 1.301 (1.301)	Loss 0.2931 (0.2931)
2023-11-18 13:35:15,607 Test: [10/200]	Time 0.002 (0.121)	Loss 0.0658 (0.2219)
2023-11-18 13:35:15,637 Test: [20/200]	Time 0.003 (0.065)	Loss 0.1513 (0.2213)
2023-11-18 13:35:15,666 Test: [30/200]	Time 0.003 (0.045)	Loss 0.3265 (0.2287)
2023-11-18 13:35:15,700 Test: [40/200]	Time 0.004 (0.035)	Loss 0.1861 (0.2385)
2023-11-18 13:35:15,731 Test: [50/200]	Time 0.003 (0.029)	Loss 0.3132 (0.2374)
2023-11-18 13:35:15,768 Test: [60/200]	Time 0.003 (0.024)	Loss 0.3446 (0.2395)
2023-11-18 13:35:15,797 Test: [70/200]	Time 0.003 (0.021)	Loss 0.2596 (0.2393)
2023-11-18 13:35:15,827 Test: [80/200]	Time 0.003 (0.019)	Loss 0.3002 (0.2360)
2023-11-18 13:35:15,858 Test: [90/200]	Time 0.003 (0.017)	Loss 0.2758 (0.2399)
2023-11-18 13:35:15,890 Test: [100/200]	Time 0.004 (0.016)	Loss 0.3936 (0.2400)
2023-11-18 13:35:15,923 Test: [110/200]	Time 0.004 (0.015)	Loss 0.3653 (0.2414)
2023-11-18 13:35:15,953 Test: [120/200]	Time 0.003 (0.014)	Loss 0.2536 (0.2378)
2023-11-18 13:35:15,985 Test: [130/200]	Time 0.003 (0.013)	Loss 0.2154 (0.2395)
2023-11-18 13:35:16,017 Test: [140/200]	Time 0.004 (0.012)	Loss 0.2570 (0.2393)
2023-11-18 13:35:16,047 Test: [150/200]	Time 0.003 (0.012)	Loss 0.2475 (0.2377)
2023-11-18 13:35:16,080 Test: [160/200]	Time 0.003 (0.011)	Loss 0.2599 (0.2378)
2023-11-18 13:35:16,112 Test: [170/200]	Time 0.004 (0.011)	Loss 0.2233 (0.2356)
2023-11-18 13:35:16,143 Test: [180/200]	Time 0.004 (0.010)	Loss 0.1593 (0.2334)
2023-11-18 13:35:16,176 Test: [190/200]	Time 0.004 (0.010)	Loss 0.1773 (0.2339)
2023-11-18 13:35:16,804 Mean IoU score: 0.528
2023-11-18 13:35:16,806 => saving checkpoint to out
2023-11-18 13:35:16,836 Epoch: [11][0/200]	Time 0.011s (0.011s)	Speed 2909.2 samples/s	Data 0.004s (0.004s)	Loss 0.05372 (0.05372)
2023-11-18 13:35:16,937 Epoch: [11][10/200]	Time 0.010s (0.010s)	Speed 3200.0 samples/s	Data 0.003s (0.003s)	Loss 0.06358 (0.05512)
2023-11-18 13:35:17,039 Epoch: [11][20/200]	Time 0.010s (0.010s)	Speed 3200.2 samples/s	Data 0.003s (0.003s)	Loss 0.07094 (0.05569)
2023-11-18 13:35:17,136 Epoch: [11][30/200]	Time 0.008s (0.010s)	Speed 4000.1 samples/s	Data 0.003s (0.003s)	Loss 0.05384 (0.05639)
2023-11-18 13:35:17,213 Epoch: [11][40/200]	Time 0.008s (0.009s)	Speed 3999.9 samples/s	Data 0.003s (0.003s)	Loss 0.06994 (0.05714)
2023-11-18 13:35:17,290 Epoch: [11][50/200]	Time 0.008s (0.009s)	Speed 3999.9 samples/s	Data 0.004s (0.003s)	Loss 0.05542 (0.05785)
2023-11-18 13:35:17,367 Epoch: [11][60/200]	Time 0.007s (0.009s)	Speed 4571.3 samples/s	Data 0.003s (0.003s)	Loss 0.06273 (0.05813)
2023-11-18 13:35:17,445 Epoch: [11][70/200]	Time 0.009s (0.009s)	Speed 3555.2 samples/s	Data 0.004s (0.003s)	Loss 0.05800 (0.05768)
2023-11-18 13:35:17,520 Epoch: [11][80/200]	Time 0.007s (0.009s)	Speed 4571.6 samples/s	Data 0.003s (0.003s)	Loss 0.05572 (0.05754)
2023-11-18 13:35:17,597 Epoch: [11][90/200]	Time 0.008s (0.008s)	Speed 3999.9 samples/s	Data 0.003s (0.003s)	Loss 0.05896 (0.05763)
2023-11-18 13:35:17,675 Epoch: [11][100/200]	Time 0.007s (0.008s)	Speed 4548.8 samples/s	Data 0.003s (0.003s)	Loss 0.07020 (0.05789)
2023-11-18 13:35:17,751 Epoch: [11][110/200]	Time 0.007s (0.008s)	Speed 4571.3 samples/s	Data 0.002s (0.003s)	Loss 0.06636 (0.05760)
2023-11-18 13:35:17,830 Epoch: [11][120/200]	Time 0.008s (0.008s)	Speed 4000.2 samples/s	Data 0.003s (0.003s)	Loss 0.05008 (0.05759)
2023-11-18 13:35:17,907 Epoch: [11][130/200]	Time 0.007s (0.008s)	Speed 4571.4 samples/s	Data 0.003s (0.003s)	Loss 0.05138 (0.05751)
2023-11-18 13:35:17,985 Epoch: [11][140/200]	Time 0.008s (0.008s)	Speed 3999.9 samples/s	Data 0.003s (0.003s)	Loss 0.07108 (0.05796)
2023-11-18 13:35:18,061 Epoch: [11][150/200]	Time 0.008s (0.008s)	Speed 4000.1 samples/s	Data 0.003s (0.003s)	Loss 0.07060 (0.05794)
2023-11-18 13:35:18,135 Epoch: [11][160/200]	Time 0.007s (0.008s)	Speed 4571.6 samples/s	Data 0.003s (0.003s)	Loss 0.06872 (0.05805)
2023-11-18 13:35:18,213 Epoch: [11][170/200]	Time 0.007s (0.008s)	Speed 4571.6 samples/s	Data 0.003s (0.003s)	Loss 0.07202 (0.05834)
2023-11-18 13:35:18,291 Epoch: [11][180/200]	Time 0.007s (0.008s)	Speed 4571.6 samples/s	Data 0.003s (0.003s)	Loss 0.04901 (0.05835)
2023-11-18 13:35:18,367 Epoch: [11][190/200]	Time 0.008s (0.008s)	Speed 4000.2 samples/s	Data 0.003s (0.003s)	Loss 0.04910 (0.05821)
2023-11-18 13:35:19,772 Test: [0/200]	Time 1.335 (1.335)	Loss 0.2787 (0.2787)
2023-11-18 13:35:19,820 Test: [10/200]	Time 0.003 (0.126)	Loss 0.0624 (0.1962)
2023-11-18 13:35:19,853 Test: [20/200]	Time 0.003 (0.067)	Loss 0.1281 (0.1986)
2023-11-18 13:35:19,885 Test: [30/200]	Time 0.003 (0.047)	Loss 0.2896 (0.2055)
2023-11-18 13:35:19,917 Test: [40/200]	Time 0.004 (0.036)	Loss 0.1659 (0.2132)
2023-11-18 13:35:19,948 Test: [50/200]	Time 0.003 (0.030)	Loss 0.2995 (0.2133)
2023-11-18 13:35:19,980 Test: [60/200]	Time 0.003 (0.025)	Loss 0.2865 (0.2159)
2023-11-18 13:35:20,014 Test: [70/200]	Time 0.003 (0.022)	Loss 0.2137 (0.2153)
2023-11-18 13:35:20,046 Test: [80/200]	Time 0.003 (0.020)	Loss 0.2623 (0.2116)
2023-11-18 13:35:20,077 Test: [90/200]	Time 0.003 (0.018)	Loss 0.2221 (0.2143)
2023-11-18 13:35:20,110 Test: [100/200]	Time 0.004 (0.017)	Loss 0.3106 (0.2142)
2023-11-18 13:35:20,142 Test: [110/200]	Time 0.003 (0.015)	Loss 0.3163 (0.2152)
2023-11-18 13:35:20,175 Test: [120/200]	Time 0.004 (0.014)	Loss 0.2266 (0.2123)
2023-11-18 13:35:20,207 Test: [130/200]	Time 0.003 (0.014)	Loss 0.1906 (0.2137)
2023-11-18 13:35:20,240 Test: [140/200]	Time 0.004 (0.013)	Loss 0.1990 (0.2134)
2023-11-18 13:35:20,274 Test: [150/200]	Time 0.003 (0.012)	Loss 0.2230 (0.2118)
2023-11-18 13:35:20,306 Test: [160/200]	Time 0.003 (0.012)	Loss 0.2214 (0.2116)
2023-11-18 13:35:20,339 Test: [170/200]	Time 0.004 (0.011)	Loss 0.1760 (0.2092)
2023-11-18 13:35:20,371 Test: [180/200]	Time 0.002 (0.011)	Loss 0.1705 (0.2076)
2023-11-18 13:35:20,405 Test: [190/200]	Time 0.004 (0.010)	Loss 0.1586 (0.2082)
2023-11-18 13:35:21,059 Mean IoU score: 0.568
2023-11-18 13:35:21,061 => saving checkpoint to out
2023-11-18 13:35:21,092 Epoch: [12][0/200]	Time 0.010s (0.010s)	Speed 3200.0 samples/s	Data 0.004s (0.004s)	Loss 0.06564 (0.06564)
2023-11-18 13:35:21,197 Epoch: [12][10/200]	Time 0.010s (0.011s)	Speed 3200.1 samples/s	Data 0.003s (0.004s)	Loss 0.06580 (0.06284)
2023-11-18 13:35:21,303 Epoch: [12][20/200]	Time 0.010s (0.011s)	Speed 3200.0 samples/s	Data 0.003s (0.003s)	Loss 0.06494 (0.05876)
2023-11-18 13:35:21,390 Epoch: [12][30/200]	Time 0.009s (0.010s)	Speed 3555.4 samples/s	Data 0.005s (0.004s)	Loss 0.05789 (0.05726)
2023-11-18 13:35:21,470 Epoch: [12][40/200]	Time 0.007s (0.009s)	Speed 4571.6 samples/s	Data 0.003s (0.003s)	Loss 0.05366 (0.05648)
2023-11-18 13:35:21,552 Epoch: [12][50/200]	Time 0.008s (0.009s)	Speed 4000.1 samples/s	Data 0.003s (0.003s)	Loss 0.05125 (0.05591)
2023-11-18 13:35:21,634 Epoch: [12][60/200]	Time 0.007s (0.009s)	Speed 4571.8 samples/s	Data 0.003s (0.003s)	Loss 0.04900 (0.05576)
2023-11-18 13:35:21,716 Epoch: [12][70/200]	Time 0.007s (0.009s)	Speed 4571.0 samples/s	Data 0.003s (0.003s)	Loss 0.05919 (0.05550)
2023-11-18 13:35:21,799 Epoch: [12][80/200]	Time 0.008s (0.009s)	Speed 4000.2 samples/s	Data 0.003s (0.003s)	Loss 0.05982 (0.05582)
2023-11-18 13:35:21,881 Epoch: [12][90/200]	Time 0.008s (0.009s)	Speed 4000.4 samples/s	Data 0.003s (0.003s)	Loss 0.04780 (0.05591)
2023-11-18 13:35:21,962 Epoch: [12][100/200]	Time 0.008s (0.009s)	Speed 3999.6 samples/s	Data 0.003s (0.003s)	Loss 0.05471 (0.05570)
2023-11-18 13:35:22,043 Epoch: [12][110/200]	Time 0.008s (0.009s)	Speed 4000.1 samples/s	Data 0.003s (0.003s)	Loss 0.04651 (0.05582)
2023-11-18 13:35:22,124 Epoch: [12][120/200]	Time 0.009s (0.009s)	Speed 3555.4 samples/s	Data 0.003s (0.003s)	Loss 0.04907 (0.05560)
2023-11-18 13:35:22,206 Epoch: [12][130/200]	Time 0.008s (0.009s)	Speed 4000.2 samples/s	Data 0.003s (0.003s)	Loss 0.05713 (0.05576)
2023-11-18 13:35:22,286 Epoch: [12][140/200]	Time 0.008s (0.009s)	Speed 4000.2 samples/s	Data 0.003s (0.003s)	Loss 0.05785 (0.05573)
2023-11-18 13:35:22,369 Epoch: [12][150/200]	Time 0.008s (0.009s)	Speed 4000.6 samples/s	Data 0.003s (0.003s)	Loss 0.05499 (0.05581)
2023-11-18 13:35:22,451 Epoch: [12][160/200]	Time 0.008s (0.009s)	Speed 3999.9 samples/s	Data 0.003s (0.003s)	Loss 0.06738 (0.05575)
2023-11-18 13:35:22,531 Epoch: [12][170/200]	Time 0.007s (0.008s)	Speed 4572.4 samples/s	Data 0.003s (0.003s)	Loss 0.04928 (0.05581)
2023-11-18 13:35:22,611 Epoch: [12][180/200]	Time 0.008s (0.008s)	Speed 3999.9 samples/s	Data 0.004s (0.003s)	Loss 0.04368 (0.05567)
2023-11-18 13:35:22,693 Epoch: [12][190/200]	Time 0.008s (0.008s)	Speed 4000.1 samples/s	Data 0.003s (0.003s)	Loss 0.04801 (0.05542)
2023-11-18 13:35:24,124 Test: [0/200]	Time 1.359 (1.359)	Loss 0.2610 (0.2610)
2023-11-18 13:35:24,183 Test: [10/200]	Time 0.006 (0.129)	Loss 0.0675 (0.1939)
2023-11-18 13:35:24,232 Test: [20/200]	Time 0.004 (0.070)	Loss 0.1223 (0.1938)
2023-11-18 13:35:24,267 Test: [30/200]	Time 0.004 (0.048)	Loss 0.3138 (0.2036)
2023-11-18 13:35:24,302 Test: [40/200]	Time 0.003 (0.037)	Loss 0.1850 (0.2122)
2023-11-18 13:35:24,336 Test: [50/200]	Time 0.004 (0.031)	Loss 0.2782 (0.2095)
2023-11-18 13:35:24,373 Test: [60/200]	Time 0.003 (0.026)	Loss 0.2883 (0.2147)
2023-11-18 13:35:24,408 Test: [70/200]	Time 0.003 (0.023)	Loss 0.2173 (0.2146)
2023-11-18 13:35:24,440 Test: [80/200]	Time 0.004 (0.021)	Loss 0.2688 (0.2120)
2023-11-18 13:35:24,475 Test: [90/200]	Time 0.003 (0.019)	Loss 0.2586 (0.2155)
2023-11-18 13:35:24,508 Test: [100/200]	Time 0.003 (0.017)	Loss 0.3492 (0.2160)
2023-11-18 13:35:24,542 Test: [110/200]	Time 0.004 (0.016)	Loss 0.3518 (0.2175)
2023-11-18 13:35:24,575 Test: [120/200]	Time 0.004 (0.015)	Loss 0.2462 (0.2149)
2023-11-18 13:35:24,612 Test: [130/200]	Time 0.004 (0.014)	Loss 0.2097 (0.2170)
2023-11-18 13:35:24,648 Test: [140/200]	Time 0.003 (0.013)	Loss 0.2205 (0.2168)
2023-11-18 13:35:24,681 Test: [150/200]	Time 0.003 (0.013)	Loss 0.2029 (0.2149)
2023-11-18 13:35:24,714 Test: [160/200]	Time 0.004 (0.012)	Loss 0.2405 (0.2154)
2023-11-18 13:35:24,750 Test: [170/200]	Time 0.004 (0.012)	Loss 0.2081 (0.2134)
2023-11-18 13:35:24,785 Test: [180/200]	Time 0.004 (0.011)	Loss 0.1357 (0.2116)
2023-11-18 13:35:24,818 Test: [190/200]	Time 0.003 (0.011)	Loss 0.1667 (0.2119)
2023-11-18 13:35:25,490 Mean IoU score: 0.573
2023-11-18 13:35:25,492 => saving checkpoint to out
2023-11-18 13:35:25,524 Epoch: [13][0/200]	Time 0.011s (0.011s)	Speed 2908.8 samples/s	Data 0.004s (0.004s)	Loss 0.03966 (0.03966)
2023-11-18 13:35:25,633 Epoch: [13][10/200]	Time 0.011s (0.011s)	Speed 2909.0 samples/s	Data 0.003s (0.003s)	Loss 0.04936 (0.05580)
2023-11-18 13:35:25,735 Epoch: [13][20/200]	Time 0.008s (0.011s)	Speed 4000.2 samples/s	Data 0.004s (0.003s)	Loss 0.04128 (0.05284)
2023-11-18 13:35:25,819 Epoch: [13][30/200]	Time 0.008s (0.010s)	Speed 3999.7 samples/s	Data 0.003s (0.003s)	Loss 0.05353 (0.05361)
2023-11-18 13:35:25,901 Epoch: [13][40/200]	Time 0.008s (0.009s)	Speed 4000.2 samples/s	Data 0.003s (0.003s)	Loss 0.06015 (0.05374)
2023-11-18 13:35:25,982 Epoch: [13][50/200]	Time 0.008s (0.009s)	Speed 4000.1 samples/s	Data 0.004s (0.003s)	Loss 0.05147 (0.05338)
2023-11-18 13:35:26,064 Epoch: [13][60/200]	Time 0.009s (0.009s)	Speed 3555.5 samples/s	Data 0.004s (0.003s)	Loss 0.05832 (0.05332)
2023-11-18 13:35:26,146 Epoch: [13][70/200]	Time 0.008s (0.009s)	Speed 3999.8 samples/s	Data 0.003s (0.003s)	Loss 0.05749 (0.05293)
2023-11-18 13:35:26,228 Epoch: [13][80/200]	Time 0.008s (0.009s)	Speed 4000.3 samples/s	Data 0.003s (0.003s)	Loss 0.06053 (0.05321)
2023-11-18 13:35:26,311 Epoch: [13][90/200]	Time 0.008s (0.009s)	Speed 3999.6 samples/s	Data 0.003s (0.003s)	Loss 0.06841 (0.05349)
2023-11-18 13:35:26,394 Epoch: [13][100/200]	Time 0.009s (0.009s)	Speed 3664.5 samples/s	Data 0.003s (0.003s)	Loss 0.04276 (0.05364)
2023-11-18 13:35:26,474 Epoch: [13][110/200]	Time 0.008s (0.009s)	Speed 4000.2 samples/s	Data 0.003s (0.003s)	Loss 0.05633 (0.05379)
2023-11-18 13:35:26,557 Epoch: [13][120/200]	Time 0.008s (0.009s)	Speed 4000.3 samples/s	Data 0.003s (0.003s)	Loss 0.05432 (0.05376)
2023-11-18 13:35:26,641 Epoch: [13][130/200]	Time 0.009s (0.009s)	Speed 3555.7 samples/s	Data 0.004s (0.003s)	Loss 0.06908 (0.05386)
2023-11-18 13:35:26,723 Epoch: [13][140/200]	Time 0.008s (0.009s)	Speed 4000.2 samples/s	Data 0.003s (0.003s)	Loss 0.06820 (0.05407)
2023-11-18 13:35:26,804 Epoch: [13][150/200]	Time 0.008s (0.009s)	Speed 4109.0 samples/s	Data 0.002s (0.003s)	Loss 0.04637 (0.05401)
2023-11-18 13:35:26,886 Epoch: [13][160/200]	Time 0.008s (0.009s)	Speed 4000.5 samples/s	Data 0.003s (0.003s)	Loss 0.05515 (0.05410)
2023-11-18 13:35:26,969 Epoch: [13][170/200]	Time 0.008s (0.009s)	Speed 4000.3 samples/s	Data 0.003s (0.003s)	Loss 0.06485 (0.05432)
2023-11-18 13:35:27,050 Epoch: [13][180/200]	Time 0.008s (0.008s)	Speed 3999.6 samples/s	Data 0.003s (0.003s)	Loss 0.05379 (0.05422)
2023-11-18 13:35:27,131 Epoch: [13][190/200]	Time 0.008s (0.008s)	Speed 4000.1 samples/s	Data 0.003s (0.003s)	Loss 0.05408 (0.05412)
2023-11-18 13:35:28,550 Test: [0/200]	Time 1.346 (1.346)	Loss 0.2852 (0.2852)
2023-11-18 13:35:28,581 Test: [10/200]	Time 0.004 (0.125)	Loss 0.0591 (0.1917)
2023-11-18 13:35:28,618 Test: [20/200]	Time 0.003 (0.067)	Loss 0.1274 (0.1939)
2023-11-18 13:35:28,651 Test: [30/200]	Time 0.003 (0.047)	Loss 0.3293 (0.2016)
2023-11-18 13:35:28,683 Test: [40/200]	Time 0.003 (0.036)	Loss 0.1839 (0.2093)
2023-11-18 13:35:28,714 Test: [50/200]	Time 0.003 (0.030)	Loss 0.2893 (0.2081)
2023-11-18 13:35:28,746 Test: [60/200]	Time 0.003 (0.025)	Loss 0.2859 (0.2126)
2023-11-18 13:35:28,779 Test: [70/200]	Time 0.003 (0.022)	Loss 0.2092 (0.2124)
2023-11-18 13:35:28,812 Test: [80/200]	Time 0.004 (0.020)	Loss 0.2836 (0.2091)
2023-11-18 13:35:28,846 Test: [90/200]	Time 0.004 (0.018)	Loss 0.2361 (0.2125)
2023-11-18 13:35:28,878 Test: [100/200]	Time 0.003 (0.017)	Loss 0.3132 (0.2130)
2023-11-18 13:35:28,911 Test: [110/200]	Time 0.003 (0.015)	Loss 0.2965 (0.2133)
2023-11-18 13:35:28,944 Test: [120/200]	Time 0.004 (0.014)	Loss 0.2350 (0.2112)
2023-11-18 13:35:28,978 Test: [130/200]	Time 0.004 (0.014)	Loss 0.2050 (0.2127)
2023-11-18 13:35:29,011 Test: [140/200]	Time 0.003 (0.013)	Loss 0.2191 (0.2124)
2023-11-18 13:35:29,044 Test: [150/200]	Time 0.003 (0.012)	Loss 0.1985 (0.2109)
2023-11-18 13:35:29,076 Test: [160/200]	Time 0.003 (0.012)	Loss 0.2452 (0.2116)
2023-11-18 13:35:29,109 Test: [170/200]	Time 0.003 (0.011)	Loss 0.1712 (0.2095)
2023-11-18 13:35:29,143 Test: [180/200]	Time 0.004 (0.011)	Loss 0.1680 (0.2080)
2023-11-18 13:35:29,175 Test: [190/200]	Time 0.003 (0.010)	Loss 0.1543 (0.2086)
2023-11-18 13:35:29,831 Mean IoU score: 0.584
2023-11-18 13:35:29,834 => saving checkpoint to out
2023-11-18 13:35:29,865 Epoch: [14][0/200]	Time 0.012s (0.012s)	Speed 2666.6 samples/s	Data 0.004s (0.004s)	Loss 0.04548 (0.04548)
2023-11-18 13:35:29,969 Epoch: [14][10/200]	Time 0.010s (0.011s)	Speed 3201.9 samples/s	Data 0.003s (0.004s)	Loss 0.04826 (0.05103)
2023-11-18 13:35:30,075 Epoch: [14][20/200]	Time 0.010s (0.011s)	Speed 3199.9 samples/s	Data 0.003s (0.003s)	Loss 0.04361 (0.05079)
2023-11-18 13:35:30,166 Epoch: [14][30/200]	Time 0.008s (0.010s)	Speed 4000.8 samples/s	Data 0.004s (0.003s)	Loss 0.05395 (0.05005)
2023-11-18 13:35:30,248 Epoch: [14][40/200]	Time 0.008s (0.010s)	Speed 4000.1 samples/s	Data 0.003s (0.003s)	Loss 0.04172 (0.05071)
2023-11-18 13:35:30,329 Epoch: [14][50/200]	Time 0.008s (0.009s)	Speed 4000.2 samples/s	Data 0.003s (0.003s)	Loss 0.05993 (0.05165)
2023-11-18 13:35:30,411 Epoch: [14][60/200]	Time 0.007s (0.009s)	Speed 4571.3 samples/s	Data 0.003s (0.003s)	Loss 0.04530 (0.05145)
2023-11-18 13:35:30,490 Epoch: [14][70/200]	Time 0.008s (0.009s)	Speed 4000.2 samples/s	Data 0.003s (0.003s)	Loss 0.04524 (0.05200)
2023-11-18 13:35:30,571 Epoch: [14][80/200]	Time 0.008s (0.009s)	Speed 4000.2 samples/s	Data 0.003s (0.003s)	Loss 0.05518 (0.05196)
2023-11-18 13:35:30,653 Epoch: [14][90/200]	Time 0.008s (0.009s)	Speed 4000.1 samples/s	Data 0.003s (0.003s)	Loss 0.05757 (0.05262)
2023-11-18 13:35:30,735 Epoch: [14][100/200]	Time 0.008s (0.009s)	Speed 4000.1 samples/s	Data 0.003s (0.003s)	Loss 0.05768 (0.05275)
2023-11-18 13:35:30,815 Epoch: [14][110/200]	Time 0.008s (0.009s)	Speed 4000.1 samples/s	Data 0.003s (0.003s)	Loss 0.03936 (0.05307)
2023-11-18 13:35:30,896 Epoch: [14][120/200]	Time 0.008s (0.009s)	Speed 3999.9 samples/s	Data 0.003s (0.003s)	Loss 0.05663 (0.05302)
2023-11-18 13:35:30,979 Epoch: [14][130/200]	Time 0.009s (0.009s)	Speed 3555.6 samples/s	Data 0.003s (0.003s)	Loss 0.04281 (0.05267)
2023-11-18 13:35:31,060 Epoch: [14][140/200]	Time 0.008s (0.009s)	Speed 3999.9 samples/s	Data 0.003s (0.003s)	Loss 0.04173 (0.05268)
2023-11-18 13:35:31,142 Epoch: [14][150/200]	Time 0.007s (0.009s)	Speed 4571.6 samples/s	Data 0.003s (0.003s)	Loss 0.04525 (0.05245)
2023-11-18 13:35:31,222 Epoch: [14][160/200]	Time 0.008s (0.009s)	Speed 4000.1 samples/s	Data 0.003s (0.003s)	Loss 0.04390 (0.05239)
2023-11-18 13:35:31,303 Epoch: [14][170/200]	Time 0.008s (0.008s)	Speed 3999.8 samples/s	Data 0.003s (0.003s)	Loss 0.05770 (0.05252)
2023-11-18 13:35:31,384 Epoch: [14][180/200]	Time 0.008s (0.008s)	Speed 4000.1 samples/s	Data 0.003s (0.003s)	Loss 0.05635 (0.05224)
2023-11-18 13:35:31,464 Epoch: [14][190/200]	Time 0.008s (0.008s)	Speed 3999.9 samples/s	Data 0.003s (0.003s)	Loss 0.04678 (0.05216)
2023-11-18 13:35:32,878 Test: [0/200]	Time 1.341 (1.341)	Loss 0.2867 (0.2867)
2023-11-18 13:35:32,916 Test: [10/200]	Time 0.002 (0.125)	Loss 0.0660 (0.2043)
2023-11-18 13:35:32,950 Test: [20/200]	Time 0.003 (0.067)	Loss 0.1194 (0.2047)
2023-11-18 13:35:32,988 Test: [30/200]	Time 0.004 (0.047)	Loss 0.3181 (0.2123)
2023-11-18 13:35:33,025 Test: [40/200]	Time 0.004 (0.036)	Loss 0.1756 (0.2212)
2023-11-18 13:35:33,062 Test: [50/200]	Time 0.004 (0.030)	Loss 0.3350 (0.2219)
2023-11-18 13:35:33,100 Test: [60/200]	Time 0.003 (0.026)	Loss 0.2775 (0.2244)
2023-11-18 13:35:33,136 Test: [70/200]	Time 0.003 (0.023)	Loss 0.2244 (0.2248)
2023-11-18 13:35:33,169 Test: [80/200]	Time 0.004 (0.020)	Loss 0.2670 (0.2211)
2023-11-18 13:35:33,206 Test: [90/200]	Time 0.004 (0.018)	Loss 0.2516 (0.2234)
2023-11-18 13:35:33,246 Test: [100/200]	Time 0.004 (0.017)	Loss 0.3219 (0.2228)
2023-11-18 13:35:33,281 Test: [110/200]	Time 0.003 (0.016)	Loss 0.3267 (0.2237)
2023-11-18 13:35:33,314 Test: [120/200]	Time 0.004 (0.015)	Loss 0.2419 (0.2210)
2023-11-18 13:35:33,351 Test: [130/200]	Time 0.004 (0.014)	Loss 0.2054 (0.2232)
2023-11-18 13:35:33,389 Test: [140/200]	Time 0.004 (0.013)	Loss 0.1999 (0.2225)
2023-11-18 13:35:33,423 Test: [150/200]	Time 0.004 (0.012)	Loss 0.2249 (0.2206)
2023-11-18 13:35:33,457 Test: [160/200]	Time 0.003 (0.012)	Loss 0.2430 (0.2208)
2023-11-18 13:35:33,497 Test: [170/200]	Time 0.004 (0.011)	Loss 0.1781 (0.2185)
2023-11-18 13:35:33,533 Test: [180/200]	Time 0.003 (0.011)	Loss 0.1653 (0.2170)
2023-11-18 13:35:33,568 Test: [190/200]	Time 0.004 (0.011)	Loss 0.1548 (0.2179)
2023-11-18 13:35:34,232 Mean IoU score: 0.559
2023-11-18 13:35:34,234 => saving checkpoint to out
2023-11-18 13:35:34,261 Epoch: [15][0/200]	Time 0.012s (0.012s)	Speed 2666.7 samples/s	Data 0.005s (0.005s)	Loss 0.04317 (0.04317)
2023-11-18 13:35:34,374 Epoch: [15][10/200]	Time 0.011s (0.011s)	Speed 2909.1 samples/s	Data 0.003s (0.004s)	Loss 0.05543 (0.05042)
2023-11-18 13:35:34,486 Epoch: [15][20/200]	Time 0.011s (0.011s)	Speed 2909.3 samples/s	Data 0.003s (0.003s)	Loss 0.04574 (0.05044)
2023-11-18 13:35:34,577 Epoch: [15][30/200]	Time 0.009s (0.011s)	Speed 3555.5 samples/s	Data 0.003s (0.003s)	Loss 0.05014 (0.05163)
2023-11-18 13:35:34,660 Epoch: [15][40/200]	Time 0.008s (0.010s)	Speed 4000.1 samples/s	Data 0.003s (0.003s)	Loss 0.05773 (0.05104)
2023-11-18 13:35:34,747 Epoch: [15][50/200]	Time 0.008s (0.010s)	Speed 4000.4 samples/s	Data 0.003s (0.003s)	Loss 0.06345 (0.05117)
2023-11-18 13:35:34,829 Epoch: [15][60/200]	Time 0.008s (0.010s)	Speed 4000.2 samples/s	Data 0.003s (0.003s)	Loss 0.04891 (0.05170)
2023-11-18 13:35:34,910 Epoch: [15][70/200]	Time 0.008s (0.009s)	Speed 4000.2 samples/s	Data 0.003s (0.003s)	Loss 0.04028 (0.05147)
2023-11-18 13:35:34,994 Epoch: [15][80/200]	Time 0.008s (0.009s)	Speed 3999.9 samples/s	Data 0.003s (0.003s)	Loss 0.05344 (0.05122)
2023-11-18 13:35:35,077 Epoch: [15][90/200]	Time 0.008s (0.009s)	Speed 4000.1 samples/s	Data 0.003s (0.003s)	Loss 0.04779 (0.05134)
2023-11-18 13:35:35,159 Epoch: [15][100/200]	Time 0.008s (0.009s)	Speed 4000.2 samples/s	Data 0.002s (0.003s)	Loss 0.06245 (0.05165)
2023-11-18 13:35:35,241 Epoch: [15][110/200]	Time 0.008s (0.009s)	Speed 3999.9 samples/s	Data 0.003s (0.003s)	Loss 0.03904 (0.05167)
2023-11-18 13:35:35,325 Epoch: [15][120/200]	Time 0.008s (0.009s)	Speed 3999.9 samples/s	Data 0.003s (0.003s)	Loss 0.05518 (0.05182)
2023-11-18 13:35:35,406 Epoch: [15][130/200]	Time 0.008s (0.009s)	Speed 4000.1 samples/s	Data 0.003s (0.003s)	Loss 0.04376 (0.05145)
2023-11-18 13:35:35,489 Epoch: [15][140/200]	Time 0.009s (0.009s)	Speed 3555.4 samples/s	Data 0.003s (0.003s)	Loss 0.06961 (0.05143)
2023-11-18 13:35:35,570 Epoch: [15][150/200]	Time 0.008s (0.009s)	Speed 3999.9 samples/s	Data 0.003s (0.003s)	Loss 0.06075 (0.05150)
2023-11-18 13:35:35,653 Epoch: [15][160/200]	Time 0.009s (0.009s)	Speed 3555.5 samples/s	Data 0.003s (0.003s)	Loss 0.04905 (0.05151)
2023-11-18 13:35:35,735 Epoch: [15][170/200]	Time 0.008s (0.009s)	Speed 3999.9 samples/s	Data 0.003s (0.003s)	Loss 0.03453 (0.05137)
2023-11-18 13:35:35,818 Epoch: [15][180/200]	Time 0.008s (0.009s)	Speed 3999.8 samples/s	Data 0.003s (0.003s)	Loss 0.03871 (0.05108)
2023-11-18 13:35:35,902 Epoch: [15][190/200]	Time 0.008s (0.009s)	Speed 4000.1 samples/s	Data 0.003s (0.003s)	Loss 0.04026 (0.05079)
2023-11-18 13:35:37,320 Test: [0/200]	Time 1.342 (1.342)	Loss 0.2567 (0.2567)
2023-11-18 13:35:37,363 Test: [10/200]	Time 0.004 (0.126)	Loss 0.0824 (0.2071)
2023-11-18 13:35:37,402 Test: [20/200]	Time 0.003 (0.068)	Loss 0.1209 (0.2044)
2023-11-18 13:35:37,436 Test: [30/200]	Time 0.004 (0.047)	Loss 0.2975 (0.2123)
2023-11-18 13:35:37,471 Test: [40/200]	Time 0.004 (0.036)	Loss 0.1759 (0.2218)
2023-11-18 13:35:37,506 Test: [50/200]	Time 0.004 (0.030)	Loss 0.2980 (0.2208)
2023-11-18 13:35:37,541 Test: [60/200]	Time 0.004 (0.026)	Loss 0.3205 (0.2244)
2023-11-18 13:35:37,581 Test: [70/200]	Time 0.006 (0.023)	Loss 0.2197 (0.2244)
2023-11-18 13:35:37,637 Test: [80/200]	Time 0.005 (0.020)	Loss 0.2609 (0.2201)
2023-11-18 13:35:37,685 Test: [90/200]	Time 0.006 (0.019)	Loss 0.2345 (0.2225)
2023-11-18 13:35:37,723 Test: [100/200]	Time 0.004 (0.017)	Loss 0.3587 (0.2228)
2023-11-18 13:35:37,761 Test: [110/200]	Time 0.003 (0.016)	Loss 0.3153 (0.2239)
2023-11-18 13:35:37,795 Test: [120/200]	Time 0.003 (0.015)	Loss 0.2274 (0.2203)
2023-11-18 13:35:37,831 Test: [130/200]	Time 0.004 (0.014)	Loss 0.1972 (0.2221)
2023-11-18 13:35:37,868 Test: [140/200]	Time 0.004 (0.013)	Loss 0.2302 (0.2215)
2023-11-18 13:35:37,901 Test: [150/200]	Time 0.003 (0.013)	Loss 0.2220 (0.2194)
2023-11-18 13:35:37,934 Test: [160/200]	Time 0.003 (0.012)	Loss 0.2787 (0.2195)
2023-11-18 13:35:37,967 Test: [170/200]	Time 0.003 (0.012)	Loss 0.2236 (0.2174)
2023-11-18 13:35:38,005 Test: [180/200]	Time 0.004 (0.011)	Loss 0.1479 (0.2155)
2023-11-18 13:35:38,053 Test: [190/200]	Time 0.005 (0.011)	Loss 0.1690 (0.2160)
2023-11-18 13:35:38,740 Mean IoU score: 0.576
2023-11-18 13:35:38,742 => saving checkpoint to out
2023-11-18 13:35:38,769 Epoch: [16][0/200]	Time 0.013s (0.013s)	Speed 2461.5 samples/s	Data 0.004s (0.004s)	Loss 0.04202 (0.04202)
2023-11-18 13:35:38,875 Epoch: [16][10/200]	Time 0.010s (0.011s)	Speed 3200.0 samples/s	Data 0.003s (0.003s)	Loss 0.04488 (0.04762)
2023-11-18 13:35:38,970 Epoch: [16][20/200]	Time 0.009s (0.010s)	Speed 3555.6 samples/s	Data 0.003s (0.003s)	Loss 0.05675 (0.05010)
2023-11-18 13:35:39,060 Epoch: [16][30/200]	Time 0.009s (0.010s)	Speed 3555.7 samples/s	Data 0.003s (0.003s)	Loss 0.04926 (0.04968)
2023-11-18 13:35:39,146 Epoch: [16][40/200]	Time 0.008s (0.010s)	Speed 3999.9 samples/s	Data 0.003s (0.003s)	Loss 0.04075 (0.04863)
2023-11-18 13:35:39,224 Epoch: [16][50/200]	Time 0.007s (0.009s)	Speed 4571.4 samples/s	Data 0.002s (0.003s)	Loss 0.05537 (0.04843)
2023-11-18 13:35:39,300 Epoch: [16][60/200]	Time 0.008s (0.009s)	Speed 4000.1 samples/s	Data 0.003s (0.003s)	Loss 0.05779 (0.04842)
2023-11-18 13:35:39,377 Epoch: [16][70/200]	Time 0.008s (0.009s)	Speed 4000.1 samples/s	Data 0.003s (0.003s)	Loss 0.04828 (0.04849)
2023-11-18 13:35:39,455 Epoch: [16][80/200]	Time 0.007s (0.009s)	Speed 4572.1 samples/s	Data 0.003s (0.003s)	Loss 0.03499 (0.04812)
2023-11-18 13:35:39,536 Epoch: [16][90/200]	Time 0.008s (0.009s)	Speed 3999.6 samples/s	Data 0.003s (0.003s)	Loss 0.05234 (0.04866)
2023-11-18 13:35:39,613 Epoch: [16][100/200]	Time 0.007s (0.008s)	Speed 4571.3 samples/s	Data 0.002s (0.003s)	Loss 0.06022 (0.04890)
2023-11-18 13:35:39,691 Epoch: [16][110/200]	Time 0.008s (0.008s)	Speed 4000.1 samples/s	Data 0.003s (0.003s)	Loss 0.04776 (0.04886)
2023-11-18 13:35:39,770 Epoch: [16][120/200]	Time 0.008s (0.008s)	Speed 4000.1 samples/s	Data 0.003s (0.003s)	Loss 0.06030 (0.04907)
2023-11-18 13:35:39,846 Epoch: [16][130/200]	Time 0.008s (0.008s)	Speed 4000.1 samples/s	Data 0.003s (0.003s)	Loss 0.04269 (0.04871)
2023-11-18 13:35:39,924 Epoch: [16][140/200]	Time 0.007s (0.008s)	Speed 4571.3 samples/s	Data 0.003s (0.003s)	Loss 0.05454 (0.04868)
2023-11-18 13:35:40,006 Epoch: [16][150/200]	Time 0.008s (0.008s)	Speed 4000.1 samples/s	Data 0.004s (0.003s)	Loss 0.05459 (0.04864)
2023-11-18 13:35:40,082 Epoch: [16][160/200]	Time 0.008s (0.008s)	Speed 4000.1 samples/s	Data 0.003s (0.003s)	Loss 0.04999 (0.04856)
2023-11-18 13:35:40,160 Epoch: [16][170/200]	Time 0.007s (0.008s)	Speed 4571.1 samples/s	Data 0.003s (0.003s)	Loss 0.05611 (0.04869)
2023-11-18 13:35:40,235 Epoch: [16][180/200]	Time 0.008s (0.008s)	Speed 4000.1 samples/s	Data 0.003s (0.003s)	Loss 0.04590 (0.04845)
2023-11-18 13:35:40,313 Epoch: [16][190/200]	Time 0.007s (0.008s)	Speed 4571.3 samples/s	Data 0.003s (0.003s)	Loss 0.04655 (0.04849)
2023-11-18 13:35:41,687 Test: [0/200]	Time 1.304 (1.304)	Loss 0.2358 (0.2358)
2023-11-18 13:35:41,737 Test: [10/200]	Time 0.004 (0.123)	Loss 0.0606 (0.1844)
2023-11-18 13:35:41,773 Test: [20/200]	Time 0.004 (0.066)	Loss 0.1189 (0.1823)
2023-11-18 13:35:41,806 Test: [30/200]	Time 0.003 (0.046)	Loss 0.2819 (0.1894)
2023-11-18 13:35:41,838 Test: [40/200]	Time 0.003 (0.035)	Loss 0.1557 (0.1962)
2023-11-18 13:35:41,871 Test: [50/200]	Time 0.003 (0.029)	Loss 0.2824 (0.1957)
2023-11-18 13:35:41,902 Test: [60/200]	Time 0.003 (0.025)	Loss 0.2437 (0.1986)
2023-11-18 13:35:41,933 Test: [70/200]	Time 0.003 (0.022)	Loss 0.1802 (0.1983)
2023-11-18 13:35:41,968 Test: [80/200]	Time 0.004 (0.020)	Loss 0.2362 (0.1949)
2023-11-18 13:35:41,999 Test: [90/200]	Time 0.003 (0.018)	Loss 0.2036 (0.1969)
2023-11-18 13:35:42,029 Test: [100/200]	Time 0.003 (0.016)	Loss 0.3068 (0.1969)
2023-11-18 13:35:42,060 Test: [110/200]	Time 0.003 (0.015)	Loss 0.2895 (0.1980)
2023-11-18 13:35:42,092 Test: [120/200]	Time 0.003 (0.014)	Loss 0.2114 (0.1952)
2023-11-18 13:35:42,125 Test: [130/200]	Time 0.003 (0.013)	Loss 0.1837 (0.1971)
2023-11-18 13:35:42,156 Test: [140/200]	Time 0.003 (0.013)	Loss 0.1970 (0.1967)
2023-11-18 13:35:42,188 Test: [150/200]	Time 0.003 (0.012)	Loss 0.1930 (0.1953)
2023-11-18 13:35:42,222 Test: [160/200]	Time 0.003 (0.011)	Loss 0.2026 (0.1951)
2023-11-18 13:35:42,255 Test: [170/200]	Time 0.003 (0.011)	Loss 0.1753 (0.1933)
2023-11-18 13:35:42,288 Test: [180/200]	Time 0.003 (0.011)	Loss 0.1361 (0.1918)
2023-11-18 13:35:42,319 Test: [190/200]	Time 0.003 (0.010)	Loss 0.1430 (0.1923)
2023-11-18 13:35:42,950 Mean IoU score: 0.600
2023-11-18 13:35:42,952 => saving checkpoint to out
2023-11-18 13:35:42,983 Epoch: [17][0/200]	Time 0.011s (0.011s)	Speed 2909.2 samples/s	Data 0.004s (0.004s)	Loss 0.05348 (0.05348)
2023-11-18 13:35:43,086 Epoch: [17][10/200]	Time 0.010s (0.010s)	Speed 3200.0 samples/s	Data 0.003s (0.003s)	Loss 0.04529 (0.04487)
2023-11-18 13:35:43,181 Epoch: [17][20/200]	Time 0.008s (0.010s)	Speed 3999.8 samples/s	Data 0.003s (0.003s)	Loss 0.05385 (0.04683)
2023-11-18 13:35:43,272 Epoch: [17][30/200]	Time 0.009s (0.010s)	Speed 3555.6 samples/s	Data 0.003s (0.003s)	Loss 0.04771 (0.04682)
2023-11-18 13:35:43,357 Epoch: [17][40/200]	Time 0.008s (0.009s)	Speed 4000.2 samples/s	Data 0.003s (0.003s)	Loss 0.04817 (0.04752)
2023-11-18 13:35:43,436 Epoch: [17][50/200]	Time 0.008s (0.009s)	Speed 4000.1 samples/s	Data 0.003s (0.003s)	Loss 0.05604 (0.04779)
2023-11-18 13:35:43,515 Epoch: [17][60/200]	Time 0.008s (0.009s)	Speed 3999.8 samples/s	Data 0.003s (0.003s)	Loss 0.05552 (0.04762)
2023-11-18 13:35:43,592 Epoch: [17][70/200]	Time 0.007s (0.009s)	Speed 4571.4 samples/s	Data 0.003s (0.003s)	Loss 0.04515 (0.04796)
2023-11-18 13:35:43,670 Epoch: [17][80/200]	Time 0.007s (0.009s)	Speed 4571.4 samples/s	Data 0.003s (0.003s)	Loss 0.05702 (0.04775)
2023-11-18 13:35:43,747 Epoch: [17][90/200]	Time 0.007s (0.009s)	Speed 4571.6 samples/s	Data 0.003s (0.003s)	Loss 0.04751 (0.04768)
2023-11-18 13:35:43,824 Epoch: [17][100/200]	Time 0.007s (0.008s)	Speed 4571.6 samples/s	Data 0.002s (0.003s)	Loss 0.03645 (0.04719)
2023-11-18 13:35:43,902 Epoch: [17][110/200]	Time 0.008s (0.008s)	Speed 4000.1 samples/s	Data 0.003s (0.003s)	Loss 0.03323 (0.04722)
2023-11-18 13:35:43,979 Epoch: [17][120/200]	Time 0.008s (0.008s)	Speed 3999.7 samples/s	Data 0.003s (0.003s)	Loss 0.04599 (0.04721)
2023-11-18 13:35:44,059 Epoch: [17][130/200]	Time 0.008s (0.008s)	Speed 4000.2 samples/s	Data 0.003s (0.003s)	Loss 0.05198 (0.04737)
2023-11-18 13:35:44,140 Epoch: [17][140/200]	Time 0.008s (0.008s)	Speed 4000.1 samples/s	Data 0.003s (0.003s)	Loss 0.04208 (0.04721)
2023-11-18 13:35:44,218 Epoch: [17][150/200]	Time 0.007s (0.008s)	Speed 4571.4 samples/s	Data 0.003s (0.003s)	Loss 0.03796 (0.04720)
2023-11-18 13:35:44,297 Epoch: [17][160/200]	Time 0.008s (0.008s)	Speed 3999.9 samples/s	Data 0.003s (0.003s)	Loss 0.04981 (0.04726)
2023-11-18 13:35:44,374 Epoch: [17][170/200]	Time 0.007s (0.008s)	Speed 4571.6 samples/s	Data 0.003s (0.003s)	Loss 0.04917 (0.04745)
2023-11-18 13:35:44,451 Epoch: [17][180/200]	Time 0.007s (0.008s)	Speed 4571.1 samples/s	Data 0.003s (0.003s)	Loss 0.04626 (0.04738)
2023-11-18 13:35:44,528 Epoch: [17][190/200]	Time 0.007s (0.008s)	Speed 4571.4 samples/s	Data 0.003s (0.003s)	Loss 0.04868 (0.04731)
2023-11-18 13:35:45,917 Test: [0/200]	Time 1.319 (1.319)	Loss 0.2592 (0.2592)
2023-11-18 13:35:45,947 Test: [10/200]	Time 0.003 (0.123)	Loss 0.0622 (0.1886)
2023-11-18 13:35:45,984 Test: [20/200]	Time 0.003 (0.066)	Loss 0.1074 (0.1918)
2023-11-18 13:35:46,015 Test: [30/200]	Time 0.003 (0.046)	Loss 0.2814 (0.1967)
2023-11-18 13:35:46,046 Test: [40/200]	Time 0.003 (0.035)	Loss 0.1613 (0.2049)
2023-11-18 13:35:46,079 Test: [50/200]	Time 0.004 (0.029)	Loss 0.2918 (0.2048)
2023-11-18 13:35:46,113 Test: [60/200]	Time 0.003 (0.025)	Loss 0.2505 (0.2067)
2023-11-18 13:35:46,144 Test: [70/200]	Time 0.003 (0.022)	Loss 0.1836 (0.2071)
2023-11-18 13:35:46,174 Test: [80/200]	Time 0.003 (0.019)	Loss 0.2581 (0.2037)
2023-11-18 13:35:46,205 Test: [90/200]	Time 0.004 (0.018)	Loss 0.2225 (0.2058)
2023-11-18 13:35:46,237 Test: [100/200]	Time 0.003 (0.016)	Loss 0.3202 (0.2058)
2023-11-18 13:35:46,268 Test: [110/200]	Time 0.003 (0.015)	Loss 0.3164 (0.2067)
2023-11-18 13:35:46,301 Test: [120/200]	Time 0.003 (0.014)	Loss 0.2227 (0.2043)
2023-11-18 13:35:46,335 Test: [130/200]	Time 0.003 (0.013)	Loss 0.1918 (0.2058)
2023-11-18 13:35:46,368 Test: [140/200]	Time 0.003 (0.013)	Loss 0.1654 (0.2053)
2023-11-18 13:35:46,398 Test: [150/200]	Time 0.003 (0.012)	Loss 0.2128 (0.2037)
2023-11-18 13:35:46,431 Test: [160/200]	Time 0.004 (0.011)	Loss 0.2074 (0.2037)
2023-11-18 13:35:46,463 Test: [170/200]	Time 0.003 (0.011)	Loss 0.1714 (0.2016)
2023-11-18 13:35:46,498 Test: [180/200]	Time 0.003 (0.010)	Loss 0.1580 (0.2002)
2023-11-18 13:35:46,532 Test: [190/200]	Time 0.004 (0.010)	Loss 0.1544 (0.2010)
2023-11-18 13:35:47,157 Mean IoU score: 0.598
2023-11-18 13:35:47,159 => saving checkpoint to out
2023-11-18 13:35:47,186 Epoch: [18][0/200]	Time 0.011s (0.011s)	Speed 2909.2 samples/s	Data 0.004s (0.004s)	Loss 0.05131 (0.05131)
2023-11-18 13:35:47,292 Epoch: [18][10/200]	Time 0.010s (0.011s)	Speed 3200.2 samples/s	Data 0.003s (0.003s)	Loss 0.03518 (0.04979)
2023-11-18 13:35:47,390 Epoch: [18][20/200]	Time 0.010s (0.010s)	Speed 3200.1 samples/s	Data 0.004s (0.003s)	Loss 0.05775 (0.04958)
2023-11-18 13:35:47,486 Epoch: [18][30/200]	Time 0.009s (0.010s)	Speed 3524.3 samples/s	Data 0.003s (0.003s)	Loss 0.04015 (0.04768)
2023-11-18 13:35:47,569 Epoch: [18][40/200]	Time 0.007s (0.010s)	Speed 4571.4 samples/s	Data 0.003s (0.003s)	Loss 0.05829 (0.04750)
2023-11-18 13:35:47,648 Epoch: [18][50/200]	Time 0.007s (0.009s)	Speed 4571.1 samples/s	Data 0.003s (0.003s)	Loss 0.04532 (0.04661)
2023-11-18 13:35:47,727 Epoch: [18][60/200]	Time 0.007s (0.009s)	Speed 4571.3 samples/s	Data 0.003s (0.003s)	Loss 0.03169 (0.04648)
2023-11-18 13:35:47,805 Epoch: [18][70/200]	Time 0.008s (0.009s)	Speed 4000.3 samples/s	Data 0.003s (0.003s)	Loss 0.04923 (0.04637)
2023-11-18 13:35:47,884 Epoch: [18][80/200]	Time 0.007s (0.009s)	Speed 4571.6 samples/s	Data 0.003s (0.003s)	Loss 0.04760 (0.04609)
2023-11-18 13:35:47,964 Epoch: [18][90/200]	Time 0.008s (0.009s)	Speed 4000.3 samples/s	Data 0.003s (0.003s)	Loss 0.04446 (0.04652)
2023-11-18 13:35:48,042 Epoch: [18][100/200]	Time 0.007s (0.009s)	Speed 4570.8 samples/s	Data 0.003s (0.003s)	Loss 0.05246 (0.04628)
2023-11-18 13:35:48,121 Epoch: [18][110/200]	Time 0.009s (0.009s)	Speed 3554.9 samples/s	Data 0.004s (0.003s)	Loss 0.05683 (0.04640)
2023-11-18 13:35:48,199 Epoch: [18][120/200]	Time 0.008s (0.008s)	Speed 3999.8 samples/s	Data 0.003s (0.003s)	Loss 0.04062 (0.04633)
2023-11-18 13:35:48,276 Epoch: [18][130/200]	Time 0.007s (0.008s)	Speed 4571.4 samples/s	Data 0.003s (0.003s)	Loss 0.05235 (0.04629)
2023-11-18 13:35:48,354 Epoch: [18][140/200]	Time 0.007s (0.008s)	Speed 4571.6 samples/s	Data 0.003s (0.003s)	Loss 0.04036 (0.04632)
2023-11-18 13:35:48,433 Epoch: [18][150/200]	Time 0.007s (0.008s)	Speed 4571.3 samples/s	Data 0.003s (0.003s)	Loss 0.04590 (0.04623)
2023-11-18 13:35:48,515 Epoch: [18][160/200]	Time 0.008s (0.008s)	Speed 3999.8 samples/s	Data 0.003s (0.003s)	Loss 0.03661 (0.04628)
2023-11-18 13:35:48,600 Epoch: [18][170/200]	Time 0.008s (0.008s)	Speed 3999.9 samples/s	Data 0.004s (0.003s)	Loss 0.04454 (0.04606)
2023-11-18 13:35:48,677 Epoch: [18][180/200]	Time 0.007s (0.008s)	Speed 4571.9 samples/s	Data 0.003s (0.003s)	Loss 0.05438 (0.04593)
2023-11-18 13:35:48,756 Epoch: [18][190/200]	Time 0.008s (0.008s)	Speed 4000.3 samples/s	Data 0.003s (0.003s)	Loss 0.04364 (0.04581)
2023-11-18 13:35:50,132 Test: [0/200]	Time 1.304 (1.304)	Loss 0.2906 (0.2906)
2023-11-18 13:35:50,191 Test: [10/200]	Time 0.006 (0.124)	Loss 0.0649 (0.2104)
2023-11-18 13:35:50,237 Test: [20/200]	Time 0.004 (0.067)	Loss 0.1354 (0.2115)
2023-11-18 13:35:50,269 Test: [30/200]	Time 0.003 (0.046)	Loss 0.3290 (0.2181)
2023-11-18 13:35:50,302 Test: [40/200]	Time 0.003 (0.036)	Loss 0.1869 (0.2293)
2023-11-18 13:35:50,332 Test: [50/200]	Time 0.003 (0.029)	Loss 0.3364 (0.2290)
2023-11-18 13:35:50,367 Test: [60/200]	Time 0.003 (0.025)	Loss 0.3075 (0.2331)
2023-11-18 13:35:50,397 Test: [70/200]	Time 0.003 (0.022)	Loss 0.2253 (0.2343)
2023-11-18 13:35:50,428 Test: [80/200]	Time 0.003 (0.020)	Loss 0.3124 (0.2307)
2023-11-18 13:35:50,457 Test: [90/200]	Time 0.002 (0.018)	Loss 0.2468 (0.2347)
2023-11-18 13:35:50,490 Test: [100/200]	Time 0.003 (0.016)	Loss 0.3216 (0.2341)
2023-11-18 13:35:50,521 Test: [110/200]	Time 0.003 (0.015)	Loss 0.3413 (0.2354)
2023-11-18 13:35:50,554 Test: [120/200]	Time 0.003 (0.014)	Loss 0.2356 (0.2327)
2023-11-18 13:35:50,585 Test: [130/200]	Time 0.003 (0.013)	Loss 0.2114 (0.2347)
2023-11-18 13:35:50,619 Test: [140/200]	Time 0.003 (0.013)	Loss 0.2107 (0.2342)
2023-11-18 13:35:50,653 Test: [150/200]	Time 0.003 (0.012)	Loss 0.2221 (0.2322)
2023-11-18 13:35:50,686 Test: [160/200]	Time 0.003 (0.012)	Loss 0.2517 (0.2321)
2023-11-18 13:35:50,717 Test: [170/200]	Time 0.003 (0.011)	Loss 0.1954 (0.2302)
2023-11-18 13:35:50,749 Test: [180/200]	Time 0.003 (0.011)	Loss 0.1402 (0.2279)
2023-11-18 13:35:50,782 Test: [190/200]	Time 0.003 (0.010)	Loss 0.1726 (0.2285)
2023-11-18 13:35:51,425 Mean IoU score: 0.568
2023-11-18 13:35:51,428 => saving checkpoint to out
2023-11-18 13:35:51,453 Epoch: [19][0/200]	Time 0.010s (0.010s)	Speed 3200.3 samples/s	Data 0.003s (0.003s)	Loss 0.05679 (0.05679)
2023-11-18 13:35:51,557 Epoch: [19][10/200]	Time 0.009s (0.010s)	Speed 3555.4 samples/s	Data 0.002s (0.003s)	Loss 0.05103 (0.04619)
2023-11-18 13:35:51,662 Epoch: [19][20/200]	Time 0.010s (0.010s)	Speed 3200.2 samples/s	Data 0.003s (0.003s)	Loss 0.04049 (0.04446)
2023-11-18 13:35:51,752 Epoch: [19][30/200]	Time 0.007s (0.010s)	Speed 4343.2 samples/s	Data 0.003s (0.003s)	Loss 0.04857 (0.04480)
2023-11-18 13:35:51,838 Epoch: [19][40/200]	Time 0.008s (0.010s)	Speed 4000.1 samples/s	Data 0.003s (0.003s)	Loss 0.03718 (0.04463)
2023-11-18 13:35:51,917 Epoch: [19][50/200]	Time 0.008s (0.009s)	Speed 3999.8 samples/s	Data 0.003s (0.003s)	Loss 0.04818 (0.04485)
2023-11-18 13:35:51,997 Epoch: [19][60/200]	Time 0.007s (0.009s)	Speed 4571.4 samples/s	Data 0.003s (0.003s)	Loss 0.04557 (0.04463)
2023-11-18 13:35:52,075 Epoch: [19][70/200]	Time 0.007s (0.009s)	Speed 4571.4 samples/s	Data 0.003s (0.003s)	Loss 0.04300 (0.04448)
2023-11-18 13:35:52,154 Epoch: [19][80/200]	Time 0.008s (0.009s)	Speed 3999.7 samples/s	Data 0.003s (0.003s)	Loss 0.05323 (0.04458)
2023-11-18 13:35:52,234 Epoch: [19][90/200]	Time 0.008s (0.009s)	Speed 4000.3 samples/s	Data 0.003s (0.003s)	Loss 0.05110 (0.04501)
2023-11-18 13:35:52,311 Epoch: [19][100/200]	Time 0.008s (0.009s)	Speed 4000.4 samples/s	Data 0.003s (0.003s)	Loss 0.05120 (0.04500)
2023-11-18 13:35:52,390 Epoch: [19][110/200]	Time 0.009s (0.009s)	Speed 3515.3 samples/s	Data 0.004s (0.003s)	Loss 0.04295 (0.04484)
2023-11-18 13:35:52,466 Epoch: [19][120/200]	Time 0.007s (0.008s)	Speed 4571.1 samples/s	Data 0.003s (0.003s)	Loss 0.04047 (0.04472)
2023-11-18 13:35:52,545 Epoch: [19][130/200]	Time 0.007s (0.008s)	Speed 4571.1 samples/s	Data 0.003s (0.003s)	Loss 0.04653 (0.04471)
2023-11-18 13:35:52,622 Epoch: [19][140/200]	Time 0.008s (0.008s)	Speed 4000.4 samples/s	Data 0.003s (0.003s)	Loss 0.03928 (0.04493)
2023-11-18 13:35:52,700 Epoch: [19][150/200]	Time 0.007s (0.008s)	Speed 4571.4 samples/s	Data 0.003s (0.003s)	Loss 0.04717 (0.04502)
2023-11-18 13:35:52,778 Epoch: [19][160/200]	Time 0.007s (0.008s)	Speed 4571.9 samples/s	Data 0.003s (0.003s)	Loss 0.05549 (0.04517)
2023-11-18 13:35:52,856 Epoch: [19][170/200]	Time 0.007s (0.008s)	Speed 4571.9 samples/s	Data 0.003s (0.003s)	Loss 0.03793 (0.04503)
2023-11-18 13:35:52,934 Epoch: [19][180/200]	Time 0.008s (0.008s)	Speed 3999.9 samples/s	Data 0.004s (0.003s)	Loss 0.04387 (0.04497)
2023-11-18 13:35:53,012 Epoch: [19][190/200]	Time 0.008s (0.008s)	Speed 3999.5 samples/s	Data 0.003s (0.003s)	Loss 0.04938 (0.04507)
2023-11-18 13:35:54,384 Test: [0/200]	Time 1.301 (1.301)	Loss 0.2561 (0.2561)
2023-11-18 13:35:54,415 Test: [10/200]	Time 0.003 (0.121)	Loss 0.0535 (0.1875)
2023-11-18 13:35:54,450 Test: [20/200]	Time 0.003 (0.065)	Loss 0.1160 (0.1899)
2023-11-18 13:35:54,483 Test: [30/200]	Time 0.003 (0.045)	Loss 0.3057 (0.1967)
2023-11-18 13:35:54,519 Test: [40/200]	Time 0.003 (0.035)	Loss 0.1591 (0.2041)
2023-11-18 13:35:54,554 Test: [50/200]	Time 0.003 (0.029)	Loss 0.2648 (0.2026)
2023-11-18 13:35:54,590 Test: [60/200]	Time 0.004 (0.025)	Loss 0.2825 (0.2068)
2023-11-18 13:35:54,626 Test: [70/200]	Time 0.003 (0.022)	Loss 0.1965 (0.2067)
2023-11-18 13:35:54,659 Test: [80/200]	Time 0.003 (0.019)	Loss 0.2585 (0.2040)
2023-11-18 13:35:54,692 Test: [90/200]	Time 0.003 (0.018)	Loss 0.2205 (0.2067)
2023-11-18 13:35:54,727 Test: [100/200]	Time 0.003 (0.016)	Loss 0.3391 (0.2070)
2023-11-18 13:35:54,761 Test: [110/200]	Time 0.003 (0.015)	Loss 0.2983 (0.2080)
2023-11-18 13:35:54,797 Test: [120/200]	Time 0.004 (0.014)	Loss 0.2068 (0.2049)
2023-11-18 13:35:54,830 Test: [130/200]	Time 0.003 (0.013)	Loss 0.1870 (0.2068)
2023-11-18 13:35:54,862 Test: [140/200]	Time 0.003 (0.013)	Loss 0.1891 (0.2065)
2023-11-18 13:35:54,895 Test: [150/200]	Time 0.004 (0.012)	Loss 0.1986 (0.2047)
2023-11-18 13:35:54,931 Test: [160/200]	Time 0.004 (0.011)	Loss 0.2385 (0.2049)
2023-11-18 13:35:54,967 Test: [170/200]	Time 0.004 (0.011)	Loss 0.1721 (0.2027)
2023-11-18 13:35:55,001 Test: [180/200]	Time 0.003 (0.011)	Loss 0.1568 (0.2010)
2023-11-18 13:35:55,035 Test: [190/200]	Time 0.003 (0.010)	Loss 0.1522 (0.2013)
2023-11-18 13:35:55,674 Mean IoU score: 0.592
2023-11-18 13:35:55,677 => saving checkpoint to out
2023-11-18 13:35:55,692 saving final model state to out\final_state.pth.tar
