2023-11-18 13:19:48,028 Namespace(out_dir='out', frequent=10, eval_interval=1, gpu=False, num_workers=0)
2023-11-18 13:19:48,255 => load 200 samples
2023-11-18 13:19:48,256 => load 200 samples
2023-11-18 13:19:48,510 Epoch: [0][0/200]	Time 0.253s (0.253s)	Speed 126.6 samples/s	Data 0.120s (0.120s)	Loss 2.54371 (2.54371)
2023-11-18 13:19:49,355 Epoch: [0][10/200]	Time 0.083s (0.100s)	Speed 387.2 samples/s	Data 0.007s (0.017s)	Loss 2.02649 (2.23173)
2023-11-18 13:19:50,194 Epoch: [0][20/200]	Time 0.082s (0.092s)	Speed 390.5 samples/s	Data 0.007s (0.012s)	Loss 1.77799 (2.06291)
2023-11-18 13:19:51,030 Epoch: [0][30/200]	Time 0.083s (0.089s)	Speed 383.4 samples/s	Data 0.007s (0.010s)	Loss 1.54020 (1.92637)
2023-11-18 13:19:51,874 Epoch: [0][40/200]	Time 0.085s (0.088s)	Speed 377.5 samples/s	Data 0.006s (0.009s)	Loss 1.33907 (1.80579)
2023-11-18 13:19:52,712 Epoch: [0][50/200]	Time 0.083s (0.087s)	Speed 384.0 samples/s	Data 0.007s (0.009s)	Loss 1.15626 (1.69645)
2023-11-18 13:19:53,557 Epoch: [0][60/200]	Time 0.085s (0.087s)	Speed 377.2 samples/s	Data 0.007s (0.008s)	Loss 1.00779 (1.59445)
2023-11-18 13:19:54,395 Epoch: [0][70/200]	Time 0.086s (0.086s)	Speed 373.3 samples/s	Data 0.007s (0.008s)	Loss 0.85200 (1.50195)
2023-11-18 13:19:55,243 Epoch: [0][80/200]	Time 0.081s (0.086s)	Speed 393.4 samples/s	Data 0.006s (0.008s)	Loss 0.76914 (1.41629)
2023-11-18 13:19:56,084 Epoch: [0][90/200]	Time 0.085s (0.086s)	Speed 378.2 samples/s	Data 0.007s (0.008s)	Loss 0.68656 (1.33904)
2023-11-18 13:19:56,927 Epoch: [0][100/200]	Time 0.083s (0.086s)	Speed 384.0 samples/s	Data 0.007s (0.008s)	Loss 0.58244 (1.26834)
2023-11-18 13:19:57,770 Epoch: [0][110/200]	Time 0.084s (0.086s)	Speed 381.5 samples/s	Data 0.007s (0.008s)	Loss 0.50488 (1.20308)
2023-11-18 13:19:58,608 Epoch: [0][120/200]	Time 0.084s (0.086s)	Speed 379.6 samples/s	Data 0.008s (0.007s)	Loss 0.43732 (1.14337)
2023-11-18 13:19:59,442 Epoch: [0][130/200]	Time 0.082s (0.085s)	Speed 388.3 samples/s	Data 0.007s (0.007s)	Loss 0.42690 (1.08830)
2023-11-18 13:20:00,291 Epoch: [0][140/200]	Time 0.083s (0.085s)	Speed 385.4 samples/s	Data 0.006s (0.007s)	Loss 0.37978 (1.03929)
2023-11-18 13:20:01,128 Epoch: [0][150/200]	Time 0.084s (0.085s)	Speed 381.6 samples/s	Data 0.006s (0.007s)	Loss 0.36369 (0.99399)
2023-11-18 13:20:01,967 Epoch: [0][160/200]	Time 0.083s (0.085s)	Speed 384.3 samples/s	Data 0.007s (0.007s)	Loss 0.34073 (0.95321)
2023-11-18 13:20:02,803 Epoch: [0][170/200]	Time 0.082s (0.085s)	Speed 388.3 samples/s	Data 0.007s (0.007s)	Loss 0.32827 (0.91616)
2023-11-18 13:20:03,644 Epoch: [0][180/200]	Time 0.083s (0.085s)	Speed 385.0 samples/s	Data 0.006s (0.007s)	Loss 0.30165 (0.88260)
2023-11-18 13:20:04,479 Epoch: [0][190/200]	Time 0.083s (0.085s)	Speed 384.4 samples/s	Data 0.006s (0.007s)	Loss 0.26636 (0.85097)
2023-11-18 13:20:06,620 Test: [0/200]	Time 1.375 (1.375)	Loss 0.6748 (0.6748)
2023-11-18 13:20:06,722 Test: [10/200]	Time 0.011 (0.134)	Loss 0.2210 (0.5650)
2023-11-18 13:20:06,822 Test: [20/200]	Time 0.010 (0.075)	Loss 0.4076 (0.5820)
2023-11-18 13:20:06,922 Test: [30/200]	Time 0.009 (0.054)	Loss 0.8177 (0.5934)
2023-11-18 13:20:07,024 Test: [40/200]	Time 0.010 (0.043)	Loss 0.5948 (0.6209)
2023-11-18 13:20:07,124 Test: [50/200]	Time 0.010 (0.037)	Loss 0.7388 (0.6268)
2023-11-18 13:20:07,224 Test: [60/200]	Time 0.010 (0.032)	Loss 0.7177 (0.6259)
2023-11-18 13:20:07,325 Test: [70/200]	Time 0.010 (0.029)	Loss 0.6452 (0.6276)
2023-11-18 13:20:07,426 Test: [80/200]	Time 0.010 (0.027)	Loss 0.8450 (0.6198)
2023-11-18 13:20:07,526 Test: [90/200]	Time 0.011 (0.025)	Loss 0.7656 (0.6272)
2023-11-18 13:20:07,627 Test: [100/200]	Time 0.010 (0.024)	Loss 0.7909 (0.6248)
2023-11-18 13:20:07,727 Test: [110/200]	Time 0.010 (0.022)	Loss 0.7831 (0.6261)
2023-11-18 13:20:07,828 Test: [120/200]	Time 0.010 (0.021)	Loss 0.7410 (0.6206)
2023-11-18 13:20:07,929 Test: [130/200]	Time 0.010 (0.020)	Loss 0.5784 (0.6273)
2023-11-18 13:20:08,030 Test: [140/200]	Time 0.010 (0.020)	Loss 0.6322 (0.6257)
2023-11-18 13:20:08,131 Test: [150/200]	Time 0.010 (0.019)	Loss 0.6552 (0.6239)
2023-11-18 13:20:08,230 Test: [160/200]	Time 0.010 (0.019)	Loss 0.6065 (0.6233)
2023-11-18 13:20:08,331 Test: [170/200]	Time 0.010 (0.018)	Loss 0.5105 (0.6195)
2023-11-18 13:20:08,432 Test: [180/200]	Time 0.010 (0.018)	Loss 0.4522 (0.6151)
2023-11-18 13:20:08,532 Test: [190/200]	Time 0.010 (0.017)	Loss 0.4915 (0.6171)
2023-11-18 13:20:09,217 Mean IoU score: 0.110
2023-11-18 13:20:09,220 => saving checkpoint to out
2023-11-18 13:20:09,330 Epoch: [1][0/200]	Time 0.090s (0.090s)	Speed 356.9 samples/s	Data 0.004s (0.004s)	Loss 0.26063 (0.26063)
2023-11-18 13:20:10,152 Epoch: [1][10/200]	Time 0.083s (0.083s)	Speed 385.5 samples/s	Data 0.004s (0.003s)	Loss 0.26316 (0.27405)
2023-11-18 13:20:10,963 Epoch: [1][20/200]	Time 0.081s (0.082s)	Speed 396.1 samples/s	Data 0.002s (0.003s)	Loss 0.32735 (0.26854)
2023-11-18 13:20:11,775 Epoch: [1][30/200]	Time 0.080s (0.082s)	Speed 398.9 samples/s	Data 0.003s (0.003s)	Loss 0.20858 (0.26423)
2023-11-18 13:20:12,579 Epoch: [1][40/200]	Time 0.081s (0.081s)	Speed 397.1 samples/s	Data 0.003s (0.003s)	Loss 0.23151 (0.25756)
2023-11-18 13:20:13,385 Epoch: [1][50/200]	Time 0.080s (0.081s)	Speed 401.6 samples/s	Data 0.003s (0.003s)	Loss 0.20265 (0.25246)
2023-11-18 13:20:14,195 Epoch: [1][60/200]	Time 0.081s (0.081s)	Speed 395.3 samples/s	Data 0.003s (0.003s)	Loss 0.22322 (0.24811)
2023-11-18 13:20:15,005 Epoch: [1][70/200]	Time 0.083s (0.081s)	Speed 385.5 samples/s	Data 0.003s (0.003s)	Loss 0.21286 (0.24353)
2023-11-18 13:20:15,840 Epoch: [1][80/200]	Time 0.082s (0.081s)	Speed 391.9 samples/s	Data 0.002s (0.003s)	Loss 0.16832 (0.23799)
2023-11-18 13:20:16,687 Epoch: [1][90/200]	Time 0.084s (0.082s)	Speed 379.2 samples/s	Data 0.003s (0.003s)	Loss 0.19467 (0.23325)
2023-11-18 13:20:17,536 Epoch: [1][100/200]	Time 0.084s (0.082s)	Speed 380.3 samples/s	Data 0.003s (0.003s)	Loss 0.19178 (0.23114)
2023-11-18 13:20:18,386 Epoch: [1][110/200]	Time 0.084s (0.082s)	Speed 382.0 samples/s	Data 0.003s (0.003s)	Loss 0.18775 (0.22806)
2023-11-18 13:20:19,240 Epoch: [1][120/200]	Time 0.084s (0.083s)	Speed 379.8 samples/s	Data 0.002s (0.003s)	Loss 0.17170 (0.22447)
2023-11-18 13:20:20,048 Epoch: [1][130/200]	Time 0.080s (0.083s)	Speed 401.8 samples/s	Data 0.002s (0.003s)	Loss 0.17290 (0.22102)
2023-11-18 13:20:20,872 Epoch: [1][140/200]	Time 0.082s (0.082s)	Speed 390.2 samples/s	Data 0.002s (0.003s)	Loss 0.21539 (0.21808)
2023-11-18 13:20:21,707 Epoch: [1][150/200]	Time 0.080s (0.083s)	Speed 397.9 samples/s	Data 0.002s (0.003s)	Loss 0.15808 (0.21519)
2023-11-18 13:20:22,511 Epoch: [1][160/200]	Time 0.080s (0.082s)	Speed 399.5 samples/s	Data 0.003s (0.003s)	Loss 0.17611 (0.21273)
2023-11-18 13:20:23,321 Epoch: [1][170/200]	Time 0.081s (0.082s)	Speed 396.5 samples/s	Data 0.003s (0.003s)	Loss 0.16576 (0.21056)
2023-11-18 13:20:24,134 Epoch: [1][180/200]	Time 0.080s (0.082s)	Speed 399.3 samples/s	Data 0.003s (0.003s)	Loss 0.18397 (0.20865)
2023-11-18 13:20:24,941 Epoch: [1][190/200]	Time 0.082s (0.082s)	Speed 388.1 samples/s	Data 0.003s (0.003s)	Loss 0.17676 (0.20697)
2023-11-18 13:20:26,985 Test: [0/200]	Time 1.308 (1.308)	Loss 0.4455 (0.4455)
2023-11-18 13:20:27,087 Test: [10/200]	Time 0.011 (0.128)	Loss 0.1253 (0.3600)
2023-11-18 13:20:27,187 Test: [20/200]	Time 0.010 (0.072)	Loss 0.2637 (0.3703)
2023-11-18 13:20:27,287 Test: [30/200]	Time 0.010 (0.052)	Loss 0.5603 (0.3792)
2023-11-18 13:20:27,387 Test: [40/200]	Time 0.010 (0.042)	Loss 0.3654 (0.3967)
2023-11-18 13:20:27,488 Test: [50/200]	Time 0.011 (0.036)	Loss 0.5162 (0.3985)
2023-11-18 13:20:27,589 Test: [60/200]	Time 0.010 (0.031)	Loss 0.4473 (0.3999)
2023-11-18 13:20:27,690 Test: [70/200]	Time 0.010 (0.028)	Loss 0.3938 (0.3995)
2023-11-18 13:20:27,789 Test: [80/200]	Time 0.010 (0.026)	Loss 0.4959 (0.3935)
2023-11-18 13:20:27,888 Test: [90/200]	Time 0.010 (0.024)	Loss 0.5246 (0.3967)
2023-11-18 13:20:27,988 Test: [100/200]	Time 0.010 (0.023)	Loss 0.5477 (0.3966)
2023-11-18 13:20:28,089 Test: [110/200]	Time 0.010 (0.022)	Loss 0.4875 (0.3976)
2023-11-18 13:20:28,190 Test: [120/200]	Time 0.010 (0.021)	Loss 0.4701 (0.3936)
2023-11-18 13:20:28,290 Test: [130/200]	Time 0.010 (0.020)	Loss 0.3616 (0.3976)
2023-11-18 13:20:28,389 Test: [140/200]	Time 0.010 (0.019)	Loss 0.3767 (0.3965)
2023-11-18 13:20:28,488 Test: [150/200]	Time 0.010 (0.019)	Loss 0.4323 (0.3941)
2023-11-18 13:20:28,590 Test: [160/200]	Time 0.010 (0.018)	Loss 0.4235 (0.3934)
2023-11-18 13:20:28,695 Test: [170/200]	Time 0.011 (0.018)	Loss 0.3084 (0.3907)
2023-11-18 13:20:28,807 Test: [180/200]	Time 0.010 (0.017)	Loss 0.2937 (0.3881)
2023-11-18 13:20:28,915 Test: [190/200]	Time 0.011 (0.017)	Loss 0.3109 (0.3894)
2023-11-18 13:20:29,626 Mean IoU score: 0.225
2023-11-18 13:20:29,628 => saving checkpoint to out
2023-11-18 13:20:29,726 Epoch: [2][0/200]	Time 0.087s (0.087s)	Speed 366.6 samples/s	Data 0.003s (0.003s)	Loss 0.15206 (0.15206)
2023-11-18 13:20:30,531 Epoch: [2][10/200]	Time 0.080s (0.081s)	Speed 399.2 samples/s	Data 0.002s (0.003s)	Loss 0.17790 (0.16995)
2023-11-18 13:20:31,334 Epoch: [2][20/200]	Time 0.080s (0.081s)	Speed 401.7 samples/s	Data 0.003s (0.003s)	Loss 0.17716 (0.16496)
